[2024-07-26T07:14:21.547+0000] {processor.py:161} INFO - Started process (PID=34) to work on /opt/airflow/dags/webscrape_dag.py
[2024-07-26T07:14:21.547+0000] {processor.py:830} INFO - Processing file /opt/airflow/dags/webscrape_dag.py for tasks to queue
[2024-07-26T07:14:21.550+0000] {logging_mixin.py:188} INFO - [2024-07-26T07:14:21.550+0000] {dagbag.py:540} INFO - Filling up the DagBag from /opt/airflow/dags/webscrape_dag.py
[2024-07-26T07:14:21.579+0000] {processor.py:840} INFO - DAG(s) 'Webscraping' retrieved from /opt/airflow/dags/webscrape_dag.py
[2024-07-26T07:14:21.862+0000] {logging_mixin.py:188} INFO - [2024-07-26T07:14:21.861+0000] {dag.py:3047} INFO - Sync 1 DAGs
[2024-07-26T07:14:21.877+0000] {logging_mixin.py:188} INFO - [2024-07-26T07:14:21.877+0000] {dag.py:3834} INFO - Setting next_dagrun for Webscraping to None, run_after=None
[2024-07-26T07:14:21.903+0000] {processor.py:183} INFO - Processing /opt/airflow/dags/webscrape_dag.py took 0.359 seconds
[2024-07-26T07:14:52.044+0000] {processor.py:161} INFO - Started process (PID=40) to work on /opt/airflow/dags/webscrape_dag.py
[2024-07-26T07:14:52.044+0000] {processor.py:830} INFO - Processing file /opt/airflow/dags/webscrape_dag.py for tasks to queue
[2024-07-26T07:14:52.046+0000] {logging_mixin.py:188} INFO - [2024-07-26T07:14:52.045+0000] {dagbag.py:540} INFO - Filling up the DagBag from /opt/airflow/dags/webscrape_dag.py
[2024-07-26T07:14:52.058+0000] {processor.py:840} INFO - DAG(s) 'Webscraping' retrieved from /opt/airflow/dags/webscrape_dag.py
[2024-07-26T07:14:52.088+0000] {logging_mixin.py:188} INFO - [2024-07-26T07:14:52.087+0000] {dag.py:3047} INFO - Sync 1 DAGs
[2024-07-26T07:14:52.098+0000] {logging_mixin.py:188} INFO - [2024-07-26T07:14:52.098+0000] {dag.py:3834} INFO - Setting next_dagrun for Webscraping to None, run_after=None
[2024-07-26T07:14:52.126+0000] {processor.py:183} INFO - Processing /opt/airflow/dags/webscrape_dag.py took 0.085 seconds
[2024-07-26T07:15:22.197+0000] {processor.py:161} INFO - Started process (PID=47) to work on /opt/airflow/dags/webscrape_dag.py
[2024-07-26T07:15:22.199+0000] {processor.py:830} INFO - Processing file /opt/airflow/dags/webscrape_dag.py for tasks to queue
[2024-07-26T07:15:22.201+0000] {logging_mixin.py:188} INFO - [2024-07-26T07:15:22.200+0000] {dagbag.py:540} INFO - Filling up the DagBag from /opt/airflow/dags/webscrape_dag.py
[2024-07-26T07:15:22.211+0000] {processor.py:840} INFO - DAG(s) 'Webscraping' retrieved from /opt/airflow/dags/webscrape_dag.py
[2024-07-26T07:15:22.246+0000] {logging_mixin.py:188} INFO - [2024-07-26T07:15:22.246+0000] {dag.py:3047} INFO - Sync 1 DAGs
[2024-07-26T07:15:22.255+0000] {logging_mixin.py:188} INFO - [2024-07-26T07:15:22.255+0000] {dag.py:3834} INFO - Setting next_dagrun for Webscraping to None, run_after=None
[2024-07-26T07:15:22.280+0000] {processor.py:183} INFO - Processing /opt/airflow/dags/webscrape_dag.py took 0.085 seconds
[2024-07-26T07:15:52.427+0000] {processor.py:161} INFO - Started process (PID=54) to work on /opt/airflow/dags/webscrape_dag.py
[2024-07-26T07:15:52.427+0000] {processor.py:830} INFO - Processing file /opt/airflow/dags/webscrape_dag.py for tasks to queue
[2024-07-26T07:15:52.428+0000] {logging_mixin.py:188} INFO - [2024-07-26T07:15:52.428+0000] {dagbag.py:540} INFO - Filling up the DagBag from /opt/airflow/dags/webscrape_dag.py
[2024-07-26T07:15:52.439+0000] {processor.py:840} INFO - DAG(s) 'Webscraping' retrieved from /opt/airflow/dags/webscrape_dag.py
[2024-07-26T07:15:52.470+0000] {logging_mixin.py:188} INFO - [2024-07-26T07:15:52.470+0000] {dag.py:3047} INFO - Sync 1 DAGs
[2024-07-26T07:15:52.481+0000] {logging_mixin.py:188} INFO - [2024-07-26T07:15:52.480+0000] {dag.py:3834} INFO - Setting next_dagrun for Webscraping to None, run_after=None
[2024-07-26T07:15:52.509+0000] {processor.py:183} INFO - Processing /opt/airflow/dags/webscrape_dag.py took 0.084 seconds
[2024-07-26T07:16:22.584+0000] {processor.py:161} INFO - Started process (PID=61) to work on /opt/airflow/dags/webscrape_dag.py
[2024-07-26T07:16:22.585+0000] {processor.py:830} INFO - Processing file /opt/airflow/dags/webscrape_dag.py for tasks to queue
[2024-07-26T07:16:22.586+0000] {logging_mixin.py:188} INFO - [2024-07-26T07:16:22.586+0000] {dagbag.py:540} INFO - Filling up the DagBag from /opt/airflow/dags/webscrape_dag.py
[2024-07-26T07:16:22.596+0000] {processor.py:840} INFO - DAG(s) 'Webscraping' retrieved from /opt/airflow/dags/webscrape_dag.py
[2024-07-26T07:16:22.631+0000] {logging_mixin.py:188} INFO - [2024-07-26T07:16:22.631+0000] {dag.py:3047} INFO - Sync 1 DAGs
[2024-07-26T07:16:22.645+0000] {logging_mixin.py:188} INFO - [2024-07-26T07:16:22.644+0000] {dag.py:3834} INFO - Setting next_dagrun for Webscraping to None, run_after=None
[2024-07-26T07:16:22.664+0000] {processor.py:183} INFO - Processing /opt/airflow/dags/webscrape_dag.py took 0.083 seconds
[2024-07-26T07:16:52.819+0000] {processor.py:161} INFO - Started process (PID=68) to work on /opt/airflow/dags/webscrape_dag.py
[2024-07-26T07:16:52.820+0000] {processor.py:830} INFO - Processing file /opt/airflow/dags/webscrape_dag.py for tasks to queue
[2024-07-26T07:16:52.822+0000] {logging_mixin.py:188} INFO - [2024-07-26T07:16:52.822+0000] {dagbag.py:540} INFO - Filling up the DagBag from /opt/airflow/dags/webscrape_dag.py
[2024-07-26T07:16:52.833+0000] {processor.py:840} INFO - DAG(s) 'Webscraping' retrieved from /opt/airflow/dags/webscrape_dag.py
[2024-07-26T07:16:52.868+0000] {logging_mixin.py:188} INFO - [2024-07-26T07:16:52.868+0000] {dag.py:3047} INFO - Sync 1 DAGs
[2024-07-26T07:16:52.879+0000] {logging_mixin.py:188} INFO - [2024-07-26T07:16:52.878+0000] {dag.py:3834} INFO - Setting next_dagrun for Webscraping to None, run_after=None
[2024-07-26T07:16:52.903+0000] {processor.py:183} INFO - Processing /opt/airflow/dags/webscrape_dag.py took 0.086 seconds
[2024-07-26T07:17:22.985+0000] {processor.py:161} INFO - Started process (PID=75) to work on /opt/airflow/dags/webscrape_dag.py
[2024-07-26T07:17:22.988+0000] {processor.py:830} INFO - Processing file /opt/airflow/dags/webscrape_dag.py for tasks to queue
[2024-07-26T07:17:22.990+0000] {logging_mixin.py:188} INFO - [2024-07-26T07:17:22.990+0000] {dagbag.py:540} INFO - Filling up the DagBag from /opt/airflow/dags/webscrape_dag.py
[2024-07-26T07:17:23.000+0000] {processor.py:840} INFO - DAG(s) 'Webscraping' retrieved from /opt/airflow/dags/webscrape_dag.py
[2024-07-26T07:17:23.028+0000] {logging_mixin.py:188} INFO - [2024-07-26T07:17:23.028+0000] {dag.py:3047} INFO - Sync 1 DAGs
[2024-07-26T07:17:23.039+0000] {logging_mixin.py:188} INFO - [2024-07-26T07:17:23.039+0000] {dag.py:3834} INFO - Setting next_dagrun for Webscraping to None, run_after=None
[2024-07-26T07:17:23.063+0000] {processor.py:183} INFO - Processing /opt/airflow/dags/webscrape_dag.py took 0.080 seconds
[2024-07-26T07:17:53.203+0000] {processor.py:161} INFO - Started process (PID=81) to work on /opt/airflow/dags/webscrape_dag.py
[2024-07-26T07:17:53.204+0000] {processor.py:830} INFO - Processing file /opt/airflow/dags/webscrape_dag.py for tasks to queue
[2024-07-26T07:17:53.205+0000] {logging_mixin.py:188} INFO - [2024-07-26T07:17:53.205+0000] {dagbag.py:540} INFO - Filling up the DagBag from /opt/airflow/dags/webscrape_dag.py
[2024-07-26T07:17:53.215+0000] {processor.py:840} INFO - DAG(s) 'Webscraping' retrieved from /opt/airflow/dags/webscrape_dag.py
[2024-07-26T07:17:53.245+0000] {logging_mixin.py:188} INFO - [2024-07-26T07:17:53.245+0000] {dag.py:3047} INFO - Sync 1 DAGs
[2024-07-26T07:17:53.258+0000] {logging_mixin.py:188} INFO - [2024-07-26T07:17:53.258+0000] {dag.py:3834} INFO - Setting next_dagrun for Webscraping to None, run_after=None
[2024-07-26T07:17:53.279+0000] {processor.py:183} INFO - Processing /opt/airflow/dags/webscrape_dag.py took 0.078 seconds
[2024-07-26T07:18:23.380+0000] {processor.py:161} INFO - Started process (PID=87) to work on /opt/airflow/dags/webscrape_dag.py
[2024-07-26T07:18:23.382+0000] {processor.py:830} INFO - Processing file /opt/airflow/dags/webscrape_dag.py for tasks to queue
[2024-07-26T07:18:23.383+0000] {logging_mixin.py:188} INFO - [2024-07-26T07:18:23.383+0000] {dagbag.py:540} INFO - Filling up the DagBag from /opt/airflow/dags/webscrape_dag.py
[2024-07-26T07:18:23.392+0000] {processor.py:840} INFO - DAG(s) 'Webscraping' retrieved from /opt/airflow/dags/webscrape_dag.py
[2024-07-26T07:18:23.428+0000] {logging_mixin.py:188} INFO - [2024-07-26T07:18:23.427+0000] {dag.py:3047} INFO - Sync 1 DAGs
[2024-07-26T07:18:23.440+0000] {logging_mixin.py:188} INFO - [2024-07-26T07:18:23.440+0000] {dag.py:3834} INFO - Setting next_dagrun for Webscraping to None, run_after=None
[2024-07-26T07:18:23.458+0000] {processor.py:183} INFO - Processing /opt/airflow/dags/webscrape_dag.py took 0.082 seconds
[2024-07-26T07:18:53.588+0000] {processor.py:161} INFO - Started process (PID=94) to work on /opt/airflow/dags/webscrape_dag.py
[2024-07-26T07:18:53.589+0000] {processor.py:830} INFO - Processing file /opt/airflow/dags/webscrape_dag.py for tasks to queue
[2024-07-26T07:18:53.590+0000] {logging_mixin.py:188} INFO - [2024-07-26T07:18:53.590+0000] {dagbag.py:540} INFO - Filling up the DagBag from /opt/airflow/dags/webscrape_dag.py
[2024-07-26T07:18:53.598+0000] {processor.py:840} INFO - DAG(s) 'Webscraping' retrieved from /opt/airflow/dags/webscrape_dag.py
[2024-07-26T07:18:53.630+0000] {logging_mixin.py:188} INFO - [2024-07-26T07:18:53.630+0000] {dag.py:3047} INFO - Sync 1 DAGs
[2024-07-26T07:18:53.642+0000] {logging_mixin.py:188} INFO - [2024-07-26T07:18:53.641+0000] {dag.py:3834} INFO - Setting next_dagrun for Webscraping to None, run_after=None
[2024-07-26T07:18:53.664+0000] {processor.py:183} INFO - Processing /opt/airflow/dags/webscrape_dag.py took 0.077 seconds
[2024-07-26T07:19:23.788+0000] {processor.py:161} INFO - Started process (PID=101) to work on /opt/airflow/dags/webscrape_dag.py
[2024-07-26T07:19:23.790+0000] {processor.py:830} INFO - Processing file /opt/airflow/dags/webscrape_dag.py for tasks to queue
[2024-07-26T07:19:23.791+0000] {logging_mixin.py:188} INFO - [2024-07-26T07:19:23.791+0000] {dagbag.py:540} INFO - Filling up the DagBag from /opt/airflow/dags/webscrape_dag.py
[2024-07-26T07:19:23.801+0000] {processor.py:840} INFO - DAG(s) 'Webscraping' retrieved from /opt/airflow/dags/webscrape_dag.py
[2024-07-26T07:19:23.830+0000] {logging_mixin.py:188} INFO - [2024-07-26T07:19:23.830+0000] {dag.py:3047} INFO - Sync 1 DAGs
[2024-07-26T07:19:23.844+0000] {logging_mixin.py:188} INFO - [2024-07-26T07:19:23.844+0000] {dag.py:3834} INFO - Setting next_dagrun for Webscraping to None, run_after=None
[2024-07-26T07:19:23.866+0000] {processor.py:183} INFO - Processing /opt/airflow/dags/webscrape_dag.py took 0.082 seconds
[2024-07-26T07:19:53.960+0000] {processor.py:161} INFO - Started process (PID=108) to work on /opt/airflow/dags/webscrape_dag.py
[2024-07-26T07:19:53.961+0000] {processor.py:830} INFO - Processing file /opt/airflow/dags/webscrape_dag.py for tasks to queue
[2024-07-26T07:19:53.962+0000] {logging_mixin.py:188} INFO - [2024-07-26T07:19:53.962+0000] {dagbag.py:540} INFO - Filling up the DagBag from /opt/airflow/dags/webscrape_dag.py
[2024-07-26T07:19:53.972+0000] {processor.py:840} INFO - DAG(s) 'Webscraping' retrieved from /opt/airflow/dags/webscrape_dag.py
[2024-07-26T07:19:54.001+0000] {logging_mixin.py:188} INFO - [2024-07-26T07:19:54.001+0000] {dag.py:3047} INFO - Sync 1 DAGs
[2024-07-26T07:19:54.012+0000] {logging_mixin.py:188} INFO - [2024-07-26T07:19:54.012+0000] {dag.py:3834} INFO - Setting next_dagrun for Webscraping to None, run_after=None
[2024-07-26T07:19:54.035+0000] {processor.py:183} INFO - Processing /opt/airflow/dags/webscrape_dag.py took 0.077 seconds
[2024-07-26T07:20:24.162+0000] {processor.py:161} INFO - Started process (PID=114) to work on /opt/airflow/dags/webscrape_dag.py
[2024-07-26T07:20:24.163+0000] {processor.py:830} INFO - Processing file /opt/airflow/dags/webscrape_dag.py for tasks to queue
[2024-07-26T07:20:24.164+0000] {logging_mixin.py:188} INFO - [2024-07-26T07:20:24.164+0000] {dagbag.py:540} INFO - Filling up the DagBag from /opt/airflow/dags/webscrape_dag.py
[2024-07-26T07:20:24.174+0000] {processor.py:840} INFO - DAG(s) 'Webscraping' retrieved from /opt/airflow/dags/webscrape_dag.py
[2024-07-26T07:20:24.207+0000] {logging_mixin.py:188} INFO - [2024-07-26T07:20:24.206+0000] {dag.py:3047} INFO - Sync 1 DAGs
[2024-07-26T07:20:24.218+0000] {logging_mixin.py:188} INFO - [2024-07-26T07:20:24.218+0000] {dag.py:3834} INFO - Setting next_dagrun for Webscraping to None, run_after=None
[2024-07-26T07:20:24.243+0000] {processor.py:183} INFO - Processing /opt/airflow/dags/webscrape_dag.py took 0.084 seconds
[2024-07-26T07:20:54.332+0000] {processor.py:161} INFO - Started process (PID=121) to work on /opt/airflow/dags/webscrape_dag.py
[2024-07-26T07:20:54.333+0000] {processor.py:830} INFO - Processing file /opt/airflow/dags/webscrape_dag.py for tasks to queue
[2024-07-26T07:20:54.334+0000] {logging_mixin.py:188} INFO - [2024-07-26T07:20:54.334+0000] {dagbag.py:540} INFO - Filling up the DagBag from /opt/airflow/dags/webscrape_dag.py
[2024-07-26T07:20:54.347+0000] {processor.py:840} INFO - DAG(s) 'Webscraping' retrieved from /opt/airflow/dags/webscrape_dag.py
[2024-07-26T07:20:54.378+0000] {logging_mixin.py:188} INFO - [2024-07-26T07:20:54.378+0000] {dag.py:3047} INFO - Sync 1 DAGs
[2024-07-26T07:20:54.391+0000] {logging_mixin.py:188} INFO - [2024-07-26T07:20:54.391+0000] {dag.py:3834} INFO - Setting next_dagrun for Webscraping to None, run_after=None
[2024-07-26T07:20:54.414+0000] {processor.py:183} INFO - Processing /opt/airflow/dags/webscrape_dag.py took 0.084 seconds
[2024-07-26T07:21:24.544+0000] {processor.py:161} INFO - Started process (PID=128) to work on /opt/airflow/dags/webscrape_dag.py
[2024-07-26T07:21:24.545+0000] {processor.py:830} INFO - Processing file /opt/airflow/dags/webscrape_dag.py for tasks to queue
[2024-07-26T07:21:24.547+0000] {logging_mixin.py:188} INFO - [2024-07-26T07:21:24.546+0000] {dagbag.py:540} INFO - Filling up the DagBag from /opt/airflow/dags/webscrape_dag.py
[2024-07-26T07:21:24.557+0000] {processor.py:840} INFO - DAG(s) 'Webscraping' retrieved from /opt/airflow/dags/webscrape_dag.py
[2024-07-26T07:21:24.590+0000] {logging_mixin.py:188} INFO - [2024-07-26T07:21:24.590+0000] {dag.py:3047} INFO - Sync 1 DAGs
[2024-07-26T07:21:24.601+0000] {logging_mixin.py:188} INFO - [2024-07-26T07:21:24.601+0000] {dag.py:3834} INFO - Setting next_dagrun for Webscraping to None, run_after=None
[2024-07-26T07:21:24.624+0000] {processor.py:183} INFO - Processing /opt/airflow/dags/webscrape_dag.py took 0.083 seconds
[2024-07-26T07:21:54.705+0000] {processor.py:161} INFO - Started process (PID=134) to work on /opt/airflow/dags/webscrape_dag.py
[2024-07-26T07:21:54.705+0000] {processor.py:830} INFO - Processing file /opt/airflow/dags/webscrape_dag.py for tasks to queue
[2024-07-26T07:21:54.708+0000] {logging_mixin.py:188} INFO - [2024-07-26T07:21:54.708+0000] {dagbag.py:540} INFO - Filling up the DagBag from /opt/airflow/dags/webscrape_dag.py
[2024-07-26T07:21:54.719+0000] {processor.py:840} INFO - DAG(s) 'Webscraping' retrieved from /opt/airflow/dags/webscrape_dag.py
[2024-07-26T07:21:54.747+0000] {logging_mixin.py:188} INFO - [2024-07-26T07:21:54.747+0000] {dag.py:3047} INFO - Sync 1 DAGs
[2024-07-26T07:21:54.759+0000] {logging_mixin.py:188} INFO - [2024-07-26T07:21:54.758+0000] {dag.py:3834} INFO - Setting next_dagrun for Webscraping to None, run_after=None
[2024-07-26T07:21:54.782+0000] {processor.py:183} INFO - Processing /opt/airflow/dags/webscrape_dag.py took 0.080 seconds
[2024-07-26T07:22:24.918+0000] {processor.py:161} INFO - Started process (PID=141) to work on /opt/airflow/dags/webscrape_dag.py
[2024-07-26T07:22:24.920+0000] {processor.py:830} INFO - Processing file /opt/airflow/dags/webscrape_dag.py for tasks to queue
[2024-07-26T07:22:24.921+0000] {logging_mixin.py:188} INFO - [2024-07-26T07:22:24.921+0000] {dagbag.py:540} INFO - Filling up the DagBag from /opt/airflow/dags/webscrape_dag.py
[2024-07-26T07:22:24.933+0000] {processor.py:840} INFO - DAG(s) 'Webscraping' retrieved from /opt/airflow/dags/webscrape_dag.py
[2024-07-26T07:22:24.962+0000] {logging_mixin.py:188} INFO - [2024-07-26T07:22:24.961+0000] {dag.py:3047} INFO - Sync 1 DAGs
[2024-07-26T07:22:24.973+0000] {logging_mixin.py:188} INFO - [2024-07-26T07:22:24.973+0000] {dag.py:3834} INFO - Setting next_dagrun for Webscraping to None, run_after=None
[2024-07-26T07:22:25.002+0000] {processor.py:183} INFO - Processing /opt/airflow/dags/webscrape_dag.py took 0.085 seconds
[2024-07-26T07:22:55.081+0000] {processor.py:161} INFO - Started process (PID=148) to work on /opt/airflow/dags/webscrape_dag.py
[2024-07-26T07:22:55.082+0000] {processor.py:830} INFO - Processing file /opt/airflow/dags/webscrape_dag.py for tasks to queue
[2024-07-26T07:22:55.083+0000] {logging_mixin.py:188} INFO - [2024-07-26T07:22:55.083+0000] {dagbag.py:540} INFO - Filling up the DagBag from /opt/airflow/dags/webscrape_dag.py
[2024-07-26T07:22:55.095+0000] {processor.py:840} INFO - DAG(s) 'Webscraping' retrieved from /opt/airflow/dags/webscrape_dag.py
[2024-07-26T07:22:55.125+0000] {logging_mixin.py:188} INFO - [2024-07-26T07:22:55.125+0000] {dag.py:3047} INFO - Sync 1 DAGs
[2024-07-26T07:22:55.136+0000] {logging_mixin.py:188} INFO - [2024-07-26T07:22:55.136+0000] {dag.py:3834} INFO - Setting next_dagrun for Webscraping to None, run_after=None
[2024-07-26T07:22:55.158+0000] {processor.py:183} INFO - Processing /opt/airflow/dags/webscrape_dag.py took 0.080 seconds
[2024-07-26T07:23:25.299+0000] {processor.py:161} INFO - Started process (PID=155) to work on /opt/airflow/dags/webscrape_dag.py
[2024-07-26T07:23:25.301+0000] {processor.py:830} INFO - Processing file /opt/airflow/dags/webscrape_dag.py for tasks to queue
[2024-07-26T07:23:25.302+0000] {logging_mixin.py:188} INFO - [2024-07-26T07:23:25.302+0000] {dagbag.py:540} INFO - Filling up the DagBag from /opt/airflow/dags/webscrape_dag.py
[2024-07-26T07:23:25.313+0000] {processor.py:840} INFO - DAG(s) 'Webscraping' retrieved from /opt/airflow/dags/webscrape_dag.py
[2024-07-26T07:23:25.342+0000] {logging_mixin.py:188} INFO - [2024-07-26T07:23:25.341+0000] {dag.py:3047} INFO - Sync 1 DAGs
[2024-07-26T07:23:25.352+0000] {logging_mixin.py:188} INFO - [2024-07-26T07:23:25.352+0000] {dag.py:3834} INFO - Setting next_dagrun for Webscraping to None, run_after=None
[2024-07-26T07:23:25.376+0000] {processor.py:183} INFO - Processing /opt/airflow/dags/webscrape_dag.py took 0.080 seconds
[2024-07-26T07:23:55.461+0000] {processor.py:161} INFO - Started process (PID=162) to work on /opt/airflow/dags/webscrape_dag.py
[2024-07-26T07:23:55.461+0000] {processor.py:830} INFO - Processing file /opt/airflow/dags/webscrape_dag.py for tasks to queue
[2024-07-26T07:23:55.463+0000] {logging_mixin.py:188} INFO - [2024-07-26T07:23:55.462+0000] {dagbag.py:540} INFO - Filling up the DagBag from /opt/airflow/dags/webscrape_dag.py
[2024-07-26T07:23:55.474+0000] {processor.py:840} INFO - DAG(s) 'Webscraping' retrieved from /opt/airflow/dags/webscrape_dag.py
[2024-07-26T07:23:55.503+0000] {logging_mixin.py:188} INFO - [2024-07-26T07:23:55.503+0000] {dag.py:3047} INFO - Sync 1 DAGs
[2024-07-26T07:23:55.516+0000] {logging_mixin.py:188} INFO - [2024-07-26T07:23:55.516+0000] {dag.py:3834} INFO - Setting next_dagrun for Webscraping to None, run_after=None
[2024-07-26T07:23:55.544+0000] {processor.py:183} INFO - Processing /opt/airflow/dags/webscrape_dag.py took 0.088 seconds
[2024-07-26T07:24:25.682+0000] {processor.py:161} INFO - Started process (PID=168) to work on /opt/airflow/dags/webscrape_dag.py
[2024-07-26T07:24:25.685+0000] {processor.py:830} INFO - Processing file /opt/airflow/dags/webscrape_dag.py for tasks to queue
[2024-07-26T07:24:25.686+0000] {logging_mixin.py:188} INFO - [2024-07-26T07:24:25.686+0000] {dagbag.py:540} INFO - Filling up the DagBag from /opt/airflow/dags/webscrape_dag.py
[2024-07-26T07:24:25.698+0000] {processor.py:840} INFO - DAG(s) 'Webscraping' retrieved from /opt/airflow/dags/webscrape_dag.py
[2024-07-26T07:24:25.732+0000] {logging_mixin.py:188} INFO - [2024-07-26T07:24:25.731+0000] {dag.py:3047} INFO - Sync 1 DAGs
[2024-07-26T07:24:25.744+0000] {logging_mixin.py:188} INFO - [2024-07-26T07:24:25.744+0000] {dag.py:3834} INFO - Setting next_dagrun for Webscraping to None, run_after=None
[2024-07-26T07:24:25.768+0000] {processor.py:183} INFO - Processing /opt/airflow/dags/webscrape_dag.py took 0.088 seconds
[2024-07-26T07:24:55.847+0000] {processor.py:161} INFO - Started process (PID=175) to work on /opt/airflow/dags/webscrape_dag.py
[2024-07-26T07:24:55.847+0000] {processor.py:830} INFO - Processing file /opt/airflow/dags/webscrape_dag.py for tasks to queue
[2024-07-26T07:24:55.848+0000] {logging_mixin.py:188} INFO - [2024-07-26T07:24:55.848+0000] {dagbag.py:540} INFO - Filling up the DagBag from /opt/airflow/dags/webscrape_dag.py
[2024-07-26T07:24:55.859+0000] {processor.py:840} INFO - DAG(s) 'Webscraping' retrieved from /opt/airflow/dags/webscrape_dag.py
[2024-07-26T07:24:55.894+0000] {logging_mixin.py:188} INFO - [2024-07-26T07:24:55.894+0000] {dag.py:3047} INFO - Sync 1 DAGs
[2024-07-26T07:24:55.907+0000] {logging_mixin.py:188} INFO - [2024-07-26T07:24:55.907+0000] {dag.py:3834} INFO - Setting next_dagrun for Webscraping to None, run_after=None
[2024-07-26T07:24:55.935+0000] {processor.py:183} INFO - Processing /opt/airflow/dags/webscrape_dag.py took 0.091 seconds
[2024-07-26T07:25:26.065+0000] {processor.py:161} INFO - Started process (PID=181) to work on /opt/airflow/dags/webscrape_dag.py
[2024-07-26T07:25:26.067+0000] {processor.py:830} INFO - Processing file /opt/airflow/dags/webscrape_dag.py for tasks to queue
[2024-07-26T07:25:26.068+0000] {logging_mixin.py:188} INFO - [2024-07-26T07:25:26.068+0000] {dagbag.py:540} INFO - Filling up the DagBag from /opt/airflow/dags/webscrape_dag.py
[2024-07-26T07:25:26.079+0000] {processor.py:840} INFO - DAG(s) 'Webscraping' retrieved from /opt/airflow/dags/webscrape_dag.py
[2024-07-26T07:25:26.111+0000] {logging_mixin.py:188} INFO - [2024-07-26T07:25:26.111+0000] {dag.py:3047} INFO - Sync 1 DAGs
[2024-07-26T07:25:26.123+0000] {logging_mixin.py:188} INFO - [2024-07-26T07:25:26.123+0000] {dag.py:3834} INFO - Setting next_dagrun for Webscraping to None, run_after=None
[2024-07-26T07:25:26.149+0000] {processor.py:183} INFO - Processing /opt/airflow/dags/webscrape_dag.py took 0.088 seconds
[2024-07-26T07:25:56.241+0000] {processor.py:161} INFO - Started process (PID=188) to work on /opt/airflow/dags/webscrape_dag.py
[2024-07-26T07:25:56.242+0000] {processor.py:830} INFO - Processing file /opt/airflow/dags/webscrape_dag.py for tasks to queue
[2024-07-26T07:25:56.243+0000] {logging_mixin.py:188} INFO - [2024-07-26T07:25:56.243+0000] {dagbag.py:540} INFO - Filling up the DagBag from /opt/airflow/dags/webscrape_dag.py
[2024-07-26T07:25:56.254+0000] {processor.py:840} INFO - DAG(s) 'Webscraping' retrieved from /opt/airflow/dags/webscrape_dag.py
[2024-07-26T07:25:56.283+0000] {logging_mixin.py:188} INFO - [2024-07-26T07:25:56.283+0000] {dag.py:3047} INFO - Sync 1 DAGs
[2024-07-26T07:25:56.293+0000] {logging_mixin.py:188} INFO - [2024-07-26T07:25:56.293+0000] {dag.py:3834} INFO - Setting next_dagrun for Webscraping to None, run_after=None
[2024-07-26T07:25:56.319+0000] {processor.py:183} INFO - Processing /opt/airflow/dags/webscrape_dag.py took 0.081 seconds
[2024-07-26T07:26:26.458+0000] {processor.py:161} INFO - Started process (PID=194) to work on /opt/airflow/dags/webscrape_dag.py
[2024-07-26T07:26:26.461+0000] {processor.py:830} INFO - Processing file /opt/airflow/dags/webscrape_dag.py for tasks to queue
[2024-07-26T07:26:26.462+0000] {logging_mixin.py:188} INFO - [2024-07-26T07:26:26.462+0000] {dagbag.py:540} INFO - Filling up the DagBag from /opt/airflow/dags/webscrape_dag.py
[2024-07-26T07:26:26.473+0000] {processor.py:840} INFO - DAG(s) 'Webscraping' retrieved from /opt/airflow/dags/webscrape_dag.py
[2024-07-26T07:26:26.497+0000] {logging_mixin.py:188} INFO - [2024-07-26T07:26:26.497+0000] {dag.py:3047} INFO - Sync 1 DAGs
[2024-07-26T07:26:26.509+0000] {logging_mixin.py:188} INFO - [2024-07-26T07:26:26.509+0000] {dag.py:3834} INFO - Setting next_dagrun for Webscraping to None, run_after=None
[2024-07-26T07:26:26.535+0000] {processor.py:183} INFO - Processing /opt/airflow/dags/webscrape_dag.py took 0.079 seconds
[2024-07-26T07:26:56.622+0000] {processor.py:161} INFO - Started process (PID=201) to work on /opt/airflow/dags/webscrape_dag.py
[2024-07-26T07:26:56.623+0000] {processor.py:830} INFO - Processing file /opt/airflow/dags/webscrape_dag.py for tasks to queue
[2024-07-26T07:26:56.625+0000] {logging_mixin.py:188} INFO - [2024-07-26T07:26:56.624+0000] {dagbag.py:540} INFO - Filling up the DagBag from /opt/airflow/dags/webscrape_dag.py
[2024-07-26T07:26:56.635+0000] {processor.py:840} INFO - DAG(s) 'Webscraping' retrieved from /opt/airflow/dags/webscrape_dag.py
[2024-07-26T07:26:56.664+0000] {logging_mixin.py:188} INFO - [2024-07-26T07:26:56.663+0000] {dag.py:3047} INFO - Sync 1 DAGs
[2024-07-26T07:26:56.677+0000] {logging_mixin.py:188} INFO - [2024-07-26T07:26:56.677+0000] {dag.py:3834} INFO - Setting next_dagrun for Webscraping to None, run_after=None
[2024-07-26T07:26:56.699+0000] {processor.py:183} INFO - Processing /opt/airflow/dags/webscrape_dag.py took 0.080 seconds
[2024-07-26T07:27:26.839+0000] {processor.py:161} INFO - Started process (PID=208) to work on /opt/airflow/dags/webscrape_dag.py
[2024-07-26T07:27:26.841+0000] {processor.py:830} INFO - Processing file /opt/airflow/dags/webscrape_dag.py for tasks to queue
[2024-07-26T07:27:26.842+0000] {logging_mixin.py:188} INFO - [2024-07-26T07:27:26.842+0000] {dagbag.py:540} INFO - Filling up the DagBag from /opt/airflow/dags/webscrape_dag.py
[2024-07-26T07:27:26.852+0000] {processor.py:840} INFO - DAG(s) 'Webscraping' retrieved from /opt/airflow/dags/webscrape_dag.py
[2024-07-26T07:27:26.890+0000] {logging_mixin.py:188} INFO - [2024-07-26T07:27:26.890+0000] {dag.py:3047} INFO - Sync 1 DAGs
[2024-07-26T07:27:26.900+0000] {logging_mixin.py:188} INFO - [2024-07-26T07:27:26.900+0000] {dag.py:3834} INFO - Setting next_dagrun for Webscraping to None, run_after=None
[2024-07-26T07:27:26.925+0000] {processor.py:183} INFO - Processing /opt/airflow/dags/webscrape_dag.py took 0.088 seconds
[2024-07-26T07:27:56.995+0000] {processor.py:161} INFO - Started process (PID=215) to work on /opt/airflow/dags/webscrape_dag.py
[2024-07-26T07:27:56.995+0000] {processor.py:830} INFO - Processing file /opt/airflow/dags/webscrape_dag.py for tasks to queue
[2024-07-26T07:27:56.997+0000] {logging_mixin.py:188} INFO - [2024-07-26T07:27:56.996+0000] {dagbag.py:540} INFO - Filling up the DagBag from /opt/airflow/dags/webscrape_dag.py
[2024-07-26T07:27:57.009+0000] {processor.py:840} INFO - DAG(s) 'Webscraping' retrieved from /opt/airflow/dags/webscrape_dag.py
[2024-07-26T07:27:57.040+0000] {logging_mixin.py:188} INFO - [2024-07-26T07:27:57.040+0000] {dag.py:3047} INFO - Sync 1 DAGs
[2024-07-26T07:27:57.050+0000] {logging_mixin.py:188} INFO - [2024-07-26T07:27:57.050+0000] {dag.py:3834} INFO - Setting next_dagrun for Webscraping to None, run_after=None
[2024-07-26T07:27:57.072+0000] {processor.py:183} INFO - Processing /opt/airflow/dags/webscrape_dag.py took 0.080 seconds
[2024-07-26T07:28:27.220+0000] {processor.py:161} INFO - Started process (PID=222) to work on /opt/airflow/dags/webscrape_dag.py
[2024-07-26T07:28:27.222+0000] {processor.py:830} INFO - Processing file /opt/airflow/dags/webscrape_dag.py for tasks to queue
[2024-07-26T07:28:27.223+0000] {logging_mixin.py:188} INFO - [2024-07-26T07:28:27.223+0000] {dagbag.py:540} INFO - Filling up the DagBag from /opt/airflow/dags/webscrape_dag.py
[2024-07-26T07:28:27.232+0000] {processor.py:840} INFO - DAG(s) 'Webscraping' retrieved from /opt/airflow/dags/webscrape_dag.py
[2024-07-26T07:28:27.267+0000] {logging_mixin.py:188} INFO - [2024-07-26T07:28:27.266+0000] {dag.py:3047} INFO - Sync 1 DAGs
[2024-07-26T07:28:27.277+0000] {logging_mixin.py:188} INFO - [2024-07-26T07:28:27.277+0000] {dag.py:3834} INFO - Setting next_dagrun for Webscraping to None, run_after=None
[2024-07-26T07:28:27.302+0000] {processor.py:183} INFO - Processing /opt/airflow/dags/webscrape_dag.py took 0.085 seconds
[2024-07-26T07:28:57.371+0000] {processor.py:161} INFO - Started process (PID=229) to work on /opt/airflow/dags/webscrape_dag.py
[2024-07-26T07:28:57.371+0000] {processor.py:830} INFO - Processing file /opt/airflow/dags/webscrape_dag.py for tasks to queue
[2024-07-26T07:28:57.373+0000] {logging_mixin.py:188} INFO - [2024-07-26T07:28:57.372+0000] {dagbag.py:540} INFO - Filling up the DagBag from /opt/airflow/dags/webscrape_dag.py
[2024-07-26T07:28:57.385+0000] {processor.py:840} INFO - DAG(s) 'Webscraping' retrieved from /opt/airflow/dags/webscrape_dag.py
[2024-07-26T07:28:57.417+0000] {logging_mixin.py:188} INFO - [2024-07-26T07:28:57.417+0000] {dag.py:3047} INFO - Sync 1 DAGs
[2024-07-26T07:28:57.428+0000] {logging_mixin.py:188} INFO - [2024-07-26T07:28:57.428+0000] {dag.py:3834} INFO - Setting next_dagrun for Webscraping to None, run_after=None
[2024-07-26T07:28:57.454+0000] {processor.py:183} INFO - Processing /opt/airflow/dags/webscrape_dag.py took 0.086 seconds
[2024-07-26T07:29:27.635+0000] {processor.py:161} INFO - Started process (PID=236) to work on /opt/airflow/dags/webscrape_dag.py
[2024-07-26T07:29:27.637+0000] {processor.py:830} INFO - Processing file /opt/airflow/dags/webscrape_dag.py for tasks to queue
[2024-07-26T07:29:27.639+0000] {logging_mixin.py:188} INFO - [2024-07-26T07:29:27.638+0000] {dagbag.py:540} INFO - Filling up the DagBag from /opt/airflow/dags/webscrape_dag.py
[2024-07-26T07:29:27.649+0000] {processor.py:840} INFO - DAG(s) 'Webscraping' retrieved from /opt/airflow/dags/webscrape_dag.py
[2024-07-26T07:29:27.680+0000] {logging_mixin.py:188} INFO - [2024-07-26T07:29:27.679+0000] {dag.py:3047} INFO - Sync 1 DAGs
[2024-07-26T07:29:27.690+0000] {logging_mixin.py:188} INFO - [2024-07-26T07:29:27.690+0000] {dag.py:3834} INFO - Setting next_dagrun for Webscraping to None, run_after=None
[2024-07-26T07:29:27.715+0000] {processor.py:183} INFO - Processing /opt/airflow/dags/webscrape_dag.py took 0.082 seconds
[2024-07-26T07:29:57.804+0000] {processor.py:161} INFO - Started process (PID=243) to work on /opt/airflow/dags/webscrape_dag.py
[2024-07-26T07:29:57.806+0000] {processor.py:830} INFO - Processing file /opt/airflow/dags/webscrape_dag.py for tasks to queue
[2024-07-26T07:29:57.807+0000] {logging_mixin.py:188} INFO - [2024-07-26T07:29:57.807+0000] {dagbag.py:540} INFO - Filling up the DagBag from /opt/airflow/dags/webscrape_dag.py
[2024-07-26T07:29:57.817+0000] {processor.py:840} INFO - DAG(s) 'Webscraping' retrieved from /opt/airflow/dags/webscrape_dag.py
[2024-07-26T07:29:57.851+0000] {logging_mixin.py:188} INFO - [2024-07-26T07:29:57.851+0000] {dag.py:3047} INFO - Sync 1 DAGs
[2024-07-26T07:29:57.864+0000] {logging_mixin.py:188} INFO - [2024-07-26T07:29:57.864+0000] {dag.py:3834} INFO - Setting next_dagrun for Webscraping to None, run_after=None
[2024-07-26T07:29:57.891+0000] {processor.py:183} INFO - Processing /opt/airflow/dags/webscrape_dag.py took 0.090 seconds
[2024-07-26T07:30:28.008+0000] {processor.py:161} INFO - Started process (PID=250) to work on /opt/airflow/dags/webscrape_dag.py
[2024-07-26T07:30:28.010+0000] {processor.py:830} INFO - Processing file /opt/airflow/dags/webscrape_dag.py for tasks to queue
[2024-07-26T07:30:28.011+0000] {logging_mixin.py:188} INFO - [2024-07-26T07:30:28.011+0000] {dagbag.py:540} INFO - Filling up the DagBag from /opt/airflow/dags/webscrape_dag.py
[2024-07-26T07:30:28.021+0000] {processor.py:840} INFO - DAG(s) 'Webscraping' retrieved from /opt/airflow/dags/webscrape_dag.py
[2024-07-26T07:30:28.053+0000] {logging_mixin.py:188} INFO - [2024-07-26T07:30:28.053+0000] {dag.py:3047} INFO - Sync 1 DAGs
[2024-07-26T07:30:28.065+0000] {logging_mixin.py:188} INFO - [2024-07-26T07:30:28.065+0000] {dag.py:3834} INFO - Setting next_dagrun for Webscraping to None, run_after=None
[2024-07-26T07:30:28.089+0000] {processor.py:183} INFO - Processing /opt/airflow/dags/webscrape_dag.py took 0.084 seconds
[2024-07-26T07:30:58.188+0000] {processor.py:161} INFO - Started process (PID=257) to work on /opt/airflow/dags/webscrape_dag.py
[2024-07-26T07:30:58.188+0000] {processor.py:830} INFO - Processing file /opt/airflow/dags/webscrape_dag.py for tasks to queue
[2024-07-26T07:30:58.189+0000] {logging_mixin.py:188} INFO - [2024-07-26T07:30:58.189+0000] {dagbag.py:540} INFO - Filling up the DagBag from /opt/airflow/dags/webscrape_dag.py
[2024-07-26T07:30:58.203+0000] {processor.py:840} INFO - DAG(s) 'Webscraping' retrieved from /opt/airflow/dags/webscrape_dag.py
[2024-07-26T07:30:58.235+0000] {logging_mixin.py:188} INFO - [2024-07-26T07:30:58.235+0000] {dag.py:3047} INFO - Sync 1 DAGs
[2024-07-26T07:30:58.248+0000] {logging_mixin.py:188} INFO - [2024-07-26T07:30:58.248+0000] {dag.py:3834} INFO - Setting next_dagrun for Webscraping to None, run_after=None
[2024-07-26T07:30:58.271+0000] {processor.py:183} INFO - Processing /opt/airflow/dags/webscrape_dag.py took 0.086 seconds
[2024-07-26T07:31:28.393+0000] {processor.py:161} INFO - Started process (PID=264) to work on /opt/airflow/dags/webscrape_dag.py
[2024-07-26T07:31:28.396+0000] {processor.py:830} INFO - Processing file /opt/airflow/dags/webscrape_dag.py for tasks to queue
[2024-07-26T07:31:28.398+0000] {logging_mixin.py:188} INFO - [2024-07-26T07:31:28.397+0000] {dagbag.py:540} INFO - Filling up the DagBag from /opt/airflow/dags/webscrape_dag.py
[2024-07-26T07:31:28.410+0000] {processor.py:840} INFO - DAG(s) 'Webscraping' retrieved from /opt/airflow/dags/webscrape_dag.py
[2024-07-26T07:31:28.434+0000] {logging_mixin.py:188} INFO - [2024-07-26T07:31:28.434+0000] {dag.py:3047} INFO - Sync 1 DAGs
[2024-07-26T07:31:28.446+0000] {logging_mixin.py:188} INFO - [2024-07-26T07:31:28.446+0000] {dag.py:3834} INFO - Setting next_dagrun for Webscraping to None, run_after=None
[2024-07-26T07:31:28.467+0000] {processor.py:183} INFO - Processing /opt/airflow/dags/webscrape_dag.py took 0.075 seconds
[2024-07-26T07:31:58.569+0000] {processor.py:161} INFO - Started process (PID=271) to work on /opt/airflow/dags/webscrape_dag.py
[2024-07-26T07:31:58.570+0000] {processor.py:830} INFO - Processing file /opt/airflow/dags/webscrape_dag.py for tasks to queue
[2024-07-26T07:31:58.573+0000] {logging_mixin.py:188} INFO - [2024-07-26T07:31:58.571+0000] {dagbag.py:540} INFO - Filling up the DagBag from /opt/airflow/dags/webscrape_dag.py
[2024-07-26T07:31:58.583+0000] {processor.py:840} INFO - DAG(s) 'Webscraping' retrieved from /opt/airflow/dags/webscrape_dag.py
[2024-07-26T07:31:58.612+0000] {logging_mixin.py:188} INFO - [2024-07-26T07:31:58.612+0000] {dag.py:3047} INFO - Sync 1 DAGs
[2024-07-26T07:31:58.625+0000] {logging_mixin.py:188} INFO - [2024-07-26T07:31:58.624+0000] {dag.py:3834} INFO - Setting next_dagrun for Webscraping to None, run_after=None
[2024-07-26T07:31:58.650+0000] {processor.py:183} INFO - Processing /opt/airflow/dags/webscrape_dag.py took 0.084 seconds
[2024-07-26T07:32:28.759+0000] {processor.py:161} INFO - Started process (PID=278) to work on /opt/airflow/dags/webscrape_dag.py
[2024-07-26T07:32:28.760+0000] {processor.py:830} INFO - Processing file /opt/airflow/dags/webscrape_dag.py for tasks to queue
[2024-07-26T07:32:28.762+0000] {logging_mixin.py:188} INFO - [2024-07-26T07:32:28.762+0000] {dagbag.py:540} INFO - Filling up the DagBag from /opt/airflow/dags/webscrape_dag.py
[2024-07-26T07:32:28.773+0000] {processor.py:840} INFO - DAG(s) 'Webscraping' retrieved from /opt/airflow/dags/webscrape_dag.py
[2024-07-26T07:32:28.800+0000] {logging_mixin.py:188} INFO - [2024-07-26T07:32:28.800+0000] {dag.py:3047} INFO - Sync 1 DAGs
[2024-07-26T07:32:28.811+0000] {logging_mixin.py:188} INFO - [2024-07-26T07:32:28.811+0000] {dag.py:3834} INFO - Setting next_dagrun for Webscraping to None, run_after=None
[2024-07-26T07:32:28.835+0000] {processor.py:183} INFO - Processing /opt/airflow/dags/webscrape_dag.py took 0.079 seconds
[2024-07-26T07:32:58.937+0000] {processor.py:161} INFO - Started process (PID=284) to work on /opt/airflow/dags/webscrape_dag.py
[2024-07-26T07:32:58.938+0000] {processor.py:830} INFO - Processing file /opt/airflow/dags/webscrape_dag.py for tasks to queue
[2024-07-26T07:32:58.939+0000] {logging_mixin.py:188} INFO - [2024-07-26T07:32:58.939+0000] {dagbag.py:540} INFO - Filling up the DagBag from /opt/airflow/dags/webscrape_dag.py
[2024-07-26T07:32:58.951+0000] {processor.py:840} INFO - DAG(s) 'Webscraping' retrieved from /opt/airflow/dags/webscrape_dag.py
[2024-07-26T07:32:58.982+0000] {logging_mixin.py:188} INFO - [2024-07-26T07:32:58.982+0000] {dag.py:3047} INFO - Sync 1 DAGs
[2024-07-26T07:32:58.993+0000] {logging_mixin.py:188} INFO - [2024-07-26T07:32:58.993+0000] {dag.py:3834} INFO - Setting next_dagrun for Webscraping to None, run_after=None
[2024-07-26T07:32:59.018+0000] {processor.py:183} INFO - Processing /opt/airflow/dags/webscrape_dag.py took 0.083 seconds
[2024-07-26T07:33:29.140+0000] {processor.py:161} INFO - Started process (PID=291) to work on /opt/airflow/dags/webscrape_dag.py
[2024-07-26T07:33:29.142+0000] {processor.py:830} INFO - Processing file /opt/airflow/dags/webscrape_dag.py for tasks to queue
[2024-07-26T07:33:29.143+0000] {logging_mixin.py:188} INFO - [2024-07-26T07:33:29.143+0000] {dagbag.py:540} INFO - Filling up the DagBag from /opt/airflow/dags/webscrape_dag.py
[2024-07-26T07:33:29.154+0000] {processor.py:840} INFO - DAG(s) 'Webscraping' retrieved from /opt/airflow/dags/webscrape_dag.py
[2024-07-26T07:33:29.186+0000] {logging_mixin.py:188} INFO - [2024-07-26T07:33:29.186+0000] {dag.py:3047} INFO - Sync 1 DAGs
[2024-07-26T07:33:29.197+0000] {logging_mixin.py:188} INFO - [2024-07-26T07:33:29.197+0000] {dag.py:3834} INFO - Setting next_dagrun for Webscraping to None, run_after=None
[2024-07-26T07:33:29.218+0000] {processor.py:183} INFO - Processing /opt/airflow/dags/webscrape_dag.py took 0.082 seconds
[2024-07-26T07:33:59.315+0000] {processor.py:161} INFO - Started process (PID=298) to work on /opt/airflow/dags/webscrape_dag.py
[2024-07-26T07:33:59.315+0000] {processor.py:830} INFO - Processing file /opt/airflow/dags/webscrape_dag.py for tasks to queue
[2024-07-26T07:33:59.318+0000] {logging_mixin.py:188} INFO - [2024-07-26T07:33:59.317+0000] {dagbag.py:540} INFO - Filling up the DagBag from /opt/airflow/dags/webscrape_dag.py
[2024-07-26T07:33:59.328+0000] {processor.py:840} INFO - DAG(s) 'Webscraping' retrieved from /opt/airflow/dags/webscrape_dag.py
[2024-07-26T07:33:59.358+0000] {logging_mixin.py:188} INFO - [2024-07-26T07:33:59.358+0000] {dag.py:3047} INFO - Sync 1 DAGs
[2024-07-26T07:33:59.371+0000] {logging_mixin.py:188} INFO - [2024-07-26T07:33:59.370+0000] {dag.py:3834} INFO - Setting next_dagrun for Webscraping to None, run_after=None
[2024-07-26T07:33:59.394+0000] {processor.py:183} INFO - Processing /opt/airflow/dags/webscrape_dag.py took 0.082 seconds
[2024-07-26T07:34:29.548+0000] {processor.py:161} INFO - Started process (PID=305) to work on /opt/airflow/dags/webscrape_dag.py
[2024-07-26T07:34:29.550+0000] {processor.py:830} INFO - Processing file /opt/airflow/dags/webscrape_dag.py for tasks to queue
[2024-07-26T07:34:29.551+0000] {logging_mixin.py:188} INFO - [2024-07-26T07:34:29.551+0000] {dagbag.py:540} INFO - Filling up the DagBag from /opt/airflow/dags/webscrape_dag.py
[2024-07-26T07:34:29.561+0000] {processor.py:840} INFO - DAG(s) 'Webscraping' retrieved from /opt/airflow/dags/webscrape_dag.py
[2024-07-26T07:34:29.593+0000] {logging_mixin.py:188} INFO - [2024-07-26T07:34:29.592+0000] {dag.py:3047} INFO - Sync 1 DAGs
[2024-07-26T07:34:29.603+0000] {logging_mixin.py:188} INFO - [2024-07-26T07:34:29.602+0000] {dag.py:3834} INFO - Setting next_dagrun for Webscraping to None, run_after=None
[2024-07-26T07:34:29.627+0000] {processor.py:183} INFO - Processing /opt/airflow/dags/webscrape_dag.py took 0.081 seconds
[2024-07-26T07:34:59.717+0000] {processor.py:161} INFO - Started process (PID=312) to work on /opt/airflow/dags/webscrape_dag.py
[2024-07-26T07:34:59.717+0000] {processor.py:830} INFO - Processing file /opt/airflow/dags/webscrape_dag.py for tasks to queue
[2024-07-26T07:34:59.718+0000] {logging_mixin.py:188} INFO - [2024-07-26T07:34:59.718+0000] {dagbag.py:540} INFO - Filling up the DagBag from /opt/airflow/dags/webscrape_dag.py
[2024-07-26T07:34:59.729+0000] {processor.py:840} INFO - DAG(s) 'Webscraping' retrieved from /opt/airflow/dags/webscrape_dag.py
[2024-07-26T07:34:59.763+0000] {logging_mixin.py:188} INFO - [2024-07-26T07:34:59.763+0000] {dag.py:3047} INFO - Sync 1 DAGs
[2024-07-26T07:34:59.773+0000] {logging_mixin.py:188} INFO - [2024-07-26T07:34:59.773+0000] {dag.py:3834} INFO - Setting next_dagrun for Webscraping to None, run_after=None
[2024-07-26T07:34:59.798+0000] {processor.py:183} INFO - Processing /opt/airflow/dags/webscrape_dag.py took 0.085 seconds
[2024-07-26T07:35:29.908+0000] {processor.py:161} INFO - Started process (PID=319) to work on /opt/airflow/dags/webscrape_dag.py
[2024-07-26T07:35:29.910+0000] {processor.py:830} INFO - Processing file /opt/airflow/dags/webscrape_dag.py for tasks to queue
[2024-07-26T07:35:29.911+0000] {logging_mixin.py:188} INFO - [2024-07-26T07:35:29.911+0000] {dagbag.py:540} INFO - Filling up the DagBag from /opt/airflow/dags/webscrape_dag.py
[2024-07-26T07:35:29.923+0000] {processor.py:840} INFO - DAG(s) 'Webscraping' retrieved from /opt/airflow/dags/webscrape_dag.py
[2024-07-26T07:35:29.951+0000] {logging_mixin.py:188} INFO - [2024-07-26T07:35:29.951+0000] {dag.py:3047} INFO - Sync 1 DAGs
[2024-07-26T07:35:29.965+0000] {logging_mixin.py:188} INFO - [2024-07-26T07:35:29.963+0000] {dag.py:3834} INFO - Setting next_dagrun for Webscraping to None, run_after=None
[2024-07-26T07:35:29.988+0000] {processor.py:183} INFO - Processing /opt/airflow/dags/webscrape_dag.py took 0.082 seconds
[2024-07-26T07:36:00.104+0000] {processor.py:161} INFO - Started process (PID=326) to work on /opt/airflow/dags/webscrape_dag.py
[2024-07-26T07:36:00.104+0000] {processor.py:830} INFO - Processing file /opt/airflow/dags/webscrape_dag.py for tasks to queue
[2024-07-26T07:36:00.107+0000] {logging_mixin.py:188} INFO - [2024-07-26T07:36:00.106+0000] {dagbag.py:540} INFO - Filling up the DagBag from /opt/airflow/dags/webscrape_dag.py
[2024-07-26T07:36:00.119+0000] {processor.py:840} INFO - DAG(s) 'Webscraping' retrieved from /opt/airflow/dags/webscrape_dag.py
[2024-07-26T07:36:00.149+0000] {logging_mixin.py:188} INFO - [2024-07-26T07:36:00.149+0000] {dag.py:3047} INFO - Sync 1 DAGs
[2024-07-26T07:36:00.161+0000] {logging_mixin.py:188} INFO - [2024-07-26T07:36:00.161+0000] {dag.py:3834} INFO - Setting next_dagrun for Webscraping to None, run_after=None
[2024-07-26T07:36:00.182+0000] {processor.py:183} INFO - Processing /opt/airflow/dags/webscrape_dag.py took 0.081 seconds
[2024-07-26T07:36:30.286+0000] {processor.py:161} INFO - Started process (PID=333) to work on /opt/airflow/dags/webscrape_dag.py
[2024-07-26T07:36:30.288+0000] {processor.py:830} INFO - Processing file /opt/airflow/dags/webscrape_dag.py for tasks to queue
[2024-07-26T07:36:30.289+0000] {logging_mixin.py:188} INFO - [2024-07-26T07:36:30.289+0000] {dagbag.py:540} INFO - Filling up the DagBag from /opt/airflow/dags/webscrape_dag.py
[2024-07-26T07:36:30.302+0000] {processor.py:840} INFO - DAG(s) 'Webscraping' retrieved from /opt/airflow/dags/webscrape_dag.py
[2024-07-26T07:36:30.332+0000] {logging_mixin.py:188} INFO - [2024-07-26T07:36:30.332+0000] {dag.py:3047} INFO - Sync 1 DAGs
[2024-07-26T07:36:30.346+0000] {logging_mixin.py:188} INFO - [2024-07-26T07:36:30.346+0000] {dag.py:3834} INFO - Setting next_dagrun for Webscraping to None, run_after=None
[2024-07-26T07:36:30.367+0000] {processor.py:183} INFO - Processing /opt/airflow/dags/webscrape_dag.py took 0.084 seconds
[2024-07-26T07:37:00.469+0000] {processor.py:161} INFO - Started process (PID=340) to work on /opt/airflow/dags/webscrape_dag.py
[2024-07-26T07:37:00.470+0000] {processor.py:830} INFO - Processing file /opt/airflow/dags/webscrape_dag.py for tasks to queue
[2024-07-26T07:37:00.472+0000] {logging_mixin.py:188} INFO - [2024-07-26T07:37:00.471+0000] {dagbag.py:540} INFO - Filling up the DagBag from /opt/airflow/dags/webscrape_dag.py
[2024-07-26T07:37:00.481+0000] {processor.py:840} INFO - DAG(s) 'Webscraping' retrieved from /opt/airflow/dags/webscrape_dag.py
[2024-07-26T07:37:00.508+0000] {logging_mixin.py:188} INFO - [2024-07-26T07:37:00.507+0000] {dag.py:3047} INFO - Sync 1 DAGs
[2024-07-26T07:37:00.518+0000] {logging_mixin.py:188} INFO - [2024-07-26T07:37:00.518+0000] {dag.py:3834} INFO - Setting next_dagrun for Webscraping to None, run_after=None
[2024-07-26T07:37:00.542+0000] {processor.py:183} INFO - Processing /opt/airflow/dags/webscrape_dag.py took 0.077 seconds
[2024-07-26T07:37:30.647+0000] {processor.py:161} INFO - Started process (PID=347) to work on /opt/airflow/dags/webscrape_dag.py
[2024-07-26T07:37:30.649+0000] {processor.py:830} INFO - Processing file /opt/airflow/dags/webscrape_dag.py for tasks to queue
[2024-07-26T07:37:30.650+0000] {logging_mixin.py:188} INFO - [2024-07-26T07:37:30.650+0000] {dagbag.py:540} INFO - Filling up the DagBag from /opt/airflow/dags/webscrape_dag.py
[2024-07-26T07:37:30.659+0000] {processor.py:840} INFO - DAG(s) 'Webscraping' retrieved from /opt/airflow/dags/webscrape_dag.py
[2024-07-26T07:37:30.686+0000] {logging_mixin.py:188} INFO - [2024-07-26T07:37:30.686+0000] {dag.py:3047} INFO - Sync 1 DAGs
[2024-07-26T07:37:30.696+0000] {logging_mixin.py:188} INFO - [2024-07-26T07:37:30.696+0000] {dag.py:3834} INFO - Setting next_dagrun for Webscraping to None, run_after=None
[2024-07-26T07:37:30.720+0000] {processor.py:183} INFO - Processing /opt/airflow/dags/webscrape_dag.py took 0.077 seconds
[2024-07-26T07:38:00.839+0000] {processor.py:161} INFO - Started process (PID=354) to work on /opt/airflow/dags/webscrape_dag.py
[2024-07-26T07:38:00.841+0000] {processor.py:830} INFO - Processing file /opt/airflow/dags/webscrape_dag.py for tasks to queue
[2024-07-26T07:38:00.842+0000] {logging_mixin.py:188} INFO - [2024-07-26T07:38:00.842+0000] {dagbag.py:540} INFO - Filling up the DagBag from /opt/airflow/dags/webscrape_dag.py
[2024-07-26T07:38:00.853+0000] {processor.py:840} INFO - DAG(s) 'Webscraping' retrieved from /opt/airflow/dags/webscrape_dag.py
[2024-07-26T07:38:00.881+0000] {logging_mixin.py:188} INFO - [2024-07-26T07:38:00.881+0000] {dag.py:3047} INFO - Sync 1 DAGs
[2024-07-26T07:38:00.892+0000] {logging_mixin.py:188} INFO - [2024-07-26T07:38:00.892+0000] {dag.py:3834} INFO - Setting next_dagrun for Webscraping to None, run_after=None
[2024-07-26T07:38:00.918+0000] {processor.py:183} INFO - Processing /opt/airflow/dags/webscrape_dag.py took 0.082 seconds
[2024-07-26T07:38:31.016+0000] {processor.py:161} INFO - Started process (PID=361) to work on /opt/airflow/dags/webscrape_dag.py
[2024-07-26T07:38:31.018+0000] {processor.py:830} INFO - Processing file /opt/airflow/dags/webscrape_dag.py for tasks to queue
[2024-07-26T07:38:31.019+0000] {logging_mixin.py:188} INFO - [2024-07-26T07:38:31.019+0000] {dagbag.py:540} INFO - Filling up the DagBag from /opt/airflow/dags/webscrape_dag.py
[2024-07-26T07:38:31.029+0000] {processor.py:840} INFO - DAG(s) 'Webscraping' retrieved from /opt/airflow/dags/webscrape_dag.py
[2024-07-26T07:38:31.062+0000] {logging_mixin.py:188} INFO - [2024-07-26T07:38:31.062+0000] {dag.py:3047} INFO - Sync 1 DAGs
[2024-07-26T07:38:31.072+0000] {logging_mixin.py:188} INFO - [2024-07-26T07:38:31.072+0000] {dag.py:3834} INFO - Setting next_dagrun for Webscraping to None, run_after=None
[2024-07-26T07:38:31.101+0000] {processor.py:183} INFO - Processing /opt/airflow/dags/webscrape_dag.py took 0.088 seconds
[2024-07-26T07:39:01.216+0000] {processor.py:161} INFO - Started process (PID=368) to work on /opt/airflow/dags/webscrape_dag.py
[2024-07-26T07:39:01.216+0000] {processor.py:830} INFO - Processing file /opt/airflow/dags/webscrape_dag.py for tasks to queue
[2024-07-26T07:39:01.217+0000] {logging_mixin.py:188} INFO - [2024-07-26T07:39:01.217+0000] {dagbag.py:540} INFO - Filling up the DagBag from /opt/airflow/dags/webscrape_dag.py
[2024-07-26T07:39:01.228+0000] {processor.py:840} INFO - DAG(s) 'Webscraping' retrieved from /opt/airflow/dags/webscrape_dag.py
[2024-07-26T07:39:01.261+0000] {logging_mixin.py:188} INFO - [2024-07-26T07:39:01.261+0000] {dag.py:3047} INFO - Sync 1 DAGs
[2024-07-26T07:39:01.273+0000] {logging_mixin.py:188} INFO - [2024-07-26T07:39:01.273+0000] {dag.py:3834} INFO - Setting next_dagrun for Webscraping to None, run_after=None
[2024-07-26T07:39:01.297+0000] {processor.py:183} INFO - Processing /opt/airflow/dags/webscrape_dag.py took 0.084 seconds
[2024-07-26T07:39:31.431+0000] {processor.py:161} INFO - Started process (PID=375) to work on /opt/airflow/dags/webscrape_dag.py
[2024-07-26T07:39:31.433+0000] {processor.py:830} INFO - Processing file /opt/airflow/dags/webscrape_dag.py for tasks to queue
[2024-07-26T07:39:31.434+0000] {logging_mixin.py:188} INFO - [2024-07-26T07:39:31.434+0000] {dagbag.py:540} INFO - Filling up the DagBag from /opt/airflow/dags/webscrape_dag.py
[2024-07-26T07:39:31.445+0000] {processor.py:840} INFO - DAG(s) 'Webscraping' retrieved from /opt/airflow/dags/webscrape_dag.py
[2024-07-26T07:39:31.474+0000] {logging_mixin.py:188} INFO - [2024-07-26T07:39:31.474+0000] {dag.py:3047} INFO - Sync 1 DAGs
[2024-07-26T07:39:31.484+0000] {logging_mixin.py:188} INFO - [2024-07-26T07:39:31.484+0000] {dag.py:3834} INFO - Setting next_dagrun for Webscraping to None, run_after=None
[2024-07-26T07:39:31.509+0000] {processor.py:183} INFO - Processing /opt/airflow/dags/webscrape_dag.py took 0.080 seconds
[2024-07-26T07:40:01.599+0000] {processor.py:161} INFO - Started process (PID=382) to work on /opt/airflow/dags/webscrape_dag.py
[2024-07-26T07:40:01.599+0000] {processor.py:830} INFO - Processing file /opt/airflow/dags/webscrape_dag.py for tasks to queue
[2024-07-26T07:40:01.601+0000] {logging_mixin.py:188} INFO - [2024-07-26T07:40:01.600+0000] {dagbag.py:540} INFO - Filling up the DagBag from /opt/airflow/dags/webscrape_dag.py
[2024-07-26T07:40:01.614+0000] {processor.py:840} INFO - DAG(s) 'Webscraping' retrieved from /opt/airflow/dags/webscrape_dag.py
[2024-07-26T07:40:01.644+0000] {logging_mixin.py:188} INFO - [2024-07-26T07:40:01.643+0000] {dag.py:3047} INFO - Sync 1 DAGs
[2024-07-26T07:40:01.654+0000] {logging_mixin.py:188} INFO - [2024-07-26T07:40:01.654+0000] {dag.py:3834} INFO - Setting next_dagrun for Webscraping to None, run_after=None
[2024-07-26T07:40:01.679+0000] {processor.py:183} INFO - Processing /opt/airflow/dags/webscrape_dag.py took 0.083 seconds
[2024-07-26T07:40:31.801+0000] {processor.py:161} INFO - Started process (PID=389) to work on /opt/airflow/dags/webscrape_dag.py
[2024-07-26T07:40:31.802+0000] {processor.py:830} INFO - Processing file /opt/airflow/dags/webscrape_dag.py for tasks to queue
[2024-07-26T07:40:31.803+0000] {logging_mixin.py:188} INFO - [2024-07-26T07:40:31.803+0000] {dagbag.py:540} INFO - Filling up the DagBag from /opt/airflow/dags/webscrape_dag.py
[2024-07-26T07:40:31.816+0000] {processor.py:840} INFO - DAG(s) 'Webscraping' retrieved from /opt/airflow/dags/webscrape_dag.py
[2024-07-26T07:40:31.849+0000] {logging_mixin.py:188} INFO - [2024-07-26T07:40:31.849+0000] {dag.py:3047} INFO - Sync 1 DAGs
[2024-07-26T07:40:31.862+0000] {logging_mixin.py:188} INFO - [2024-07-26T07:40:31.861+0000] {dag.py:3834} INFO - Setting next_dagrun for Webscraping to None, run_after=None
[2024-07-26T07:40:31.883+0000] {processor.py:183} INFO - Processing /opt/airflow/dags/webscrape_dag.py took 0.085 seconds
[2024-07-26T07:41:01.971+0000] {processor.py:161} INFO - Started process (PID=396) to work on /opt/airflow/dags/webscrape_dag.py
[2024-07-26T07:41:01.972+0000] {processor.py:830} INFO - Processing file /opt/airflow/dags/webscrape_dag.py for tasks to queue
[2024-07-26T07:41:01.974+0000] {logging_mixin.py:188} INFO - [2024-07-26T07:41:01.974+0000] {dagbag.py:540} INFO - Filling up the DagBag from /opt/airflow/dags/webscrape_dag.py
[2024-07-26T07:41:01.986+0000] {processor.py:840} INFO - DAG(s) 'Webscraping' retrieved from /opt/airflow/dags/webscrape_dag.py
[2024-07-26T07:41:02.016+0000] {logging_mixin.py:188} INFO - [2024-07-26T07:41:02.015+0000] {dag.py:3047} INFO - Sync 1 DAGs
[2024-07-26T07:41:02.028+0000] {logging_mixin.py:188} INFO - [2024-07-26T07:41:02.028+0000] {dag.py:3834} INFO - Setting next_dagrun for Webscraping to None, run_after=None
[2024-07-26T07:41:02.052+0000] {processor.py:183} INFO - Processing /opt/airflow/dags/webscrape_dag.py took 0.084 seconds
[2024-07-26T07:41:32.199+0000] {processor.py:161} INFO - Started process (PID=403) to work on /opt/airflow/dags/webscrape_dag.py
[2024-07-26T07:41:32.199+0000] {processor.py:830} INFO - Processing file /opt/airflow/dags/webscrape_dag.py for tasks to queue
[2024-07-26T07:41:32.201+0000] {logging_mixin.py:188} INFO - [2024-07-26T07:41:32.200+0000] {dagbag.py:540} INFO - Filling up the DagBag from /opt/airflow/dags/webscrape_dag.py
[2024-07-26T07:41:32.211+0000] {processor.py:840} INFO - DAG(s) 'Webscraping' retrieved from /opt/airflow/dags/webscrape_dag.py
[2024-07-26T07:41:32.242+0000] {logging_mixin.py:188} INFO - [2024-07-26T07:41:32.241+0000] {dag.py:3047} INFO - Sync 1 DAGs
[2024-07-26T07:41:32.252+0000] {logging_mixin.py:188} INFO - [2024-07-26T07:41:32.252+0000] {dag.py:3834} INFO - Setting next_dagrun for Webscraping to None, run_after=None
[2024-07-26T07:41:32.274+0000] {processor.py:183} INFO - Processing /opt/airflow/dags/webscrape_dag.py took 0.078 seconds
[2024-07-26T07:42:02.363+0000] {processor.py:161} INFO - Started process (PID=410) to work on /opt/airflow/dags/webscrape_dag.py
[2024-07-26T07:42:02.366+0000] {processor.py:830} INFO - Processing file /opt/airflow/dags/webscrape_dag.py for tasks to queue
[2024-07-26T07:42:02.367+0000] {logging_mixin.py:188} INFO - [2024-07-26T07:42:02.367+0000] {dagbag.py:540} INFO - Filling up the DagBag from /opt/airflow/dags/webscrape_dag.py
[2024-07-26T07:42:02.378+0000] {processor.py:840} INFO - DAG(s) 'Webscraping' retrieved from /opt/airflow/dags/webscrape_dag.py
[2024-07-26T07:42:02.413+0000] {logging_mixin.py:188} INFO - [2024-07-26T07:42:02.413+0000] {dag.py:3047} INFO - Sync 1 DAGs
[2024-07-26T07:42:02.425+0000] {logging_mixin.py:188} INFO - [2024-07-26T07:42:02.425+0000] {dag.py:3834} INFO - Setting next_dagrun for Webscraping to None, run_after=None
[2024-07-26T07:42:02.450+0000] {processor.py:183} INFO - Processing /opt/airflow/dags/webscrape_dag.py took 0.090 seconds
[2024-07-26T07:42:32.578+0000] {processor.py:161} INFO - Started process (PID=416) to work on /opt/airflow/dags/webscrape_dag.py
[2024-07-26T07:42:32.579+0000] {processor.py:830} INFO - Processing file /opt/airflow/dags/webscrape_dag.py for tasks to queue
[2024-07-26T07:42:32.580+0000] {logging_mixin.py:188} INFO - [2024-07-26T07:42:32.580+0000] {dagbag.py:540} INFO - Filling up the DagBag from /opt/airflow/dags/webscrape_dag.py
[2024-07-26T07:42:32.591+0000] {processor.py:840} INFO - DAG(s) 'Webscraping' retrieved from /opt/airflow/dags/webscrape_dag.py
[2024-07-26T07:42:32.626+0000] {logging_mixin.py:188} INFO - [2024-07-26T07:42:32.626+0000] {dag.py:3047} INFO - Sync 1 DAGs
[2024-07-26T07:42:32.637+0000] {logging_mixin.py:188} INFO - [2024-07-26T07:42:32.637+0000] {dag.py:3834} INFO - Setting next_dagrun for Webscraping to None, run_after=None
[2024-07-26T07:42:32.660+0000] {processor.py:183} INFO - Processing /opt/airflow/dags/webscrape_dag.py took 0.085 seconds
[2024-07-26T07:43:02.740+0000] {processor.py:161} INFO - Started process (PID=423) to work on /opt/airflow/dags/webscrape_dag.py
[2024-07-26T07:43:02.742+0000] {processor.py:830} INFO - Processing file /opt/airflow/dags/webscrape_dag.py for tasks to queue
[2024-07-26T07:43:02.743+0000] {logging_mixin.py:188} INFO - [2024-07-26T07:43:02.743+0000] {dagbag.py:540} INFO - Filling up the DagBag from /opt/airflow/dags/webscrape_dag.py
[2024-07-26T07:43:02.752+0000] {processor.py:840} INFO - DAG(s) 'Webscraping' retrieved from /opt/airflow/dags/webscrape_dag.py
[2024-07-26T07:43:02.785+0000] {logging_mixin.py:188} INFO - [2024-07-26T07:43:02.784+0000] {dag.py:3047} INFO - Sync 1 DAGs
[2024-07-26T07:43:02.796+0000] {logging_mixin.py:188} INFO - [2024-07-26T07:43:02.795+0000] {dag.py:3834} INFO - Setting next_dagrun for Webscraping to None, run_after=None
[2024-07-26T07:43:02.823+0000] {processor.py:183} INFO - Processing /opt/airflow/dags/webscrape_dag.py took 0.085 seconds
[2024-07-26T07:43:32.950+0000] {processor.py:161} INFO - Started process (PID=430) to work on /opt/airflow/dags/webscrape_dag.py
[2024-07-26T07:43:32.950+0000] {processor.py:830} INFO - Processing file /opt/airflow/dags/webscrape_dag.py for tasks to queue
[2024-07-26T07:43:32.952+0000] {logging_mixin.py:188} INFO - [2024-07-26T07:43:32.951+0000] {dagbag.py:540} INFO - Filling up the DagBag from /opt/airflow/dags/webscrape_dag.py
[2024-07-26T07:43:32.962+0000] {processor.py:840} INFO - DAG(s) 'Webscraping' retrieved from /opt/airflow/dags/webscrape_dag.py
[2024-07-26T07:43:32.991+0000] {logging_mixin.py:188} INFO - [2024-07-26T07:43:32.991+0000] {dag.py:3047} INFO - Sync 1 DAGs
[2024-07-26T07:43:33.005+0000] {logging_mixin.py:188} INFO - [2024-07-26T07:43:33.004+0000] {dag.py:3834} INFO - Setting next_dagrun for Webscraping to None, run_after=None
[2024-07-26T07:43:33.027+0000] {processor.py:183} INFO - Processing /opt/airflow/dags/webscrape_dag.py took 0.081 seconds
[2024-07-26T07:44:03.111+0000] {processor.py:161} INFO - Started process (PID=437) to work on /opt/airflow/dags/webscrape_dag.py
[2024-07-26T07:44:03.113+0000] {processor.py:830} INFO - Processing file /opt/airflow/dags/webscrape_dag.py for tasks to queue
[2024-07-26T07:44:03.114+0000] {logging_mixin.py:188} INFO - [2024-07-26T07:44:03.114+0000] {dagbag.py:540} INFO - Filling up the DagBag from /opt/airflow/dags/webscrape_dag.py
[2024-07-26T07:44:03.124+0000] {processor.py:840} INFO - DAG(s) 'Webscraping' retrieved from /opt/airflow/dags/webscrape_dag.py
[2024-07-26T07:44:03.158+0000] {logging_mixin.py:188} INFO - [2024-07-26T07:44:03.157+0000] {dag.py:3047} INFO - Sync 1 DAGs
[2024-07-26T07:44:03.168+0000] {logging_mixin.py:188} INFO - [2024-07-26T07:44:03.168+0000] {dag.py:3834} INFO - Setting next_dagrun for Webscraping to None, run_after=None
[2024-07-26T07:44:03.195+0000] {processor.py:183} INFO - Processing /opt/airflow/dags/webscrape_dag.py took 0.086 seconds
[2024-07-26T07:44:33.353+0000] {processor.py:161} INFO - Started process (PID=444) to work on /opt/airflow/dags/webscrape_dag.py
[2024-07-26T07:44:33.354+0000] {processor.py:830} INFO - Processing file /opt/airflow/dags/webscrape_dag.py for tasks to queue
[2024-07-26T07:44:33.355+0000] {logging_mixin.py:188} INFO - [2024-07-26T07:44:33.355+0000] {dagbag.py:540} INFO - Filling up the DagBag from /opt/airflow/dags/webscrape_dag.py
[2024-07-26T07:44:33.366+0000] {processor.py:840} INFO - DAG(s) 'Webscraping' retrieved from /opt/airflow/dags/webscrape_dag.py
[2024-07-26T07:44:33.397+0000] {logging_mixin.py:188} INFO - [2024-07-26T07:44:33.397+0000] {dag.py:3047} INFO - Sync 1 DAGs
[2024-07-26T07:44:33.407+0000] {logging_mixin.py:188} INFO - [2024-07-26T07:44:33.407+0000] {dag.py:3834} INFO - Setting next_dagrun for Webscraping to None, run_after=None
[2024-07-26T07:44:33.432+0000] {processor.py:183} INFO - Processing /opt/airflow/dags/webscrape_dag.py took 0.081 seconds
[2024-07-26T07:45:03.521+0000] {processor.py:161} INFO - Started process (PID=451) to work on /opt/airflow/dags/webscrape_dag.py
[2024-07-26T07:45:03.522+0000] {processor.py:830} INFO - Processing file /opt/airflow/dags/webscrape_dag.py for tasks to queue
[2024-07-26T07:45:03.525+0000] {logging_mixin.py:188} INFO - [2024-07-26T07:45:03.525+0000] {dagbag.py:540} INFO - Filling up the DagBag from /opt/airflow/dags/webscrape_dag.py
[2024-07-26T07:45:03.535+0000] {processor.py:840} INFO - DAG(s) 'Webscraping' retrieved from /opt/airflow/dags/webscrape_dag.py
[2024-07-26T07:45:03.566+0000] {logging_mixin.py:188} INFO - [2024-07-26T07:45:03.566+0000] {dag.py:3047} INFO - Sync 1 DAGs
[2024-07-26T07:45:03.578+0000] {logging_mixin.py:188} INFO - [2024-07-26T07:45:03.578+0000] {dag.py:3834} INFO - Setting next_dagrun for Webscraping to None, run_after=None
[2024-07-26T07:45:03.597+0000] {processor.py:183} INFO - Processing /opt/airflow/dags/webscrape_dag.py took 0.079 seconds
[2024-07-26T07:45:33.732+0000] {processor.py:161} INFO - Started process (PID=458) to work on /opt/airflow/dags/webscrape_dag.py
[2024-07-26T07:45:33.732+0000] {processor.py:830} INFO - Processing file /opt/airflow/dags/webscrape_dag.py for tasks to queue
[2024-07-26T07:45:33.733+0000] {logging_mixin.py:188} INFO - [2024-07-26T07:45:33.733+0000] {dagbag.py:540} INFO - Filling up the DagBag from /opt/airflow/dags/webscrape_dag.py
[2024-07-26T07:45:33.743+0000] {processor.py:840} INFO - DAG(s) 'Webscraping' retrieved from /opt/airflow/dags/webscrape_dag.py
[2024-07-26T07:45:33.770+0000] {logging_mixin.py:188} INFO - [2024-07-26T07:45:33.770+0000] {dag.py:3047} INFO - Sync 1 DAGs
[2024-07-26T07:45:33.780+0000] {logging_mixin.py:188} INFO - [2024-07-26T07:45:33.780+0000] {dag.py:3834} INFO - Setting next_dagrun for Webscraping to None, run_after=None
[2024-07-26T07:45:33.807+0000] {processor.py:183} INFO - Processing /opt/airflow/dags/webscrape_dag.py took 0.079 seconds
[2024-07-26T07:46:03.901+0000] {processor.py:161} INFO - Started process (PID=465) to work on /opt/airflow/dags/webscrape_dag.py
[2024-07-26T07:46:03.902+0000] {processor.py:830} INFO - Processing file /opt/airflow/dags/webscrape_dag.py for tasks to queue
[2024-07-26T07:46:03.903+0000] {logging_mixin.py:188} INFO - [2024-07-26T07:46:03.903+0000] {dagbag.py:540} INFO - Filling up the DagBag from /opt/airflow/dags/webscrape_dag.py
[2024-07-26T07:46:03.914+0000] {processor.py:840} INFO - DAG(s) 'Webscraping' retrieved from /opt/airflow/dags/webscrape_dag.py
[2024-07-26T07:46:03.947+0000] {logging_mixin.py:188} INFO - [2024-07-26T07:46:03.947+0000] {dag.py:3047} INFO - Sync 1 DAGs
[2024-07-26T07:46:03.958+0000] {logging_mixin.py:188} INFO - [2024-07-26T07:46:03.958+0000] {dag.py:3834} INFO - Setting next_dagrun for Webscraping to None, run_after=None
[2024-07-26T07:46:03.981+0000] {processor.py:183} INFO - Processing /opt/airflow/dags/webscrape_dag.py took 0.084 seconds
[2024-07-26T07:46:34.116+0000] {processor.py:161} INFO - Started process (PID=471) to work on /opt/airflow/dags/webscrape_dag.py
[2024-07-26T07:46:34.116+0000] {processor.py:830} INFO - Processing file /opt/airflow/dags/webscrape_dag.py for tasks to queue
[2024-07-26T07:46:34.117+0000] {logging_mixin.py:188} INFO - [2024-07-26T07:46:34.117+0000] {dagbag.py:540} INFO - Filling up the DagBag from /opt/airflow/dags/webscrape_dag.py
[2024-07-26T07:46:34.131+0000] {processor.py:840} INFO - DAG(s) 'Webscraping' retrieved from /opt/airflow/dags/webscrape_dag.py
[2024-07-26T07:46:34.158+0000] {logging_mixin.py:188} INFO - [2024-07-26T07:46:34.158+0000] {dag.py:3047} INFO - Sync 1 DAGs
[2024-07-26T07:46:34.169+0000] {logging_mixin.py:188} INFO - [2024-07-26T07:46:34.169+0000] {dag.py:3834} INFO - Setting next_dagrun for Webscraping to None, run_after=None
[2024-07-26T07:46:34.193+0000] {processor.py:183} INFO - Processing /opt/airflow/dags/webscrape_dag.py took 0.080 seconds
[2024-07-26T07:47:04.278+0000] {processor.py:161} INFO - Started process (PID=478) to work on /opt/airflow/dags/webscrape_dag.py
[2024-07-26T07:47:04.280+0000] {processor.py:830} INFO - Processing file /opt/airflow/dags/webscrape_dag.py for tasks to queue
[2024-07-26T07:47:04.281+0000] {logging_mixin.py:188} INFO - [2024-07-26T07:47:04.281+0000] {dagbag.py:540} INFO - Filling up the DagBag from /opt/airflow/dags/webscrape_dag.py
[2024-07-26T07:47:04.292+0000] {processor.py:840} INFO - DAG(s) 'Webscraping' retrieved from /opt/airflow/dags/webscrape_dag.py
[2024-07-26T07:47:04.325+0000] {logging_mixin.py:188} INFO - [2024-07-26T07:47:04.325+0000] {dag.py:3047} INFO - Sync 1 DAGs
[2024-07-26T07:47:04.335+0000] {logging_mixin.py:188} INFO - [2024-07-26T07:47:04.335+0000] {dag.py:3834} INFO - Setting next_dagrun for Webscraping to None, run_after=None
[2024-07-26T07:47:04.358+0000] {processor.py:183} INFO - Processing /opt/airflow/dags/webscrape_dag.py took 0.082 seconds
