[2024-10-24T03:11:09.017+0000] {processor.py:161} INFO - Started process (PID=35) to work on /opt/airflow/dags/webscrape_dag.py
[2024-10-24T03:11:09.018+0000] {processor.py:830} INFO - Processing file /opt/airflow/dags/webscrape_dag.py for tasks to queue
[2024-10-24T03:11:09.020+0000] {logging_mixin.py:188} INFO - [2024-10-24T03:11:09.019+0000] {dagbag.py:540} INFO - Filling up the DagBag from /opt/airflow/dags/webscrape_dag.py
[2024-10-24T03:11:09.053+0000] {processor.py:840} INFO - DAG(s) 'Webscraping' retrieved from /opt/airflow/dags/webscrape_dag.py
[2024-10-24T03:11:09.308+0000] {logging_mixin.py:188} INFO - [2024-10-24T03:11:09.308+0000] {dag.py:3047} INFO - Sync 1 DAGs
[2024-10-24T03:11:09.321+0000] {logging_mixin.py:188} INFO - [2024-10-24T03:11:09.320+0000] {dag.py:3834} INFO - Setting next_dagrun for Webscraping to None, run_after=None
[2024-10-24T03:11:09.342+0000] {processor.py:183} INFO - Processing /opt/airflow/dags/webscrape_dag.py took 0.329 seconds
[2024-10-24T03:11:39.498+0000] {processor.py:161} INFO - Started process (PID=41) to work on /opt/airflow/dags/webscrape_dag.py
[2024-10-24T03:11:39.498+0000] {processor.py:830} INFO - Processing file /opt/airflow/dags/webscrape_dag.py for tasks to queue
[2024-10-24T03:11:39.501+0000] {logging_mixin.py:188} INFO - [2024-10-24T03:11:39.500+0000] {dagbag.py:540} INFO - Filling up the DagBag from /opt/airflow/dags/webscrape_dag.py
[2024-10-24T03:11:39.513+0000] {processor.py:840} INFO - DAG(s) 'Webscraping' retrieved from /opt/airflow/dags/webscrape_dag.py
[2024-10-24T03:11:39.547+0000] {logging_mixin.py:188} INFO - [2024-10-24T03:11:39.547+0000] {dag.py:3047} INFO - Sync 1 DAGs
[2024-10-24T03:11:39.558+0000] {logging_mixin.py:188} INFO - [2024-10-24T03:11:39.558+0000] {dag.py:3834} INFO - Setting next_dagrun for Webscraping to None, run_after=None
[2024-10-24T03:11:39.583+0000] {processor.py:183} INFO - Processing /opt/airflow/dags/webscrape_dag.py took 0.089 seconds
[2024-10-24T03:12:09.660+0000] {processor.py:161} INFO - Started process (PID=48) to work on /opt/airflow/dags/webscrape_dag.py
[2024-10-24T03:12:09.662+0000] {processor.py:830} INFO - Processing file /opt/airflow/dags/webscrape_dag.py for tasks to queue
[2024-10-24T03:12:09.663+0000] {logging_mixin.py:188} INFO - [2024-10-24T03:12:09.663+0000] {dagbag.py:540} INFO - Filling up the DagBag from /opt/airflow/dags/webscrape_dag.py
[2024-10-24T03:12:09.675+0000] {processor.py:840} INFO - DAG(s) 'Webscraping' retrieved from /opt/airflow/dags/webscrape_dag.py
[2024-10-24T03:12:09.710+0000] {logging_mixin.py:188} INFO - [2024-10-24T03:12:09.710+0000] {dag.py:3047} INFO - Sync 1 DAGs
[2024-10-24T03:12:09.722+0000] {logging_mixin.py:188} INFO - [2024-10-24T03:12:09.722+0000] {dag.py:3834} INFO - Setting next_dagrun for Webscraping to None, run_after=None
[2024-10-24T03:12:09.743+0000] {processor.py:183} INFO - Processing /opt/airflow/dags/webscrape_dag.py took 0.087 seconds
[2024-10-24T03:12:39.858+0000] {processor.py:161} INFO - Started process (PID=55) to work on /opt/airflow/dags/webscrape_dag.py
[2024-10-24T03:12:39.859+0000] {processor.py:830} INFO - Processing file /opt/airflow/dags/webscrape_dag.py for tasks to queue
[2024-10-24T03:12:39.861+0000] {logging_mixin.py:188} INFO - [2024-10-24T03:12:39.861+0000] {dagbag.py:540} INFO - Filling up the DagBag from /opt/airflow/dags/webscrape_dag.py
[2024-10-24T03:12:39.873+0000] {processor.py:840} INFO - DAG(s) 'Webscraping' retrieved from /opt/airflow/dags/webscrape_dag.py
[2024-10-24T03:12:39.898+0000] {logging_mixin.py:188} INFO - [2024-10-24T03:12:39.898+0000] {dag.py:3047} INFO - Sync 1 DAGs
[2024-10-24T03:12:39.907+0000] {logging_mixin.py:188} INFO - [2024-10-24T03:12:39.907+0000] {dag.py:3834} INFO - Setting next_dagrun for Webscraping to None, run_after=None
[2024-10-24T03:12:39.927+0000] {processor.py:183} INFO - Processing /opt/airflow/dags/webscrape_dag.py took 0.073 seconds
[2024-10-24T03:13:10.019+0000] {processor.py:161} INFO - Started process (PID=62) to work on /opt/airflow/dags/webscrape_dag.py
[2024-10-24T03:13:10.021+0000] {processor.py:830} INFO - Processing file /opt/airflow/dags/webscrape_dag.py for tasks to queue
[2024-10-24T03:13:10.022+0000] {logging_mixin.py:188} INFO - [2024-10-24T03:13:10.022+0000] {dagbag.py:540} INFO - Filling up the DagBag from /opt/airflow/dags/webscrape_dag.py
[2024-10-24T03:13:10.035+0000] {processor.py:840} INFO - DAG(s) 'Webscraping' retrieved from /opt/airflow/dags/webscrape_dag.py
[2024-10-24T03:13:10.066+0000] {logging_mixin.py:188} INFO - [2024-10-24T03:13:10.066+0000] {dag.py:3047} INFO - Sync 1 DAGs
[2024-10-24T03:13:10.078+0000] {logging_mixin.py:188} INFO - [2024-10-24T03:13:10.078+0000] {dag.py:3834} INFO - Setting next_dagrun for Webscraping to None, run_after=None
[2024-10-24T03:13:10.102+0000] {processor.py:183} INFO - Processing /opt/airflow/dags/webscrape_dag.py took 0.087 seconds
[2024-10-24T03:13:40.208+0000] {processor.py:161} INFO - Started process (PID=69) to work on /opt/airflow/dags/webscrape_dag.py
[2024-10-24T03:13:40.209+0000] {processor.py:830} INFO - Processing file /opt/airflow/dags/webscrape_dag.py for tasks to queue
[2024-10-24T03:13:40.210+0000] {logging_mixin.py:188} INFO - [2024-10-24T03:13:40.210+0000] {dagbag.py:540} INFO - Filling up the DagBag from /opt/airflow/dags/webscrape_dag.py
[2024-10-24T03:13:40.222+0000] {processor.py:840} INFO - DAG(s) 'Webscraping' retrieved from /opt/airflow/dags/webscrape_dag.py
[2024-10-24T03:13:40.255+0000] {logging_mixin.py:188} INFO - [2024-10-24T03:13:40.255+0000] {dag.py:3047} INFO - Sync 1 DAGs
[2024-10-24T03:13:40.267+0000] {logging_mixin.py:188} INFO - [2024-10-24T03:13:40.267+0000] {dag.py:3834} INFO - Setting next_dagrun for Webscraping to None, run_after=None
[2024-10-24T03:13:40.293+0000] {processor.py:183} INFO - Processing /opt/airflow/dags/webscrape_dag.py took 0.088 seconds
[2024-10-24T03:14:10.398+0000] {processor.py:161} INFO - Started process (PID=76) to work on /opt/airflow/dags/webscrape_dag.py
[2024-10-24T03:14:10.399+0000] {processor.py:830} INFO - Processing file /opt/airflow/dags/webscrape_dag.py for tasks to queue
[2024-10-24T03:14:10.401+0000] {logging_mixin.py:188} INFO - [2024-10-24T03:14:10.401+0000] {dagbag.py:540} INFO - Filling up the DagBag from /opt/airflow/dags/webscrape_dag.py
[2024-10-24T03:14:10.413+0000] {processor.py:840} INFO - DAG(s) 'Webscraping' retrieved from /opt/airflow/dags/webscrape_dag.py
[2024-10-24T03:14:10.443+0000] {logging_mixin.py:188} INFO - [2024-10-24T03:14:10.443+0000] {dag.py:3047} INFO - Sync 1 DAGs
[2024-10-24T03:14:10.454+0000] {logging_mixin.py:188} INFO - [2024-10-24T03:14:10.454+0000] {dag.py:3834} INFO - Setting next_dagrun for Webscraping to None, run_after=None
[2024-10-24T03:14:10.477+0000] {processor.py:183} INFO - Processing /opt/airflow/dags/webscrape_dag.py took 0.083 seconds
[2024-10-24T03:14:40.589+0000] {processor.py:161} INFO - Started process (PID=82) to work on /opt/airflow/dags/webscrape_dag.py
[2024-10-24T03:14:40.589+0000] {processor.py:830} INFO - Processing file /opt/airflow/dags/webscrape_dag.py for tasks to queue
[2024-10-24T03:14:40.591+0000] {logging_mixin.py:188} INFO - [2024-10-24T03:14:40.591+0000] {dagbag.py:540} INFO - Filling up the DagBag from /opt/airflow/dags/webscrape_dag.py
[2024-10-24T03:14:40.603+0000] {processor.py:840} INFO - DAG(s) 'Webscraping' retrieved from /opt/airflow/dags/webscrape_dag.py
[2024-10-24T03:14:40.636+0000] {logging_mixin.py:188} INFO - [2024-10-24T03:14:40.636+0000] {dag.py:3047} INFO - Sync 1 DAGs
[2024-10-24T03:14:40.649+0000] {logging_mixin.py:188} INFO - [2024-10-24T03:14:40.649+0000] {dag.py:3834} INFO - Setting next_dagrun for Webscraping to None, run_after=None
[2024-10-24T03:14:40.671+0000] {processor.py:183} INFO - Processing /opt/airflow/dags/webscrape_dag.py took 0.086 seconds
[2024-10-24T03:15:10.766+0000] {processor.py:161} INFO - Started process (PID=89) to work on /opt/airflow/dags/webscrape_dag.py
[2024-10-24T03:15:10.769+0000] {processor.py:830} INFO - Processing file /opt/airflow/dags/webscrape_dag.py for tasks to queue
[2024-10-24T03:15:10.771+0000] {logging_mixin.py:188} INFO - [2024-10-24T03:15:10.770+0000] {dagbag.py:540} INFO - Filling up the DagBag from /opt/airflow/dags/webscrape_dag.py
[2024-10-24T03:15:10.783+0000] {processor.py:840} INFO - DAG(s) 'Webscraping' retrieved from /opt/airflow/dags/webscrape_dag.py
[2024-10-24T03:15:10.812+0000] {logging_mixin.py:188} INFO - [2024-10-24T03:15:10.812+0000] {dag.py:3047} INFO - Sync 1 DAGs
[2024-10-24T03:15:10.825+0000] {logging_mixin.py:188} INFO - [2024-10-24T03:15:10.825+0000] {dag.py:3834} INFO - Setting next_dagrun for Webscraping to None, run_after=None
[2024-10-24T03:15:10.848+0000] {processor.py:183} INFO - Processing /opt/airflow/dags/webscrape_dag.py took 0.087 seconds
[2024-10-24T03:15:40.951+0000] {processor.py:161} INFO - Started process (PID=96) to work on /opt/airflow/dags/webscrape_dag.py
[2024-10-24T03:15:40.952+0000] {processor.py:830} INFO - Processing file /opt/airflow/dags/webscrape_dag.py for tasks to queue
[2024-10-24T03:15:40.954+0000] {logging_mixin.py:188} INFO - [2024-10-24T03:15:40.954+0000] {dagbag.py:540} INFO - Filling up the DagBag from /opt/airflow/dags/webscrape_dag.py
[2024-10-24T03:15:40.966+0000] {processor.py:840} INFO - DAG(s) 'Webscraping' retrieved from /opt/airflow/dags/webscrape_dag.py
[2024-10-24T03:15:40.998+0000] {logging_mixin.py:188} INFO - [2024-10-24T03:15:40.998+0000] {dag.py:3047} INFO - Sync 1 DAGs
[2024-10-24T03:15:41.010+0000] {logging_mixin.py:188} INFO - [2024-10-24T03:15:41.010+0000] {dag.py:3834} INFO - Setting next_dagrun for Webscraping to None, run_after=None
[2024-10-24T03:15:41.031+0000] {processor.py:183} INFO - Processing /opt/airflow/dags/webscrape_dag.py took 0.084 seconds
[2024-10-24T03:16:11.145+0000] {processor.py:161} INFO - Started process (PID=103) to work on /opt/airflow/dags/webscrape_dag.py
[2024-10-24T03:16:11.147+0000] {processor.py:830} INFO - Processing file /opt/airflow/dags/webscrape_dag.py for tasks to queue
[2024-10-24T03:16:11.149+0000] {logging_mixin.py:188} INFO - [2024-10-24T03:16:11.148+0000] {dagbag.py:540} INFO - Filling up the DagBag from /opt/airflow/dags/webscrape_dag.py
[2024-10-24T03:16:11.161+0000] {processor.py:840} INFO - DAG(s) 'Webscraping' retrieved from /opt/airflow/dags/webscrape_dag.py
[2024-10-24T03:16:11.192+0000] {logging_mixin.py:188} INFO - [2024-10-24T03:16:11.192+0000] {dag.py:3047} INFO - Sync 1 DAGs
[2024-10-24T03:16:11.203+0000] {logging_mixin.py:188} INFO - [2024-10-24T03:16:11.203+0000] {dag.py:3834} INFO - Setting next_dagrun for Webscraping to None, run_after=None
[2024-10-24T03:16:11.226+0000] {processor.py:183} INFO - Processing /opt/airflow/dags/webscrape_dag.py took 0.085 seconds
[2024-10-24T03:16:41.330+0000] {processor.py:161} INFO - Started process (PID=109) to work on /opt/airflow/dags/webscrape_dag.py
[2024-10-24T03:16:41.331+0000] {processor.py:830} INFO - Processing file /opt/airflow/dags/webscrape_dag.py for tasks to queue
[2024-10-24T03:16:41.334+0000] {logging_mixin.py:188} INFO - [2024-10-24T03:16:41.333+0000] {dagbag.py:540} INFO - Filling up the DagBag from /opt/airflow/dags/webscrape_dag.py
[2024-10-24T03:16:41.346+0000] {processor.py:840} INFO - DAG(s) 'Webscraping' retrieved from /opt/airflow/dags/webscrape_dag.py
[2024-10-24T03:16:41.378+0000] {logging_mixin.py:188} INFO - [2024-10-24T03:16:41.377+0000] {dag.py:3047} INFO - Sync 1 DAGs
[2024-10-24T03:16:41.390+0000] {logging_mixin.py:188} INFO - [2024-10-24T03:16:41.390+0000] {dag.py:3834} INFO - Setting next_dagrun for Webscraping to None, run_after=None
[2024-10-24T03:16:41.414+0000] {processor.py:183} INFO - Processing /opt/airflow/dags/webscrape_dag.py took 0.088 seconds
[2024-10-24T03:17:11.521+0000] {processor.py:161} INFO - Started process (PID=116) to work on /opt/airflow/dags/webscrape_dag.py
[2024-10-24T03:17:11.524+0000] {processor.py:830} INFO - Processing file /opt/airflow/dags/webscrape_dag.py for tasks to queue
[2024-10-24T03:17:11.526+0000] {logging_mixin.py:188} INFO - [2024-10-24T03:17:11.525+0000] {dagbag.py:540} INFO - Filling up the DagBag from /opt/airflow/dags/webscrape_dag.py
[2024-10-24T03:17:11.538+0000] {processor.py:840} INFO - DAG(s) 'Webscraping' retrieved from /opt/airflow/dags/webscrape_dag.py
[2024-10-24T03:17:11.570+0000] {logging_mixin.py:188} INFO - [2024-10-24T03:17:11.569+0000] {dag.py:3047} INFO - Sync 1 DAGs
[2024-10-24T03:17:11.581+0000] {logging_mixin.py:188} INFO - [2024-10-24T03:17:11.581+0000] {dag.py:3834} INFO - Setting next_dagrun for Webscraping to None, run_after=None
[2024-10-24T03:17:11.607+0000] {processor.py:183} INFO - Processing /opt/airflow/dags/webscrape_dag.py took 0.089 seconds
