[2024-07-17T08:05:44.538+0000] {taskinstance.py:1979} INFO - Dependencies all met for dep_context=non-requeueable deps ti=<TaskInstance: Webscraping.Pre-Scrape_script manual__2024-07-17T08:05:42.016473+00:00 [queued]>
[2024-07-17T08:05:44.548+0000] {taskinstance.py:1979} INFO - Dependencies all met for dep_context=requeueable deps ti=<TaskInstance: Webscraping.Pre-Scrape_script manual__2024-07-17T08:05:42.016473+00:00 [queued]>
[2024-07-17T08:05:44.548+0000] {taskinstance.py:2193} INFO - Starting attempt 1 of 2
[2024-07-17T08:05:44.564+0000] {taskinstance.py:2217} INFO - Executing <Task(BashOperator): Pre-Scrape_script> on 2024-07-17 08:05:42.016473+00:00
[2024-07-17T08:05:44.568+0000] {standard_task_runner.py:60} INFO - Started process 87 to run task
[2024-07-17T08:05:44.571+0000] {standard_task_runner.py:87} INFO - Running: ['***', 'tasks', 'run', 'Webscraping', 'Pre-Scrape_script', 'manual__2024-07-17T08:05:42.016473+00:00', '--job-id', '135', '--raw', '--subdir', 'DAGS_FOLDER/webscrape_dag.py', '--cfg-path', '/tmp/tmpyu0xx0jf']
[2024-07-17T08:05:44.572+0000] {standard_task_runner.py:88} INFO - Job 135: Subtask Pre-Scrape_script
[2024-07-17T08:05:44.626+0000] {task_command.py:423} INFO - Running <TaskInstance: Webscraping.Pre-Scrape_script manual__2024-07-17T08:05:42.016473+00:00 [running]> on host 38ede6ac67ba
[2024-07-17T08:05:44.711+0000] {taskinstance.py:2513} INFO - Exporting env vars: AIRFLOW_CTX_DAG_OWNER='***' AIRFLOW_CTX_DAG_ID='Webscraping' AIRFLOW_CTX_TASK_ID='Pre-Scrape_script' AIRFLOW_CTX_EXECUTION_DATE='2024-07-17T08:05:42.016473+00:00' AIRFLOW_CTX_TRY_NUMBER='1' AIRFLOW_CTX_DAG_RUN_ID='manual__2024-07-17T08:05:42.016473+00:00'
[2024-07-17T08:05:44.712+0000] {subprocess.py:63} INFO - Tmp dir root location: /tmp
[2024-07-17T08:05:44.712+0000] {subprocess.py:75} INFO - Running command: ['/usr/bin/bash', '-c', 'python3 /webscrape_scripts/pre_scrape.py']
[2024-07-17T08:05:44.722+0000] {subprocess.py:86} INFO - Output:
[2024-07-17T08:05:44.743+0000] {subprocess.py:93} INFO - python3: can't open file '/webscrape_scripts/pre_scrape.py': [Errno 2] No such file or directory
[2024-07-17T08:05:44.745+0000] {subprocess.py:97} INFO - Command exited with return code 2
[2024-07-17T08:05:44.757+0000] {taskinstance.py:2731} ERROR - Task failed with exception
Traceback (most recent call last):
  File "/home/airflow/.local/lib/python3.8/site-packages/airflow/models/taskinstance.py", line 444, in _execute_task
    result = _execute_callable(context=context, **execute_callable_kwargs)
  File "/home/airflow/.local/lib/python3.8/site-packages/airflow/models/taskinstance.py", line 414, in _execute_callable
    return execute_callable(context=context, **execute_callable_kwargs)
  File "/home/airflow/.local/lib/python3.8/site-packages/airflow/operators/bash.py", line 212, in execute
    raise AirflowException(
airflow.exceptions.AirflowException: Bash command failed. The command returned a non-zero exit code 2.
[2024-07-17T08:05:44.760+0000] {taskinstance.py:1149} INFO - Marking task as UP_FOR_RETRY. dag_id=Webscraping, task_id=Pre-Scrape_script, execution_date=20240717T080542, start_date=20240717T080544, end_date=20240717T080544
[2024-07-17T08:05:44.774+0000] {standard_task_runner.py:107} ERROR - Failed to execute job 135 for task Pre-Scrape_script (Bash command failed. The command returned a non-zero exit code 2.; 87)
[2024-07-17T08:05:44.785+0000] {local_task_job_runner.py:234} INFO - Task exited with return code 1
[2024-07-17T08:05:44.810+0000] {taskinstance.py:3312} INFO - 0 downstream tasks scheduled from follow-on schedule check
