[2024-07-17T07:18:58.494+0000] {taskinstance.py:1979} INFO - Dependencies all met for dep_context=non-requeueable deps ti=<TaskInstance: Webscraping.Pre-Scrape_script manual__2024-07-17T07:18:55.077368+00:00 [queued]>
[2024-07-17T07:18:58.503+0000] {taskinstance.py:1979} INFO - Dependencies all met for dep_context=requeueable deps ti=<TaskInstance: Webscraping.Pre-Scrape_script manual__2024-07-17T07:18:55.077368+00:00 [queued]>
[2024-07-17T07:18:58.503+0000] {taskinstance.py:2193} INFO - Starting attempt 1 of 2
[2024-07-17T07:18:58.518+0000] {taskinstance.py:2217} INFO - Executing <Task(BashOperator): Pre-Scrape_script> on 2024-07-17 07:18:55.077368+00:00
[2024-07-17T07:18:58.521+0000] {standard_task_runner.py:60} INFO - Started process 63 to run task
[2024-07-17T07:18:58.526+0000] {standard_task_runner.py:87} INFO - Running: ['***', 'tasks', 'run', 'Webscraping', 'Pre-Scrape_script', 'manual__2024-07-17T07:18:55.077368+00:00', '--job-id', '99', '--raw', '--subdir', 'DAGS_FOLDER/webscrape_dag.py', '--cfg-path', '/tmp/tmp3f4au7rt']
[2024-07-17T07:18:58.528+0000] {standard_task_runner.py:88} INFO - Job 99: Subtask Pre-Scrape_script
[2024-07-17T07:18:58.588+0000] {task_command.py:423} INFO - Running <TaskInstance: Webscraping.Pre-Scrape_script manual__2024-07-17T07:18:55.077368+00:00 [running]> on host 11bf965559b0
[2024-07-17T07:18:58.710+0000] {taskinstance.py:2513} INFO - Exporting env vars: AIRFLOW_CTX_DAG_OWNER='***' AIRFLOW_CTX_DAG_ID='Webscraping' AIRFLOW_CTX_TASK_ID='Pre-Scrape_script' AIRFLOW_CTX_EXECUTION_DATE='2024-07-17T07:18:55.077368+00:00' AIRFLOW_CTX_TRY_NUMBER='1' AIRFLOW_CTX_DAG_RUN_ID='manual__2024-07-17T07:18:55.077368+00:00'
[2024-07-17T07:18:58.711+0000] {subprocess.py:63} INFO - Tmp dir root location: /tmp
[2024-07-17T07:18:58.713+0000] {subprocess.py:75} INFO - Running command: ['/usr/bin/bash', '-c', 'python3 /home/ec2-user/pre_scrape.py']
[2024-07-17T07:18:58.725+0000] {subprocess.py:86} INFO - Output:
[2024-07-17T07:18:58.750+0000] {subprocess.py:93} INFO - python3: can't open file '/home/ec2-user/pre_scrape.py': [Errno 2] No such file or directory
[2024-07-17T07:18:58.754+0000] {subprocess.py:97} INFO - Command exited with return code 2
[2024-07-17T07:18:58.764+0000] {taskinstance.py:2731} ERROR - Task failed with exception
Traceback (most recent call last):
  File "/home/airflow/.local/lib/python3.8/site-packages/airflow/models/taskinstance.py", line 444, in _execute_task
    result = _execute_callable(context=context, **execute_callable_kwargs)
  File "/home/airflow/.local/lib/python3.8/site-packages/airflow/models/taskinstance.py", line 414, in _execute_callable
    return execute_callable(context=context, **execute_callable_kwargs)
  File "/home/airflow/.local/lib/python3.8/site-packages/airflow/operators/bash.py", line 212, in execute
    raise AirflowException(
airflow.exceptions.AirflowException: Bash command failed. The command returned a non-zero exit code 2.
[2024-07-17T07:18:58.768+0000] {taskinstance.py:1149} INFO - Marking task as UP_FOR_RETRY. dag_id=Webscraping, task_id=Pre-Scrape_script, execution_date=20240717T071855, start_date=20240717T071858, end_date=20240717T071858
[2024-07-17T07:18:58.782+0000] {standard_task_runner.py:107} ERROR - Failed to execute job 99 for task Pre-Scrape_script (Bash command failed. The command returned a non-zero exit code 2.; 63)
[2024-07-17T07:18:58.824+0000] {local_task_job_runner.py:234} INFO - Task exited with return code 1
[2024-07-17T07:18:58.860+0000] {taskinstance.py:3312} INFO - 0 downstream tasks scheduled from follow-on schedule check
