[2024-07-17T07:16:06.597+0000] {taskinstance.py:1979} INFO - Dependencies all met for dep_context=non-requeueable deps ti=<TaskInstance: Webscraping.Start_Janusgraph manual__2024-07-17T07:16:05.561922+00:00 [queued]>
[2024-07-17T07:16:06.609+0000] {taskinstance.py:1979} INFO - Dependencies all met for dep_context=requeueable deps ti=<TaskInstance: Webscraping.Start_Janusgraph manual__2024-07-17T07:16:05.561922+00:00 [queued]>
[2024-07-17T07:16:06.609+0000] {taskinstance.py:2193} INFO - Starting attempt 1 of 2
[2024-07-17T07:16:06.631+0000] {taskinstance.py:2217} INFO - Executing <Task(BashOperator): Start_Janusgraph> on 2024-07-17 07:16:05.561922+00:00
[2024-07-17T07:16:06.636+0000] {standard_task_runner.py:60} INFO - Started process 1231 to run task
[2024-07-17T07:16:06.642+0000] {standard_task_runner.py:87} INFO - Running: ['***', 'tasks', 'run', 'Webscraping', 'Start_Janusgraph', 'manual__2024-07-17T07:16:05.561922+00:00', '--job-id', '95', '--raw', '--subdir', 'DAGS_FOLDER/webscrape_dag.py', '--cfg-path', '/tmp/tmpisi9axhk']
[2024-07-17T07:16:06.643+0000] {standard_task_runner.py:88} INFO - Job 95: Subtask Start_Janusgraph
[2024-07-17T07:16:06.701+0000] {task_command.py:423} INFO - Running <TaskInstance: Webscraping.Start_Janusgraph manual__2024-07-17T07:16:05.561922+00:00 [running]> on host 11bf965559b0
[2024-07-17T07:16:06.794+0000] {taskinstance.py:2513} INFO - Exporting env vars: AIRFLOW_CTX_DAG_OWNER='***' AIRFLOW_CTX_DAG_ID='Webscraping' AIRFLOW_CTX_TASK_ID='Start_Janusgraph' AIRFLOW_CTX_EXECUTION_DATE='2024-07-17T07:16:05.561922+00:00' AIRFLOW_CTX_TRY_NUMBER='1' AIRFLOW_CTX_DAG_RUN_ID='manual__2024-07-17T07:16:05.561922+00:00'
[2024-07-17T07:16:06.795+0000] {subprocess.py:63} INFO - Tmp dir root location: /tmp
[2024-07-17T07:16:06.795+0000] {subprocess.py:75} INFO - Running command: ['/usr/bin/bash', '-c', 'echo "Starting Janusgraph container" && docker start janusgraph-server']
[2024-07-17T07:16:06.805+0000] {subprocess.py:86} INFO - Output:
[2024-07-17T07:16:06.808+0000] {subprocess.py:93} INFO - Starting Janusgraph container
[2024-07-17T07:16:06.820+0000] {subprocess.py:93} INFO - permission denied while trying to connect to the Docker daemon socket at unix:///var/run/docker.sock: Post "http://%2Fvar%2Frun%2Fdocker.sock/v1.44/containers/janusgraph-server/start": dial unix /var/run/docker.sock: connect: permission denied
[2024-07-17T07:16:06.820+0000] {subprocess.py:93} INFO - Error: failed to start containers: janusgraph-server
[2024-07-17T07:16:06.821+0000] {subprocess.py:97} INFO - Command exited with return code 1
[2024-07-17T07:16:06.834+0000] {taskinstance.py:2731} ERROR - Task failed with exception
Traceback (most recent call last):
  File "/home/airflow/.local/lib/python3.8/site-packages/airflow/models/taskinstance.py", line 444, in _execute_task
    result = _execute_callable(context=context, **execute_callable_kwargs)
  File "/home/airflow/.local/lib/python3.8/site-packages/airflow/models/taskinstance.py", line 414, in _execute_callable
    return execute_callable(context=context, **execute_callable_kwargs)
  File "/home/airflow/.local/lib/python3.8/site-packages/airflow/operators/bash.py", line 212, in execute
    raise AirflowException(
airflow.exceptions.AirflowException: Bash command failed. The command returned a non-zero exit code 1.
[2024-07-17T07:16:06.837+0000] {taskinstance.py:1149} INFO - Marking task as UP_FOR_RETRY. dag_id=Webscraping, task_id=Start_Janusgraph, execution_date=20240717T071605, start_date=20240717T071606, end_date=20240717T071606
[2024-07-17T07:16:06.852+0000] {standard_task_runner.py:107} ERROR - Failed to execute job 95 for task Start_Janusgraph (Bash command failed. The command returned a non-zero exit code 1.; 1231)
[2024-07-17T07:16:06.896+0000] {local_task_job_runner.py:234} INFO - Task exited with return code 1
[2024-07-17T07:16:06.920+0000] {taskinstance.py:3312} INFO - 0 downstream tasks scheduled from follow-on schedule check
