[2024-07-17T21:24:00.959+0000] {taskinstance.py:1979} INFO - Dependencies all met for dep_context=non-requeueable deps ti=<TaskInstance: Webscraping.Pre-Scrape_script manual__2024-07-17T08:25:37.156618+00:00 [queued]>
[2024-07-17T21:24:00.970+0000] {taskinstance.py:1979} INFO - Dependencies all met for dep_context=requeueable deps ti=<TaskInstance: Webscraping.Pre-Scrape_script manual__2024-07-17T08:25:37.156618+00:00 [queued]>
[2024-07-17T21:24:00.970+0000] {taskinstance.py:2193} INFO - Starting attempt 10 of 10
[2024-07-17T21:24:00.986+0000] {taskinstance.py:2217} INFO - Executing <Task(BashOperator): Pre-Scrape_script> on 2024-07-17 08:25:37.156618+00:00
[2024-07-17T21:24:00.989+0000] {standard_task_runner.py:60} INFO - Started process 299 to run task
[2024-07-17T21:24:00.992+0000] {standard_task_runner.py:87} INFO - Running: ['***', 'tasks', 'run', 'Webscraping', 'Pre-Scrape_script', 'manual__2024-07-17T08:25:37.156618+00:00', '--job-id', '170', '--raw', '--subdir', 'DAGS_FOLDER/webscrape_dag.py', '--cfg-path', '/tmp/tmp1cww_mu1']
[2024-07-17T21:24:00.993+0000] {standard_task_runner.py:88} INFO - Job 170: Subtask Pre-Scrape_script
[2024-07-17T21:24:01.044+0000] {task_command.py:423} INFO - Running <TaskInstance: Webscraping.Pre-Scrape_script manual__2024-07-17T08:25:37.156618+00:00 [running]> on host d02a81fe6cad
[2024-07-17T21:24:01.135+0000] {taskinstance.py:2513} INFO - Exporting env vars: AIRFLOW_CTX_DAG_OWNER='***' AIRFLOW_CTX_DAG_ID='Webscraping' AIRFLOW_CTX_TASK_ID='Pre-Scrape_script' AIRFLOW_CTX_EXECUTION_DATE='2024-07-17T08:25:37.156618+00:00' AIRFLOW_CTX_TRY_NUMBER='10' AIRFLOW_CTX_DAG_RUN_ID='manual__2024-07-17T08:25:37.156618+00:00'
[2024-07-17T21:24:01.136+0000] {subprocess.py:63} INFO - Tmp dir root location: /tmp
[2024-07-17T21:24:01.136+0000] {subprocess.py:75} INFO - Running command: ['/usr/bin/bash', '-c', 'echo "Starting Pre-scrape script" && python3 pre_scrape.py']
[2024-07-17T21:24:01.147+0000] {subprocess.py:86} INFO - Output:
[2024-07-17T21:24:01.149+0000] {subprocess.py:93} INFO - Starting Pre-scrape script
[2024-07-17T21:24:01.170+0000] {subprocess.py:93} INFO - python3: can't open file 'pre_scrape.py': [Errno 2] No such file or directory
[2024-07-17T21:24:01.172+0000] {subprocess.py:97} INFO - Command exited with return code 2
[2024-07-17T21:24:01.182+0000] {taskinstance.py:2731} ERROR - Task failed with exception
Traceback (most recent call last):
  File "/home/airflow/.local/lib/python3.8/site-packages/airflow/models/taskinstance.py", line 444, in _execute_task
    result = _execute_callable(context=context, **execute_callable_kwargs)
  File "/home/airflow/.local/lib/python3.8/site-packages/airflow/models/taskinstance.py", line 414, in _execute_callable
    return execute_callable(context=context, **execute_callable_kwargs)
  File "/home/airflow/.local/lib/python3.8/site-packages/airflow/operators/bash.py", line 212, in execute
    raise AirflowException(
airflow.exceptions.AirflowException: Bash command failed. The command returned a non-zero exit code 2.
[2024-07-17T21:24:01.187+0000] {taskinstance.py:1149} INFO - Marking task as FAILED. dag_id=Webscraping, task_id=Pre-Scrape_script, execution_date=20240717T082537, start_date=20240717T212400, end_date=20240717T212401
[2024-07-17T21:24:01.199+0000] {standard_task_runner.py:107} ERROR - Failed to execute job 170 for task Pre-Scrape_script (Bash command failed. The command returned a non-zero exit code 2.; 299)
[2024-07-17T21:24:01.247+0000] {local_task_job_runner.py:234} INFO - Task exited with return code 1
[2024-07-17T21:24:01.273+0000] {taskinstance.py:3312} INFO - 0 downstream tasks scheduled from follow-on schedule check
