[2024-07-18T01:04:15.796+0000] {taskinstance.py:1979} INFO - Dependencies all met for dep_context=non-requeueable deps ti=<TaskInstance: Webscraping.Pre-Scrape_script manual__2024-07-18T00:59:12.060617+00:00 [queued]>
[2024-07-18T01:04:15.806+0000] {taskinstance.py:1979} INFO - Dependencies all met for dep_context=requeueable deps ti=<TaskInstance: Webscraping.Pre-Scrape_script manual__2024-07-18T00:59:12.060617+00:00 [queued]>
[2024-07-18T01:04:15.806+0000] {taskinstance.py:2193} INFO - Starting attempt 2 of 2
[2024-07-18T01:04:15.820+0000] {taskinstance.py:2217} INFO - Executing <Task(BashOperator): Pre-Scrape_script> on 2024-07-18 00:59:12.060617+00:00
[2024-07-18T01:04:15.823+0000] {standard_task_runner.py:60} INFO - Started process 815 to run task
[2024-07-18T01:04:15.826+0000] {standard_task_runner.py:87} INFO - Running: ['***', 'tasks', 'run', 'Webscraping', 'Pre-Scrape_script', 'manual__2024-07-18T00:59:12.060617+00:00', '--job-id', '183', '--raw', '--subdir', 'DAGS_FOLDER/webscrape_dag.py', '--cfg-path', '/tmp/tmp_96gp3l4']
[2024-07-18T01:04:15.827+0000] {standard_task_runner.py:88} INFO - Job 183: Subtask Pre-Scrape_script
[2024-07-18T01:04:15.879+0000] {task_command.py:423} INFO - Running <TaskInstance: Webscraping.Pre-Scrape_script manual__2024-07-18T00:59:12.060617+00:00 [running]> on host f0bcb684cd3a
[2024-07-18T01:04:15.961+0000] {taskinstance.py:2513} INFO - Exporting env vars: AIRFLOW_CTX_DAG_OWNER='***' AIRFLOW_CTX_DAG_ID='Webscraping' AIRFLOW_CTX_TASK_ID='Pre-Scrape_script' AIRFLOW_CTX_EXECUTION_DATE='2024-07-18T00:59:12.060617+00:00' AIRFLOW_CTX_TRY_NUMBER='2' AIRFLOW_CTX_DAG_RUN_ID='manual__2024-07-18T00:59:12.060617+00:00'
[2024-07-18T01:04:15.962+0000] {subprocess.py:63} INFO - Tmp dir root location: /tmp
[2024-07-18T01:04:15.963+0000] {subprocess.py:75} INFO - Running command: ['/usr/bin/bash', '-c', 'ssh -i /root/.ssh/id_rsa_*** ec2-user@3.22.55.181 "python3 /home/ec2-user/pre_scrape.py"']
[2024-07-18T01:04:15.972+0000] {subprocess.py:86} INFO - Output:
[2024-07-18T01:04:15.978+0000] {subprocess.py:93} INFO - Warning: Identity file /root/.ssh/id_rsa_*** not accessible: Permission denied.
[2024-07-18T01:04:16.000+0000] {subprocess.py:93} INFO - Host key verification failed.
[2024-07-18T01:04:16.000+0000] {subprocess.py:97} INFO - Command exited with return code 255
[2024-07-18T01:04:16.012+0000] {taskinstance.py:2731} ERROR - Task failed with exception
Traceback (most recent call last):
  File "/home/airflow/.local/lib/python3.8/site-packages/airflow/models/taskinstance.py", line 444, in _execute_task
    result = _execute_callable(context=context, **execute_callable_kwargs)
  File "/home/airflow/.local/lib/python3.8/site-packages/airflow/models/taskinstance.py", line 414, in _execute_callable
    return execute_callable(context=context, **execute_callable_kwargs)
  File "/home/airflow/.local/lib/python3.8/site-packages/airflow/operators/bash.py", line 212, in execute
    raise AirflowException(
airflow.exceptions.AirflowException: Bash command failed. The command returned a non-zero exit code 255.
[2024-07-18T01:04:16.014+0000] {taskinstance.py:1149} INFO - Marking task as FAILED. dag_id=Webscraping, task_id=Pre-Scrape_script, execution_date=20240718T005912, start_date=20240718T010415, end_date=20240718T010416
[2024-07-18T01:04:16.030+0000] {standard_task_runner.py:107} ERROR - Failed to execute job 183 for task Pre-Scrape_script (Bash command failed. The command returned a non-zero exit code 255.; 815)
[2024-07-18T01:04:16.039+0000] {local_task_job_runner.py:234} INFO - Task exited with return code 1
[2024-07-18T01:04:16.061+0000] {taskinstance.py:3312} INFO - 0 downstream tasks scheduled from follow-on schedule check
