[2024-08-08T23:13:08.801+0000] {processor.py:161} INFO - Started process (PID=34) to work on /opt/airflow/dags/webscrape_dag.py
[2024-08-08T23:13:08.802+0000] {processor.py:830} INFO - Processing file /opt/airflow/dags/webscrape_dag.py for tasks to queue
[2024-08-08T23:13:08.804+0000] {logging_mixin.py:188} INFO - [2024-08-08T23:13:08.803+0000] {dagbag.py:540} INFO - Filling up the DagBag from /opt/airflow/dags/webscrape_dag.py
[2024-08-08T23:13:08.840+0000] {processor.py:840} INFO - DAG(s) 'Webscraping' retrieved from /opt/airflow/dags/webscrape_dag.py
[2024-08-08T23:13:09.151+0000] {logging_mixin.py:188} INFO - [2024-08-08T23:13:09.151+0000] {dag.py:3047} INFO - Sync 1 DAGs
[2024-08-08T23:13:09.168+0000] {logging_mixin.py:188} INFO - [2024-08-08T23:13:09.168+0000] {dag.py:3834} INFO - Setting next_dagrun for Webscraping to None, run_after=None
[2024-08-08T23:13:09.197+0000] {processor.py:183} INFO - Processing /opt/airflow/dags/webscrape_dag.py took 0.398 seconds
[2024-08-08T23:13:39.349+0000] {processor.py:161} INFO - Started process (PID=40) to work on /opt/airflow/dags/webscrape_dag.py
[2024-08-08T23:13:39.349+0000] {processor.py:830} INFO - Processing file /opt/airflow/dags/webscrape_dag.py for tasks to queue
[2024-08-08T23:13:39.353+0000] {logging_mixin.py:188} INFO - [2024-08-08T23:13:39.353+0000] {dagbag.py:540} INFO - Filling up the DagBag from /opt/airflow/dags/webscrape_dag.py
[2024-08-08T23:13:39.363+0000] {processor.py:840} INFO - DAG(s) 'Webscraping' retrieved from /opt/airflow/dags/webscrape_dag.py
[2024-08-08T23:13:39.399+0000] {logging_mixin.py:188} INFO - [2024-08-08T23:13:39.399+0000] {dag.py:3047} INFO - Sync 1 DAGs
[2024-08-08T23:13:39.410+0000] {logging_mixin.py:188} INFO - [2024-08-08T23:13:39.410+0000] {dag.py:3834} INFO - Setting next_dagrun for Webscraping to None, run_after=None
[2024-08-08T23:13:39.434+0000] {processor.py:183} INFO - Processing /opt/airflow/dags/webscrape_dag.py took 0.088 seconds
[2024-08-08T23:14:09.506+0000] {processor.py:161} INFO - Started process (PID=46) to work on /opt/airflow/dags/webscrape_dag.py
[2024-08-08T23:14:09.508+0000] {processor.py:830} INFO - Processing file /opt/airflow/dags/webscrape_dag.py for tasks to queue
[2024-08-08T23:14:09.509+0000] {logging_mixin.py:188} INFO - [2024-08-08T23:14:09.509+0000] {dagbag.py:540} INFO - Filling up the DagBag from /opt/airflow/dags/webscrape_dag.py
[2024-08-08T23:14:09.522+0000] {processor.py:840} INFO - DAG(s) 'Webscraping' retrieved from /opt/airflow/dags/webscrape_dag.py
[2024-08-08T23:14:09.553+0000] {logging_mixin.py:188} INFO - [2024-08-08T23:14:09.552+0000] {dag.py:3047} INFO - Sync 1 DAGs
[2024-08-08T23:14:09.567+0000] {logging_mixin.py:188} INFO - [2024-08-08T23:14:09.567+0000] {dag.py:3834} INFO - Setting next_dagrun for Webscraping to None, run_after=None
[2024-08-08T23:14:09.593+0000] {processor.py:183} INFO - Processing /opt/airflow/dags/webscrape_dag.py took 0.090 seconds
[2024-08-08T23:14:39.726+0000] {processor.py:161} INFO - Started process (PID=53) to work on /opt/airflow/dags/webscrape_dag.py
[2024-08-08T23:14:39.727+0000] {processor.py:830} INFO - Processing file /opt/airflow/dags/webscrape_dag.py for tasks to queue
[2024-08-08T23:14:39.728+0000] {logging_mixin.py:188} INFO - [2024-08-08T23:14:39.727+0000] {dagbag.py:540} INFO - Filling up the DagBag from /opt/airflow/dags/webscrape_dag.py
[2024-08-08T23:14:39.738+0000] {processor.py:840} INFO - DAG(s) 'Webscraping' retrieved from /opt/airflow/dags/webscrape_dag.py
[2024-08-08T23:14:39.765+0000] {logging_mixin.py:188} INFO - [2024-08-08T23:14:39.765+0000] {dag.py:3047} INFO - Sync 1 DAGs
[2024-08-08T23:14:39.775+0000] {logging_mixin.py:188} INFO - [2024-08-08T23:14:39.775+0000] {dag.py:3834} INFO - Setting next_dagrun for Webscraping to None, run_after=None
[2024-08-08T23:14:39.799+0000] {processor.py:183} INFO - Processing /opt/airflow/dags/webscrape_dag.py took 0.076 seconds
[2024-08-08T23:15:09.891+0000] {processor.py:161} INFO - Started process (PID=59) to work on /opt/airflow/dags/webscrape_dag.py
[2024-08-08T23:15:09.892+0000] {processor.py:830} INFO - Processing file /opt/airflow/dags/webscrape_dag.py for tasks to queue
[2024-08-08T23:15:09.894+0000] {logging_mixin.py:188} INFO - [2024-08-08T23:15:09.893+0000] {dagbag.py:540} INFO - Filling up the DagBag from /opt/airflow/dags/webscrape_dag.py
[2024-08-08T23:15:09.905+0000] {processor.py:840} INFO - DAG(s) 'Webscraping' retrieved from /opt/airflow/dags/webscrape_dag.py
[2024-08-08T23:15:09.938+0000] {logging_mixin.py:188} INFO - [2024-08-08T23:15:09.938+0000] {dag.py:3047} INFO - Sync 1 DAGs
[2024-08-08T23:15:09.949+0000] {logging_mixin.py:188} INFO - [2024-08-08T23:15:09.949+0000] {dag.py:3834} INFO - Setting next_dagrun for Webscraping to None, run_after=None
[2024-08-08T23:15:09.971+0000] {processor.py:183} INFO - Processing /opt/airflow/dags/webscrape_dag.py took 0.083 seconds
[2024-08-08T23:15:40.089+0000] {processor.py:161} INFO - Started process (PID=66) to work on /opt/airflow/dags/webscrape_dag.py
[2024-08-08T23:15:40.090+0000] {processor.py:830} INFO - Processing file /opt/airflow/dags/webscrape_dag.py for tasks to queue
[2024-08-08T23:15:40.091+0000] {logging_mixin.py:188} INFO - [2024-08-08T23:15:40.091+0000] {dagbag.py:540} INFO - Filling up the DagBag from /opt/airflow/dags/webscrape_dag.py
[2024-08-08T23:15:40.099+0000] {processor.py:840} INFO - DAG(s) 'Webscraping' retrieved from /opt/airflow/dags/webscrape_dag.py
[2024-08-08T23:15:40.129+0000] {logging_mixin.py:188} INFO - [2024-08-08T23:15:40.129+0000] {dag.py:3047} INFO - Sync 1 DAGs
[2024-08-08T23:15:40.139+0000] {logging_mixin.py:188} INFO - [2024-08-08T23:15:40.139+0000] {dag.py:3834} INFO - Setting next_dagrun for Webscraping to None, run_after=None
[2024-08-08T23:15:40.165+0000] {processor.py:183} INFO - Processing /opt/airflow/dags/webscrape_dag.py took 0.080 seconds
[2024-08-08T23:16:10.261+0000] {processor.py:161} INFO - Started process (PID=72) to work on /opt/airflow/dags/webscrape_dag.py
[2024-08-08T23:16:10.264+0000] {processor.py:830} INFO - Processing file /opt/airflow/dags/webscrape_dag.py for tasks to queue
[2024-08-08T23:16:10.265+0000] {logging_mixin.py:188} INFO - [2024-08-08T23:16:10.265+0000] {dagbag.py:540} INFO - Filling up the DagBag from /opt/airflow/dags/webscrape_dag.py
[2024-08-08T23:16:10.277+0000] {processor.py:840} INFO - DAG(s) 'Webscraping' retrieved from /opt/airflow/dags/webscrape_dag.py
[2024-08-08T23:16:10.308+0000] {logging_mixin.py:188} INFO - [2024-08-08T23:16:10.308+0000] {dag.py:3047} INFO - Sync 1 DAGs
[2024-08-08T23:16:10.320+0000] {logging_mixin.py:188} INFO - [2024-08-08T23:16:10.320+0000] {dag.py:3834} INFO - Setting next_dagrun for Webscraping to None, run_after=None
[2024-08-08T23:16:10.339+0000] {processor.py:183} INFO - Processing /opt/airflow/dags/webscrape_dag.py took 0.080 seconds
[2024-08-08T23:16:40.453+0000] {processor.py:161} INFO - Started process (PID=79) to work on /opt/airflow/dags/webscrape_dag.py
[2024-08-08T23:16:40.454+0000] {processor.py:830} INFO - Processing file /opt/airflow/dags/webscrape_dag.py for tasks to queue
[2024-08-08T23:16:40.455+0000] {logging_mixin.py:188} INFO - [2024-08-08T23:16:40.455+0000] {dagbag.py:540} INFO - Filling up the DagBag from /opt/airflow/dags/webscrape_dag.py
[2024-08-08T23:16:40.468+0000] {processor.py:840} INFO - DAG(s) 'Webscraping' retrieved from /opt/airflow/dags/webscrape_dag.py
[2024-08-08T23:16:40.498+0000] {logging_mixin.py:188} INFO - [2024-08-08T23:16:40.497+0000] {dag.py:3047} INFO - Sync 1 DAGs
[2024-08-08T23:16:40.509+0000] {logging_mixin.py:188} INFO - [2024-08-08T23:16:40.508+0000] {dag.py:3834} INFO - Setting next_dagrun for Webscraping to None, run_after=None
[2024-08-08T23:16:40.534+0000] {processor.py:183} INFO - Processing /opt/airflow/dags/webscrape_dag.py took 0.083 seconds
[2024-08-08T23:17:10.615+0000] {processor.py:161} INFO - Started process (PID=86) to work on /opt/airflow/dags/webscrape_dag.py
[2024-08-08T23:17:10.617+0000] {processor.py:830} INFO - Processing file /opt/airflow/dags/webscrape_dag.py for tasks to queue
[2024-08-08T23:17:10.618+0000] {logging_mixin.py:188} INFO - [2024-08-08T23:17:10.618+0000] {dagbag.py:540} INFO - Filling up the DagBag from /opt/airflow/dags/webscrape_dag.py
[2024-08-08T23:17:10.629+0000] {processor.py:840} INFO - DAG(s) 'Webscraping' retrieved from /opt/airflow/dags/webscrape_dag.py
[2024-08-08T23:17:10.656+0000] {logging_mixin.py:188} INFO - [2024-08-08T23:17:10.656+0000] {dag.py:3047} INFO - Sync 1 DAGs
[2024-08-08T23:17:10.667+0000] {logging_mixin.py:188} INFO - [2024-08-08T23:17:10.667+0000] {dag.py:3834} INFO - Setting next_dagrun for Webscraping to None, run_after=None
[2024-08-08T23:17:10.691+0000] {processor.py:183} INFO - Processing /opt/airflow/dags/webscrape_dag.py took 0.078 seconds
[2024-08-08T23:17:40.826+0000] {processor.py:161} INFO - Started process (PID=93) to work on /opt/airflow/dags/webscrape_dag.py
[2024-08-08T23:17:40.826+0000] {processor.py:830} INFO - Processing file /opt/airflow/dags/webscrape_dag.py for tasks to queue
[2024-08-08T23:17:40.828+0000] {logging_mixin.py:188} INFO - [2024-08-08T23:17:40.827+0000] {dagbag.py:540} INFO - Filling up the DagBag from /opt/airflow/dags/webscrape_dag.py
[2024-08-08T23:17:40.839+0000] {processor.py:840} INFO - DAG(s) 'Webscraping' retrieved from /opt/airflow/dags/webscrape_dag.py
[2024-08-08T23:17:40.864+0000] {logging_mixin.py:188} INFO - [2024-08-08T23:17:40.864+0000] {dag.py:3047} INFO - Sync 1 DAGs
[2024-08-08T23:17:40.877+0000] {logging_mixin.py:188} INFO - [2024-08-08T23:17:40.877+0000] {dag.py:3834} INFO - Setting next_dagrun for Webscraping to None, run_after=None
[2024-08-08T23:17:40.900+0000] {processor.py:183} INFO - Processing /opt/airflow/dags/webscrape_dag.py took 0.076 seconds
[2024-08-08T23:18:11.000+0000] {processor.py:161} INFO - Started process (PID=100) to work on /opt/airflow/dags/webscrape_dag.py
[2024-08-08T23:18:11.001+0000] {processor.py:830} INFO - Processing file /opt/airflow/dags/webscrape_dag.py for tasks to queue
[2024-08-08T23:18:11.002+0000] {logging_mixin.py:188} INFO - [2024-08-08T23:18:11.002+0000] {dagbag.py:540} INFO - Filling up the DagBag from /opt/airflow/dags/webscrape_dag.py
[2024-08-08T23:18:11.012+0000] {processor.py:840} INFO - DAG(s) 'Webscraping' retrieved from /opt/airflow/dags/webscrape_dag.py
[2024-08-08T23:18:11.039+0000] {logging_mixin.py:188} INFO - [2024-08-08T23:18:11.039+0000] {dag.py:3047} INFO - Sync 1 DAGs
[2024-08-08T23:18:11.051+0000] {logging_mixin.py:188} INFO - [2024-08-08T23:18:11.050+0000] {dag.py:3834} INFO - Setting next_dagrun for Webscraping to None, run_after=None
[2024-08-08T23:18:11.074+0000] {processor.py:183} INFO - Processing /opt/airflow/dags/webscrape_dag.py took 0.078 seconds
[2024-08-08T23:18:41.178+0000] {processor.py:161} INFO - Started process (PID=107) to work on /opt/airflow/dags/webscrape_dag.py
[2024-08-08T23:18:41.179+0000] {processor.py:830} INFO - Processing file /opt/airflow/dags/webscrape_dag.py for tasks to queue
[2024-08-08T23:18:41.180+0000] {logging_mixin.py:188} INFO - [2024-08-08T23:18:41.180+0000] {dagbag.py:540} INFO - Filling up the DagBag from /opt/airflow/dags/webscrape_dag.py
[2024-08-08T23:18:41.190+0000] {processor.py:840} INFO - DAG(s) 'Webscraping' retrieved from /opt/airflow/dags/webscrape_dag.py
[2024-08-08T23:18:41.219+0000] {logging_mixin.py:188} INFO - [2024-08-08T23:18:41.218+0000] {dag.py:3047} INFO - Sync 1 DAGs
[2024-08-08T23:18:41.229+0000] {logging_mixin.py:188} INFO - [2024-08-08T23:18:41.229+0000] {dag.py:3834} INFO - Setting next_dagrun for Webscraping to None, run_after=None
[2024-08-08T23:18:41.251+0000] {processor.py:183} INFO - Processing /opt/airflow/dags/webscrape_dag.py took 0.075 seconds
[2024-08-08T23:19:11.355+0000] {processor.py:161} INFO - Started process (PID=114) to work on /opt/airflow/dags/webscrape_dag.py
[2024-08-08T23:19:11.356+0000] {processor.py:830} INFO - Processing file /opt/airflow/dags/webscrape_dag.py for tasks to queue
[2024-08-08T23:19:11.358+0000] {logging_mixin.py:188} INFO - [2024-08-08T23:19:11.357+0000] {dagbag.py:540} INFO - Filling up the DagBag from /opt/airflow/dags/webscrape_dag.py
[2024-08-08T23:19:11.367+0000] {processor.py:840} INFO - DAG(s) 'Webscraping' retrieved from /opt/airflow/dags/webscrape_dag.py
[2024-08-08T23:19:11.393+0000] {logging_mixin.py:188} INFO - [2024-08-08T23:19:11.392+0000] {dag.py:3047} INFO - Sync 1 DAGs
[2024-08-08T23:19:11.403+0000] {logging_mixin.py:188} INFO - [2024-08-08T23:19:11.403+0000] {dag.py:3834} INFO - Setting next_dagrun for Webscraping to None, run_after=None
[2024-08-08T23:19:11.426+0000] {processor.py:183} INFO - Processing /opt/airflow/dags/webscrape_dag.py took 0.074 seconds
[2024-08-08T23:19:41.532+0000] {processor.py:161} INFO - Started process (PID=121) to work on /opt/airflow/dags/webscrape_dag.py
[2024-08-08T23:19:41.533+0000] {processor.py:830} INFO - Processing file /opt/airflow/dags/webscrape_dag.py for tasks to queue
[2024-08-08T23:19:41.534+0000] {logging_mixin.py:188} INFO - [2024-08-08T23:19:41.534+0000] {dagbag.py:540} INFO - Filling up the DagBag from /opt/airflow/dags/webscrape_dag.py
[2024-08-08T23:19:41.545+0000] {processor.py:840} INFO - DAG(s) 'Webscraping' retrieved from /opt/airflow/dags/webscrape_dag.py
[2024-08-08T23:19:41.574+0000] {logging_mixin.py:188} INFO - [2024-08-08T23:19:41.574+0000] {dag.py:3047} INFO - Sync 1 DAGs
[2024-08-08T23:19:41.587+0000] {logging_mixin.py:188} INFO - [2024-08-08T23:19:41.586+0000] {dag.py:3834} INFO - Setting next_dagrun for Webscraping to None, run_after=None
[2024-08-08T23:19:41.607+0000] {processor.py:183} INFO - Processing /opt/airflow/dags/webscrape_dag.py took 0.077 seconds
[2024-08-08T23:20:11.700+0000] {processor.py:161} INFO - Started process (PID=128) to work on /opt/airflow/dags/webscrape_dag.py
[2024-08-08T23:20:11.702+0000] {processor.py:830} INFO - Processing file /opt/airflow/dags/webscrape_dag.py for tasks to queue
[2024-08-08T23:20:11.703+0000] {logging_mixin.py:188} INFO - [2024-08-08T23:20:11.703+0000] {dagbag.py:540} INFO - Filling up the DagBag from /opt/airflow/dags/webscrape_dag.py
[2024-08-08T23:20:11.713+0000] {processor.py:840} INFO - DAG(s) 'Webscraping' retrieved from /opt/airflow/dags/webscrape_dag.py
[2024-08-08T23:20:11.744+0000] {logging_mixin.py:188} INFO - [2024-08-08T23:20:11.744+0000] {dag.py:3047} INFO - Sync 1 DAGs
[2024-08-08T23:20:11.754+0000] {logging_mixin.py:188} INFO - [2024-08-08T23:20:11.754+0000] {dag.py:3834} INFO - Setting next_dagrun for Webscraping to None, run_after=None
[2024-08-08T23:20:11.775+0000] {processor.py:183} INFO - Processing /opt/airflow/dags/webscrape_dag.py took 0.078 seconds
[2024-08-08T23:20:41.889+0000] {processor.py:161} INFO - Started process (PID=135) to work on /opt/airflow/dags/webscrape_dag.py
[2024-08-08T23:20:41.891+0000] {processor.py:830} INFO - Processing file /opt/airflow/dags/webscrape_dag.py for tasks to queue
[2024-08-08T23:20:41.892+0000] {logging_mixin.py:188} INFO - [2024-08-08T23:20:41.892+0000] {dagbag.py:540} INFO - Filling up the DagBag from /opt/airflow/dags/webscrape_dag.py
[2024-08-08T23:20:41.900+0000] {processor.py:840} INFO - DAG(s) 'Webscraping' retrieved from /opt/airflow/dags/webscrape_dag.py
[2024-08-08T23:20:41.931+0000] {logging_mixin.py:188} INFO - [2024-08-08T23:20:41.931+0000] {dag.py:3047} INFO - Sync 1 DAGs
[2024-08-08T23:20:41.940+0000] {logging_mixin.py:188} INFO - [2024-08-08T23:20:41.940+0000] {dag.py:3834} INFO - Setting next_dagrun for Webscraping to None, run_after=None
[2024-08-08T23:20:41.959+0000] {processor.py:183} INFO - Processing /opt/airflow/dags/webscrape_dag.py took 0.072 seconds
[2024-08-08T23:21:12.054+0000] {processor.py:161} INFO - Started process (PID=142) to work on /opt/airflow/dags/webscrape_dag.py
[2024-08-08T23:21:12.054+0000] {processor.py:830} INFO - Processing file /opt/airflow/dags/webscrape_dag.py for tasks to queue
[2024-08-08T23:21:12.055+0000] {logging_mixin.py:188} INFO - [2024-08-08T23:21:12.055+0000] {dagbag.py:540} INFO - Filling up the DagBag from /opt/airflow/dags/webscrape_dag.py
[2024-08-08T23:21:12.065+0000] {processor.py:840} INFO - DAG(s) 'Webscraping' retrieved from /opt/airflow/dags/webscrape_dag.py
[2024-08-08T23:21:12.096+0000] {logging_mixin.py:188} INFO - [2024-08-08T23:21:12.096+0000] {dag.py:3047} INFO - Sync 1 DAGs
[2024-08-08T23:21:12.108+0000] {logging_mixin.py:188} INFO - [2024-08-08T23:21:12.108+0000] {dag.py:3834} INFO - Setting next_dagrun for Webscraping to None, run_after=None
[2024-08-08T23:21:12.131+0000] {processor.py:183} INFO - Processing /opt/airflow/dags/webscrape_dag.py took 0.080 seconds
[2024-08-08T23:21:42.228+0000] {processor.py:161} INFO - Started process (PID=149) to work on /opt/airflow/dags/webscrape_dag.py
[2024-08-08T23:21:42.231+0000] {processor.py:830} INFO - Processing file /opt/airflow/dags/webscrape_dag.py for tasks to queue
[2024-08-08T23:21:42.232+0000] {logging_mixin.py:188} INFO - [2024-08-08T23:21:42.232+0000] {dagbag.py:540} INFO - Filling up the DagBag from /opt/airflow/dags/webscrape_dag.py
[2024-08-08T23:21:42.241+0000] {processor.py:840} INFO - DAG(s) 'Webscraping' retrieved from /opt/airflow/dags/webscrape_dag.py
[2024-08-08T23:21:42.268+0000] {logging_mixin.py:188} INFO - [2024-08-08T23:21:42.268+0000] {dag.py:3047} INFO - Sync 1 DAGs
[2024-08-08T23:21:42.279+0000] {logging_mixin.py:188} INFO - [2024-08-08T23:21:42.279+0000] {dag.py:3834} INFO - Setting next_dagrun for Webscraping to None, run_after=None
[2024-08-08T23:21:42.299+0000] {processor.py:183} INFO - Processing /opt/airflow/dags/webscrape_dag.py took 0.074 seconds
[2024-08-08T23:22:12.419+0000] {processor.py:161} INFO - Started process (PID=156) to work on /opt/airflow/dags/webscrape_dag.py
[2024-08-08T23:22:12.420+0000] {processor.py:830} INFO - Processing file /opt/airflow/dags/webscrape_dag.py for tasks to queue
[2024-08-08T23:22:12.421+0000] {logging_mixin.py:188} INFO - [2024-08-08T23:22:12.421+0000] {dagbag.py:540} INFO - Filling up the DagBag from /opt/airflow/dags/webscrape_dag.py
[2024-08-08T23:22:12.435+0000] {processor.py:840} INFO - DAG(s) 'Webscraping' retrieved from /opt/airflow/dags/webscrape_dag.py
[2024-08-08T23:22:12.462+0000] {logging_mixin.py:188} INFO - [2024-08-08T23:22:12.462+0000] {dag.py:3047} INFO - Sync 1 DAGs
[2024-08-08T23:22:12.473+0000] {logging_mixin.py:188} INFO - [2024-08-08T23:22:12.473+0000] {dag.py:3834} INFO - Setting next_dagrun for Webscraping to None, run_after=None
[2024-08-08T23:22:12.494+0000] {processor.py:183} INFO - Processing /opt/airflow/dags/webscrape_dag.py took 0.077 seconds
[2024-08-08T23:22:42.576+0000] {processor.py:161} INFO - Started process (PID=162) to work on /opt/airflow/dags/webscrape_dag.py
[2024-08-08T23:22:42.578+0000] {processor.py:830} INFO - Processing file /opt/airflow/dags/webscrape_dag.py for tasks to queue
[2024-08-08T23:22:42.579+0000] {logging_mixin.py:188} INFO - [2024-08-08T23:22:42.579+0000] {dagbag.py:540} INFO - Filling up the DagBag from /opt/airflow/dags/webscrape_dag.py
[2024-08-08T23:22:42.589+0000] {processor.py:840} INFO - DAG(s) 'Webscraping' retrieved from /opt/airflow/dags/webscrape_dag.py
[2024-08-08T23:22:42.619+0000] {logging_mixin.py:188} INFO - [2024-08-08T23:22:42.619+0000] {dag.py:3047} INFO - Sync 1 DAGs
[2024-08-08T23:22:42.631+0000] {logging_mixin.py:188} INFO - [2024-08-08T23:22:42.631+0000] {dag.py:3834} INFO - Setting next_dagrun for Webscraping to None, run_after=None
[2024-08-08T23:22:42.653+0000] {processor.py:183} INFO - Processing /opt/airflow/dags/webscrape_dag.py took 0.079 seconds
[2024-08-08T23:23:12.795+0000] {processor.py:161} INFO - Started process (PID=169) to work on /opt/airflow/dags/webscrape_dag.py
[2024-08-08T23:23:12.795+0000] {processor.py:830} INFO - Processing file /opt/airflow/dags/webscrape_dag.py for tasks to queue
[2024-08-08T23:23:12.797+0000] {logging_mixin.py:188} INFO - [2024-08-08T23:23:12.797+0000] {dagbag.py:540} INFO - Filling up the DagBag from /opt/airflow/dags/webscrape_dag.py
[2024-08-08T23:23:12.808+0000] {processor.py:840} INFO - DAG(s) 'Webscraping' retrieved from /opt/airflow/dags/webscrape_dag.py
[2024-08-08T23:23:12.837+0000] {logging_mixin.py:188} INFO - [2024-08-08T23:23:12.837+0000] {dag.py:3047} INFO - Sync 1 DAGs
[2024-08-08T23:23:12.848+0000] {logging_mixin.py:188} INFO - [2024-08-08T23:23:12.848+0000] {dag.py:3834} INFO - Setting next_dagrun for Webscraping to None, run_after=None
[2024-08-08T23:23:12.871+0000] {processor.py:183} INFO - Processing /opt/airflow/dags/webscrape_dag.py took 0.079 seconds
[2024-08-08T23:23:42.947+0000] {processor.py:161} INFO - Started process (PID=176) to work on /opt/airflow/dags/webscrape_dag.py
[2024-08-08T23:23:42.949+0000] {processor.py:830} INFO - Processing file /opt/airflow/dags/webscrape_dag.py for tasks to queue
[2024-08-08T23:23:42.950+0000] {logging_mixin.py:188} INFO - [2024-08-08T23:23:42.950+0000] {dagbag.py:540} INFO - Filling up the DagBag from /opt/airflow/dags/webscrape_dag.py
[2024-08-08T23:23:42.960+0000] {processor.py:840} INFO - DAG(s) 'Webscraping' retrieved from /opt/airflow/dags/webscrape_dag.py
[2024-08-08T23:23:42.988+0000] {logging_mixin.py:188} INFO - [2024-08-08T23:23:42.988+0000] {dag.py:3047} INFO - Sync 1 DAGs
[2024-08-08T23:23:42.998+0000] {logging_mixin.py:188} INFO - [2024-08-08T23:23:42.998+0000] {dag.py:3834} INFO - Setting next_dagrun for Webscraping to None, run_after=None
[2024-08-08T23:23:43.023+0000] {processor.py:183} INFO - Processing /opt/airflow/dags/webscrape_dag.py took 0.078 seconds
[2024-08-08T23:24:13.148+0000] {processor.py:161} INFO - Started process (PID=183) to work on /opt/airflow/dags/webscrape_dag.py
[2024-08-08T23:24:13.149+0000] {processor.py:830} INFO - Processing file /opt/airflow/dags/webscrape_dag.py for tasks to queue
[2024-08-08T23:24:13.151+0000] {logging_mixin.py:188} INFO - [2024-08-08T23:24:13.150+0000] {dagbag.py:540} INFO - Filling up the DagBag from /opt/airflow/dags/webscrape_dag.py
[2024-08-08T23:24:13.160+0000] {processor.py:840} INFO - DAG(s) 'Webscraping' retrieved from /opt/airflow/dags/webscrape_dag.py
[2024-08-08T23:24:13.192+0000] {logging_mixin.py:188} INFO - [2024-08-08T23:24:13.192+0000] {dag.py:3047} INFO - Sync 1 DAGs
[2024-08-08T23:24:13.204+0000] {logging_mixin.py:188} INFO - [2024-08-08T23:24:13.204+0000] {dag.py:3834} INFO - Setting next_dagrun for Webscraping to None, run_after=None
[2024-08-08T23:24:13.228+0000] {processor.py:183} INFO - Processing /opt/airflow/dags/webscrape_dag.py took 0.082 seconds
[2024-08-08T23:24:43.301+0000] {processor.py:161} INFO - Started process (PID=190) to work on /opt/airflow/dags/webscrape_dag.py
[2024-08-08T23:24:43.303+0000] {processor.py:830} INFO - Processing file /opt/airflow/dags/webscrape_dag.py for tasks to queue
[2024-08-08T23:24:43.304+0000] {logging_mixin.py:188} INFO - [2024-08-08T23:24:43.304+0000] {dagbag.py:540} INFO - Filling up the DagBag from /opt/airflow/dags/webscrape_dag.py
[2024-08-08T23:24:43.315+0000] {processor.py:840} INFO - DAG(s) 'Webscraping' retrieved from /opt/airflow/dags/webscrape_dag.py
[2024-08-08T23:24:43.346+0000] {logging_mixin.py:188} INFO - [2024-08-08T23:24:43.346+0000] {dag.py:3047} INFO - Sync 1 DAGs
[2024-08-08T23:24:43.357+0000] {logging_mixin.py:188} INFO - [2024-08-08T23:24:43.356+0000] {dag.py:3834} INFO - Setting next_dagrun for Webscraping to None, run_after=None
[2024-08-08T23:24:43.377+0000] {processor.py:183} INFO - Processing /opt/airflow/dags/webscrape_dag.py took 0.079 seconds
[2024-08-08T23:25:13.506+0000] {processor.py:161} INFO - Started process (PID=196) to work on /opt/airflow/dags/webscrape_dag.py
[2024-08-08T23:25:13.506+0000] {processor.py:830} INFO - Processing file /opt/airflow/dags/webscrape_dag.py for tasks to queue
[2024-08-08T23:25:13.508+0000] {logging_mixin.py:188} INFO - [2024-08-08T23:25:13.507+0000] {dagbag.py:540} INFO - Filling up the DagBag from /opt/airflow/dags/webscrape_dag.py
[2024-08-08T23:25:13.519+0000] {processor.py:840} INFO - DAG(s) 'Webscraping' retrieved from /opt/airflow/dags/webscrape_dag.py
[2024-08-08T23:25:13.550+0000] {logging_mixin.py:188} INFO - [2024-08-08T23:25:13.550+0000] {dag.py:3047} INFO - Sync 1 DAGs
[2024-08-08T23:25:13.561+0000] {logging_mixin.py:188} INFO - [2024-08-08T23:25:13.561+0000] {dag.py:3834} INFO - Setting next_dagrun for Webscraping to None, run_after=None
[2024-08-08T23:25:13.583+0000] {processor.py:183} INFO - Processing /opt/airflow/dags/webscrape_dag.py took 0.080 seconds
[2024-08-08T23:25:43.657+0000] {processor.py:161} INFO - Started process (PID=202) to work on /opt/airflow/dags/webscrape_dag.py
[2024-08-08T23:25:43.658+0000] {processor.py:830} INFO - Processing file /opt/airflow/dags/webscrape_dag.py for tasks to queue
[2024-08-08T23:25:43.659+0000] {logging_mixin.py:188} INFO - [2024-08-08T23:25:43.659+0000] {dagbag.py:540} INFO - Filling up the DagBag from /opt/airflow/dags/webscrape_dag.py
[2024-08-08T23:25:43.670+0000] {processor.py:840} INFO - DAG(s) 'Webscraping' retrieved from /opt/airflow/dags/webscrape_dag.py
[2024-08-08T23:25:43.696+0000] {logging_mixin.py:188} INFO - [2024-08-08T23:25:43.696+0000] {dag.py:3047} INFO - Sync 1 DAGs
[2024-08-08T23:25:43.710+0000] {logging_mixin.py:188} INFO - [2024-08-08T23:25:43.710+0000] {dag.py:3834} INFO - Setting next_dagrun for Webscraping to None, run_after=None
[2024-08-08T23:25:43.729+0000] {processor.py:183} INFO - Processing /opt/airflow/dags/webscrape_dag.py took 0.075 seconds
[2024-08-08T23:26:13.858+0000] {processor.py:161} INFO - Started process (PID=209) to work on /opt/airflow/dags/webscrape_dag.py
[2024-08-08T23:26:13.858+0000] {processor.py:830} INFO - Processing file /opt/airflow/dags/webscrape_dag.py for tasks to queue
[2024-08-08T23:26:13.860+0000] {logging_mixin.py:188} INFO - [2024-08-08T23:26:13.859+0000] {dagbag.py:540} INFO - Filling up the DagBag from /opt/airflow/dags/webscrape_dag.py
[2024-08-08T23:26:13.871+0000] {processor.py:840} INFO - DAG(s) 'Webscraping' retrieved from /opt/airflow/dags/webscrape_dag.py
[2024-08-08T23:26:13.897+0000] {logging_mixin.py:188} INFO - [2024-08-08T23:26:13.897+0000] {dag.py:3047} INFO - Sync 1 DAGs
[2024-08-08T23:26:13.907+0000] {logging_mixin.py:188} INFO - [2024-08-08T23:26:13.907+0000] {dag.py:3834} INFO - Setting next_dagrun for Webscraping to None, run_after=None
[2024-08-08T23:26:13.930+0000] {processor.py:183} INFO - Processing /opt/airflow/dags/webscrape_dag.py took 0.076 seconds
[2024-08-08T23:26:44.010+0000] {processor.py:161} INFO - Started process (PID=216) to work on /opt/airflow/dags/webscrape_dag.py
[2024-08-08T23:26:44.012+0000] {processor.py:830} INFO - Processing file /opt/airflow/dags/webscrape_dag.py for tasks to queue
[2024-08-08T23:26:44.013+0000] {logging_mixin.py:188} INFO - [2024-08-08T23:26:44.013+0000] {dagbag.py:540} INFO - Filling up the DagBag from /opt/airflow/dags/webscrape_dag.py
[2024-08-08T23:26:44.023+0000] {processor.py:840} INFO - DAG(s) 'Webscraping' retrieved from /opt/airflow/dags/webscrape_dag.py
[2024-08-08T23:26:44.054+0000] {logging_mixin.py:188} INFO - [2024-08-08T23:26:44.053+0000] {dag.py:3047} INFO - Sync 1 DAGs
[2024-08-08T23:26:44.065+0000] {logging_mixin.py:188} INFO - [2024-08-08T23:26:44.065+0000] {dag.py:3834} INFO - Setting next_dagrun for Webscraping to None, run_after=None
[2024-08-08T23:26:44.086+0000] {processor.py:183} INFO - Processing /opt/airflow/dags/webscrape_dag.py took 0.079 seconds
[2024-08-08T23:27:14.198+0000] {processor.py:161} INFO - Started process (PID=223) to work on /opt/airflow/dags/webscrape_dag.py
[2024-08-08T23:27:14.198+0000] {processor.py:830} INFO - Processing file /opt/airflow/dags/webscrape_dag.py for tasks to queue
[2024-08-08T23:27:14.199+0000] {logging_mixin.py:188} INFO - [2024-08-08T23:27:14.199+0000] {dagbag.py:540} INFO - Filling up the DagBag from /opt/airflow/dags/webscrape_dag.py
[2024-08-08T23:27:14.209+0000] {processor.py:840} INFO - DAG(s) 'Webscraping' retrieved from /opt/airflow/dags/webscrape_dag.py
[2024-08-08T23:27:14.240+0000] {logging_mixin.py:188} INFO - [2024-08-08T23:27:14.240+0000] {dag.py:3047} INFO - Sync 1 DAGs
[2024-08-08T23:27:14.250+0000] {logging_mixin.py:188} INFO - [2024-08-08T23:27:14.250+0000] {dag.py:3834} INFO - Setting next_dagrun for Webscraping to None, run_after=None
[2024-08-08T23:27:14.271+0000] {processor.py:183} INFO - Processing /opt/airflow/dags/webscrape_dag.py took 0.075 seconds
[2024-08-08T23:27:44.352+0000] {processor.py:161} INFO - Started process (PID=230) to work on /opt/airflow/dags/webscrape_dag.py
[2024-08-08T23:27:44.354+0000] {processor.py:830} INFO - Processing file /opt/airflow/dags/webscrape_dag.py for tasks to queue
[2024-08-08T23:27:44.355+0000] {logging_mixin.py:188} INFO - [2024-08-08T23:27:44.355+0000] {dagbag.py:540} INFO - Filling up the DagBag from /opt/airflow/dags/webscrape_dag.py
[2024-08-08T23:27:44.366+0000] {processor.py:840} INFO - DAG(s) 'Webscraping' retrieved from /opt/airflow/dags/webscrape_dag.py
[2024-08-08T23:27:44.398+0000] {logging_mixin.py:188} INFO - [2024-08-08T23:27:44.398+0000] {dag.py:3047} INFO - Sync 1 DAGs
[2024-08-08T23:27:44.410+0000] {logging_mixin.py:188} INFO - [2024-08-08T23:27:44.410+0000] {dag.py:3834} INFO - Setting next_dagrun for Webscraping to None, run_after=None
[2024-08-08T23:27:44.435+0000] {processor.py:183} INFO - Processing /opt/airflow/dags/webscrape_dag.py took 0.087 seconds
[2024-08-08T23:28:14.558+0000] {processor.py:161} INFO - Started process (PID=236) to work on /opt/airflow/dags/webscrape_dag.py
[2024-08-08T23:28:14.558+0000] {processor.py:830} INFO - Processing file /opt/airflow/dags/webscrape_dag.py for tasks to queue
[2024-08-08T23:28:14.560+0000] {logging_mixin.py:188} INFO - [2024-08-08T23:28:14.559+0000] {dagbag.py:540} INFO - Filling up the DagBag from /opt/airflow/dags/webscrape_dag.py
[2024-08-08T23:28:14.570+0000] {processor.py:840} INFO - DAG(s) 'Webscraping' retrieved from /opt/airflow/dags/webscrape_dag.py
[2024-08-08T23:28:14.596+0000] {logging_mixin.py:188} INFO - [2024-08-08T23:28:14.596+0000] {dag.py:3047} INFO - Sync 1 DAGs
[2024-08-08T23:28:14.607+0000] {logging_mixin.py:188} INFO - [2024-08-08T23:28:14.607+0000] {dag.py:3834} INFO - Setting next_dagrun for Webscraping to None, run_after=None
[2024-08-08T23:28:14.629+0000] {processor.py:183} INFO - Processing /opt/airflow/dags/webscrape_dag.py took 0.073 seconds
[2024-08-08T23:28:44.719+0000] {processor.py:161} INFO - Started process (PID=243) to work on /opt/airflow/dags/webscrape_dag.py
[2024-08-08T23:28:44.720+0000] {processor.py:830} INFO - Processing file /opt/airflow/dags/webscrape_dag.py for tasks to queue
[2024-08-08T23:28:44.721+0000] {logging_mixin.py:188} INFO - [2024-08-08T23:28:44.721+0000] {dagbag.py:540} INFO - Filling up the DagBag from /opt/airflow/dags/webscrape_dag.py
[2024-08-08T23:28:44.731+0000] {processor.py:840} INFO - DAG(s) 'Webscraping' retrieved from /opt/airflow/dags/webscrape_dag.py
[2024-08-08T23:28:44.762+0000] {logging_mixin.py:188} INFO - [2024-08-08T23:28:44.762+0000] {dag.py:3047} INFO - Sync 1 DAGs
[2024-08-08T23:28:44.773+0000] {logging_mixin.py:188} INFO - [2024-08-08T23:28:44.773+0000] {dag.py:3834} INFO - Setting next_dagrun for Webscraping to None, run_after=None
[2024-08-08T23:28:44.794+0000] {processor.py:183} INFO - Processing /opt/airflow/dags/webscrape_dag.py took 0.079 seconds
[2024-08-08T23:29:14.906+0000] {processor.py:161} INFO - Started process (PID=250) to work on /opt/airflow/dags/webscrape_dag.py
[2024-08-08T23:29:14.906+0000] {processor.py:830} INFO - Processing file /opt/airflow/dags/webscrape_dag.py for tasks to queue
[2024-08-08T23:29:14.907+0000] {logging_mixin.py:188} INFO - [2024-08-08T23:29:14.907+0000] {dagbag.py:540} INFO - Filling up the DagBag from /opt/airflow/dags/webscrape_dag.py
[2024-08-08T23:29:14.920+0000] {processor.py:840} INFO - DAG(s) 'Webscraping' retrieved from /opt/airflow/dags/webscrape_dag.py
[2024-08-08T23:29:14.944+0000] {logging_mixin.py:188} INFO - [2024-08-08T23:29:14.944+0000] {dag.py:3047} INFO - Sync 1 DAGs
[2024-08-08T23:29:14.956+0000] {logging_mixin.py:188} INFO - [2024-08-08T23:29:14.956+0000] {dag.py:3834} INFO - Setting next_dagrun for Webscraping to None, run_after=None
[2024-08-08T23:29:14.976+0000] {processor.py:183} INFO - Processing /opt/airflow/dags/webscrape_dag.py took 0.073 seconds
[2024-08-08T23:29:45.057+0000] {processor.py:161} INFO - Started process (PID=257) to work on /opt/airflow/dags/webscrape_dag.py
[2024-08-08T23:29:45.059+0000] {processor.py:830} INFO - Processing file /opt/airflow/dags/webscrape_dag.py for tasks to queue
[2024-08-08T23:29:45.060+0000] {logging_mixin.py:188} INFO - [2024-08-08T23:29:45.060+0000] {dagbag.py:540} INFO - Filling up the DagBag from /opt/airflow/dags/webscrape_dag.py
[2024-08-08T23:29:45.072+0000] {processor.py:840} INFO - DAG(s) 'Webscraping' retrieved from /opt/airflow/dags/webscrape_dag.py
[2024-08-08T23:29:45.102+0000] {logging_mixin.py:188} INFO - [2024-08-08T23:29:45.101+0000] {dag.py:3047} INFO - Sync 1 DAGs
[2024-08-08T23:29:45.112+0000] {logging_mixin.py:188} INFO - [2024-08-08T23:29:45.112+0000] {dag.py:3834} INFO - Setting next_dagrun for Webscraping to None, run_after=None
[2024-08-08T23:29:45.135+0000] {processor.py:183} INFO - Processing /opt/airflow/dags/webscrape_dag.py took 0.080 seconds
[2024-08-08T23:30:15.256+0000] {processor.py:161} INFO - Started process (PID=263) to work on /opt/airflow/dags/webscrape_dag.py
[2024-08-08T23:30:15.258+0000] {processor.py:830} INFO - Processing file /opt/airflow/dags/webscrape_dag.py for tasks to queue
[2024-08-08T23:30:15.259+0000] {logging_mixin.py:188} INFO - [2024-08-08T23:30:15.259+0000] {dagbag.py:540} INFO - Filling up the DagBag from /opt/airflow/dags/webscrape_dag.py
[2024-08-08T23:30:15.269+0000] {processor.py:840} INFO - DAG(s) 'Webscraping' retrieved from /opt/airflow/dags/webscrape_dag.py
[2024-08-08T23:30:15.297+0000] {logging_mixin.py:188} INFO - [2024-08-08T23:30:15.297+0000] {dag.py:3047} INFO - Sync 1 DAGs
[2024-08-08T23:30:15.310+0000] {logging_mixin.py:188} INFO - [2024-08-08T23:30:15.310+0000] {dag.py:3834} INFO - Setting next_dagrun for Webscraping to None, run_after=None
[2024-08-08T23:30:15.331+0000] {processor.py:183} INFO - Processing /opt/airflow/dags/webscrape_dag.py took 0.079 seconds
[2024-08-08T23:30:45.409+0000] {processor.py:161} INFO - Started process (PID=270) to work on /opt/airflow/dags/webscrape_dag.py
[2024-08-08T23:30:45.410+0000] {processor.py:830} INFO - Processing file /opt/airflow/dags/webscrape_dag.py for tasks to queue
[2024-08-08T23:30:45.411+0000] {logging_mixin.py:188} INFO - [2024-08-08T23:30:45.411+0000] {dagbag.py:540} INFO - Filling up the DagBag from /opt/airflow/dags/webscrape_dag.py
[2024-08-08T23:30:45.424+0000] {processor.py:840} INFO - DAG(s) 'Webscraping' retrieved from /opt/airflow/dags/webscrape_dag.py
[2024-08-08T23:30:45.453+0000] {logging_mixin.py:188} INFO - [2024-08-08T23:30:45.453+0000] {dag.py:3047} INFO - Sync 1 DAGs
[2024-08-08T23:30:45.464+0000] {logging_mixin.py:188} INFO - [2024-08-08T23:30:45.464+0000] {dag.py:3834} INFO - Setting next_dagrun for Webscraping to None, run_after=None
[2024-08-08T23:30:45.486+0000] {processor.py:183} INFO - Processing /opt/airflow/dags/webscrape_dag.py took 0.079 seconds
[2024-08-08T23:31:15.611+0000] {processor.py:161} INFO - Started process (PID=277) to work on /opt/airflow/dags/webscrape_dag.py
[2024-08-08T23:31:15.613+0000] {processor.py:830} INFO - Processing file /opt/airflow/dags/webscrape_dag.py for tasks to queue
[2024-08-08T23:31:15.614+0000] {logging_mixin.py:188} INFO - [2024-08-08T23:31:15.614+0000] {dagbag.py:540} INFO - Filling up the DagBag from /opt/airflow/dags/webscrape_dag.py
[2024-08-08T23:31:15.624+0000] {processor.py:840} INFO - DAG(s) 'Webscraping' retrieved from /opt/airflow/dags/webscrape_dag.py
[2024-08-08T23:31:15.654+0000] {logging_mixin.py:188} INFO - [2024-08-08T23:31:15.654+0000] {dag.py:3047} INFO - Sync 1 DAGs
[2024-08-08T23:31:15.667+0000] {logging_mixin.py:188} INFO - [2024-08-08T23:31:15.667+0000] {dag.py:3834} INFO - Setting next_dagrun for Webscraping to None, run_after=None
[2024-08-08T23:31:15.688+0000] {processor.py:183} INFO - Processing /opt/airflow/dags/webscrape_dag.py took 0.079 seconds
[2024-08-08T23:31:45.762+0000] {processor.py:161} INFO - Started process (PID=283) to work on /opt/airflow/dags/webscrape_dag.py
[2024-08-08T23:31:45.763+0000] {processor.py:830} INFO - Processing file /opt/airflow/dags/webscrape_dag.py for tasks to queue
[2024-08-08T23:31:45.764+0000] {logging_mixin.py:188} INFO - [2024-08-08T23:31:45.764+0000] {dagbag.py:540} INFO - Filling up the DagBag from /opt/airflow/dags/webscrape_dag.py
[2024-08-08T23:31:45.775+0000] {processor.py:840} INFO - DAG(s) 'Webscraping' retrieved from /opt/airflow/dags/webscrape_dag.py
[2024-08-08T23:31:45.807+0000] {logging_mixin.py:188} INFO - [2024-08-08T23:31:45.807+0000] {dag.py:3047} INFO - Sync 1 DAGs
[2024-08-08T23:31:45.819+0000] {logging_mixin.py:188} INFO - [2024-08-08T23:31:45.819+0000] {dag.py:3834} INFO - Setting next_dagrun for Webscraping to None, run_after=None
[2024-08-08T23:31:45.842+0000] {processor.py:183} INFO - Processing /opt/airflow/dags/webscrape_dag.py took 0.083 seconds
[2024-08-08T23:32:15.956+0000] {processor.py:161} INFO - Started process (PID=290) to work on /opt/airflow/dags/webscrape_dag.py
[2024-08-08T23:32:15.957+0000] {processor.py:830} INFO - Processing file /opt/airflow/dags/webscrape_dag.py for tasks to queue
[2024-08-08T23:32:15.958+0000] {logging_mixin.py:188} INFO - [2024-08-08T23:32:15.958+0000] {dagbag.py:540} INFO - Filling up the DagBag from /opt/airflow/dags/webscrape_dag.py
[2024-08-08T23:32:15.968+0000] {processor.py:840} INFO - DAG(s) 'Webscraping' retrieved from /opt/airflow/dags/webscrape_dag.py
[2024-08-08T23:32:15.996+0000] {logging_mixin.py:188} INFO - [2024-08-08T23:32:15.995+0000] {dag.py:3047} INFO - Sync 1 DAGs
[2024-08-08T23:32:16.007+0000] {logging_mixin.py:188} INFO - [2024-08-08T23:32:16.007+0000] {dag.py:3834} INFO - Setting next_dagrun for Webscraping to None, run_after=None
[2024-08-08T23:32:16.025+0000] {processor.py:183} INFO - Processing /opt/airflow/dags/webscrape_dag.py took 0.073 seconds
[2024-08-08T23:32:46.108+0000] {processor.py:161} INFO - Started process (PID=296) to work on /opt/airflow/dags/webscrape_dag.py
[2024-08-08T23:32:46.108+0000] {processor.py:830} INFO - Processing file /opt/airflow/dags/webscrape_dag.py for tasks to queue
[2024-08-08T23:32:46.110+0000] {logging_mixin.py:188} INFO - [2024-08-08T23:32:46.109+0000] {dagbag.py:540} INFO - Filling up the DagBag from /opt/airflow/dags/webscrape_dag.py
[2024-08-08T23:32:46.119+0000] {processor.py:840} INFO - DAG(s) 'Webscraping' retrieved from /opt/airflow/dags/webscrape_dag.py
[2024-08-08T23:32:46.149+0000] {logging_mixin.py:188} INFO - [2024-08-08T23:32:46.149+0000] {dag.py:3047} INFO - Sync 1 DAGs
[2024-08-08T23:32:46.160+0000] {logging_mixin.py:188} INFO - [2024-08-08T23:32:46.160+0000] {dag.py:3834} INFO - Setting next_dagrun for Webscraping to None, run_after=None
[2024-08-08T23:32:46.182+0000] {processor.py:183} INFO - Processing /opt/airflow/dags/webscrape_dag.py took 0.076 seconds
[2024-08-08T23:33:16.314+0000] {processor.py:161} INFO - Started process (PID=303) to work on /opt/airflow/dags/webscrape_dag.py
[2024-08-08T23:33:16.316+0000] {processor.py:830} INFO - Processing file /opt/airflow/dags/webscrape_dag.py for tasks to queue
[2024-08-08T23:33:16.317+0000] {logging_mixin.py:188} INFO - [2024-08-08T23:33:16.317+0000] {dagbag.py:540} INFO - Filling up the DagBag from /opt/airflow/dags/webscrape_dag.py
[2024-08-08T23:33:16.328+0000] {processor.py:840} INFO - DAG(s) 'Webscraping' retrieved from /opt/airflow/dags/webscrape_dag.py
[2024-08-08T23:33:16.357+0000] {logging_mixin.py:188} INFO - [2024-08-08T23:33:16.357+0000] {dag.py:3047} INFO - Sync 1 DAGs
[2024-08-08T23:33:16.369+0000] {logging_mixin.py:188} INFO - [2024-08-08T23:33:16.368+0000] {dag.py:3834} INFO - Setting next_dagrun for Webscraping to None, run_after=None
[2024-08-08T23:33:16.389+0000] {processor.py:183} INFO - Processing /opt/airflow/dags/webscrape_dag.py took 0.078 seconds
[2024-08-08T23:33:46.472+0000] {processor.py:161} INFO - Started process (PID=309) to work on /opt/airflow/dags/webscrape_dag.py
[2024-08-08T23:33:46.472+0000] {processor.py:830} INFO - Processing file /opt/airflow/dags/webscrape_dag.py for tasks to queue
[2024-08-08T23:33:46.473+0000] {logging_mixin.py:188} INFO - [2024-08-08T23:33:46.473+0000] {dagbag.py:540} INFO - Filling up the DagBag from /opt/airflow/dags/webscrape_dag.py
[2024-08-08T23:33:46.485+0000] {processor.py:840} INFO - DAG(s) 'Webscraping' retrieved from /opt/airflow/dags/webscrape_dag.py
[2024-08-08T23:33:46.515+0000] {logging_mixin.py:188} INFO - [2024-08-08T23:33:46.515+0000] {dag.py:3047} INFO - Sync 1 DAGs
[2024-08-08T23:33:46.527+0000] {logging_mixin.py:188} INFO - [2024-08-08T23:33:46.527+0000] {dag.py:3834} INFO - Setting next_dagrun for Webscraping to None, run_after=None
[2024-08-08T23:33:46.549+0000] {processor.py:183} INFO - Processing /opt/airflow/dags/webscrape_dag.py took 0.080 seconds
[2024-08-08T23:34:16.683+0000] {processor.py:161} INFO - Started process (PID=315) to work on /opt/airflow/dags/webscrape_dag.py
[2024-08-08T23:34:16.685+0000] {processor.py:830} INFO - Processing file /opt/airflow/dags/webscrape_dag.py for tasks to queue
[2024-08-08T23:34:16.686+0000] {logging_mixin.py:188} INFO - [2024-08-08T23:34:16.686+0000] {dagbag.py:540} INFO - Filling up the DagBag from /opt/airflow/dags/webscrape_dag.py
[2024-08-08T23:34:16.695+0000] {processor.py:840} INFO - DAG(s) 'Webscraping' retrieved from /opt/airflow/dags/webscrape_dag.py
[2024-08-08T23:34:16.728+0000] {logging_mixin.py:188} INFO - [2024-08-08T23:34:16.728+0000] {dag.py:3047} INFO - Sync 1 DAGs
[2024-08-08T23:34:16.740+0000] {logging_mixin.py:188} INFO - [2024-08-08T23:34:16.739+0000] {dag.py:3834} INFO - Setting next_dagrun for Webscraping to None, run_after=None
[2024-08-08T23:34:16.763+0000] {processor.py:183} INFO - Processing /opt/airflow/dags/webscrape_dag.py took 0.083 seconds
[2024-08-08T23:34:46.853+0000] {processor.py:161} INFO - Started process (PID=322) to work on /opt/airflow/dags/webscrape_dag.py
[2024-08-08T23:34:46.854+0000] {processor.py:830} INFO - Processing file /opt/airflow/dags/webscrape_dag.py for tasks to queue
[2024-08-08T23:34:46.855+0000] {logging_mixin.py:188} INFO - [2024-08-08T23:34:46.855+0000] {dagbag.py:540} INFO - Filling up the DagBag from /opt/airflow/dags/webscrape_dag.py
[2024-08-08T23:34:46.863+0000] {processor.py:840} INFO - DAG(s) 'Webscraping' retrieved from /opt/airflow/dags/webscrape_dag.py
[2024-08-08T23:34:46.890+0000] {logging_mixin.py:188} INFO - [2024-08-08T23:34:46.890+0000] {dag.py:3047} INFO - Sync 1 DAGs
[2024-08-08T23:34:46.900+0000] {logging_mixin.py:188} INFO - [2024-08-08T23:34:46.900+0000] {dag.py:3834} INFO - Setting next_dagrun for Webscraping to None, run_after=None
[2024-08-08T23:34:46.921+0000] {processor.py:183} INFO - Processing /opt/airflow/dags/webscrape_dag.py took 0.071 seconds
[2024-08-08T23:35:17.054+0000] {processor.py:161} INFO - Started process (PID=329) to work on /opt/airflow/dags/webscrape_dag.py
[2024-08-08T23:35:17.056+0000] {processor.py:830} INFO - Processing file /opt/airflow/dags/webscrape_dag.py for tasks to queue
[2024-08-08T23:35:17.057+0000] {logging_mixin.py:188} INFO - [2024-08-08T23:35:17.057+0000] {dagbag.py:540} INFO - Filling up the DagBag from /opt/airflow/dags/webscrape_dag.py
[2024-08-08T23:35:17.067+0000] {processor.py:840} INFO - DAG(s) 'Webscraping' retrieved from /opt/airflow/dags/webscrape_dag.py
[2024-08-08T23:35:17.094+0000] {logging_mixin.py:188} INFO - [2024-08-08T23:35:17.094+0000] {dag.py:3047} INFO - Sync 1 DAGs
[2024-08-08T23:35:17.104+0000] {logging_mixin.py:188} INFO - [2024-08-08T23:35:17.104+0000] {dag.py:3834} INFO - Setting next_dagrun for Webscraping to None, run_after=None
[2024-08-08T23:35:17.128+0000] {processor.py:183} INFO - Processing /opt/airflow/dags/webscrape_dag.py took 0.076 seconds
[2024-08-08T23:35:47.212+0000] {processor.py:161} INFO - Started process (PID=336) to work on /opt/airflow/dags/webscrape_dag.py
[2024-08-08T23:35:47.213+0000] {processor.py:830} INFO - Processing file /opt/airflow/dags/webscrape_dag.py for tasks to queue
[2024-08-08T23:35:47.214+0000] {logging_mixin.py:188} INFO - [2024-08-08T23:35:47.214+0000] {dagbag.py:540} INFO - Filling up the DagBag from /opt/airflow/dags/webscrape_dag.py
[2024-08-08T23:35:47.225+0000] {processor.py:840} INFO - DAG(s) 'Webscraping' retrieved from /opt/airflow/dags/webscrape_dag.py
[2024-08-08T23:35:47.253+0000] {logging_mixin.py:188} INFO - [2024-08-08T23:35:47.253+0000] {dag.py:3047} INFO - Sync 1 DAGs
[2024-08-08T23:35:47.266+0000] {logging_mixin.py:188} INFO - [2024-08-08T23:35:47.263+0000] {dag.py:3834} INFO - Setting next_dagrun for Webscraping to None, run_after=None
[2024-08-08T23:35:47.285+0000] {processor.py:183} INFO - Processing /opt/airflow/dags/webscrape_dag.py took 0.075 seconds
[2024-08-08T23:36:17.407+0000] {processor.py:161} INFO - Started process (PID=343) to work on /opt/airflow/dags/webscrape_dag.py
[2024-08-08T23:36:17.408+0000] {processor.py:830} INFO - Processing file /opt/airflow/dags/webscrape_dag.py for tasks to queue
[2024-08-08T23:36:17.409+0000] {logging_mixin.py:188} INFO - [2024-08-08T23:36:17.409+0000] {dagbag.py:540} INFO - Filling up the DagBag from /opt/airflow/dags/webscrape_dag.py
[2024-08-08T23:36:17.419+0000] {processor.py:840} INFO - DAG(s) 'Webscraping' retrieved from /opt/airflow/dags/webscrape_dag.py
[2024-08-08T23:36:17.449+0000] {logging_mixin.py:188} INFO - [2024-08-08T23:36:17.449+0000] {dag.py:3047} INFO - Sync 1 DAGs
[2024-08-08T23:36:17.462+0000] {logging_mixin.py:188} INFO - [2024-08-08T23:36:17.462+0000] {dag.py:3834} INFO - Setting next_dagrun for Webscraping to None, run_after=None
[2024-08-08T23:36:17.482+0000] {processor.py:183} INFO - Processing /opt/airflow/dags/webscrape_dag.py took 0.079 seconds
[2024-08-08T23:36:47.571+0000] {processor.py:161} INFO - Started process (PID=350) to work on /opt/airflow/dags/webscrape_dag.py
[2024-08-08T23:36:47.571+0000] {processor.py:830} INFO - Processing file /opt/airflow/dags/webscrape_dag.py for tasks to queue
[2024-08-08T23:36:47.573+0000] {logging_mixin.py:188} INFO - [2024-08-08T23:36:47.572+0000] {dagbag.py:540} INFO - Filling up the DagBag from /opt/airflow/dags/webscrape_dag.py
[2024-08-08T23:36:47.584+0000] {processor.py:840} INFO - DAG(s) 'Webscraping' retrieved from /opt/airflow/dags/webscrape_dag.py
[2024-08-08T23:36:47.614+0000] {logging_mixin.py:188} INFO - [2024-08-08T23:36:47.614+0000] {dag.py:3047} INFO - Sync 1 DAGs
[2024-08-08T23:36:47.625+0000] {logging_mixin.py:188} INFO - [2024-08-08T23:36:47.625+0000] {dag.py:3834} INFO - Setting next_dagrun for Webscraping to None, run_after=None
[2024-08-08T23:36:47.648+0000] {processor.py:183} INFO - Processing /opt/airflow/dags/webscrape_dag.py took 0.080 seconds
[2024-08-08T23:37:17.756+0000] {processor.py:161} INFO - Started process (PID=357) to work on /opt/airflow/dags/webscrape_dag.py
[2024-08-08T23:37:17.758+0000] {processor.py:830} INFO - Processing file /opt/airflow/dags/webscrape_dag.py for tasks to queue
[2024-08-08T23:37:17.759+0000] {logging_mixin.py:188} INFO - [2024-08-08T23:37:17.759+0000] {dagbag.py:540} INFO - Filling up the DagBag from /opt/airflow/dags/webscrape_dag.py
[2024-08-08T23:37:17.769+0000] {processor.py:840} INFO - DAG(s) 'Webscraping' retrieved from /opt/airflow/dags/webscrape_dag.py
[2024-08-08T23:37:17.802+0000] {logging_mixin.py:188} INFO - [2024-08-08T23:37:17.802+0000] {dag.py:3047} INFO - Sync 1 DAGs
[2024-08-08T23:37:17.812+0000] {logging_mixin.py:188} INFO - [2024-08-08T23:37:17.812+0000] {dag.py:3834} INFO - Setting next_dagrun for Webscraping to None, run_after=None
[2024-08-08T23:37:17.836+0000] {processor.py:183} INFO - Processing /opt/airflow/dags/webscrape_dag.py took 0.083 seconds
[2024-08-08T23:37:47.921+0000] {processor.py:161} INFO - Started process (PID=365) to work on /opt/airflow/dags/webscrape_dag.py
[2024-08-08T23:37:47.922+0000] {processor.py:830} INFO - Processing file /opt/airflow/dags/webscrape_dag.py for tasks to queue
[2024-08-08T23:37:47.923+0000] {logging_mixin.py:188} INFO - [2024-08-08T23:37:47.923+0000] {dagbag.py:540} INFO - Filling up the DagBag from /opt/airflow/dags/webscrape_dag.py
[2024-08-08T23:37:47.933+0000] {processor.py:840} INFO - DAG(s) 'Webscraping' retrieved from /opt/airflow/dags/webscrape_dag.py
[2024-08-08T23:37:47.963+0000] {logging_mixin.py:188} INFO - [2024-08-08T23:37:47.963+0000] {dag.py:3047} INFO - Sync 1 DAGs
[2024-08-08T23:37:47.976+0000] {logging_mixin.py:188} INFO - [2024-08-08T23:37:47.976+0000] {dag.py:3834} INFO - Setting next_dagrun for Webscraping to None, run_after=None
[2024-08-08T23:37:47.999+0000] {processor.py:183} INFO - Processing /opt/airflow/dags/webscrape_dag.py took 0.081 seconds
[2024-08-08T23:38:18.138+0000] {processor.py:161} INFO - Started process (PID=372) to work on /opt/airflow/dags/webscrape_dag.py
[2024-08-08T23:38:18.140+0000] {processor.py:830} INFO - Processing file /opt/airflow/dags/webscrape_dag.py for tasks to queue
[2024-08-08T23:38:18.141+0000] {logging_mixin.py:188} INFO - [2024-08-08T23:38:18.141+0000] {dagbag.py:540} INFO - Filling up the DagBag from /opt/airflow/dags/webscrape_dag.py
[2024-08-08T23:38:18.149+0000] {processor.py:840} INFO - DAG(s) 'Webscraping' retrieved from /opt/airflow/dags/webscrape_dag.py
[2024-08-08T23:38:18.177+0000] {logging_mixin.py:188} INFO - [2024-08-08T23:38:18.177+0000] {dag.py:3047} INFO - Sync 1 DAGs
[2024-08-08T23:38:18.188+0000] {logging_mixin.py:188} INFO - [2024-08-08T23:38:18.188+0000] {dag.py:3834} INFO - Setting next_dagrun for Webscraping to None, run_after=None
[2024-08-08T23:38:18.211+0000] {processor.py:183} INFO - Processing /opt/airflow/dags/webscrape_dag.py took 0.075 seconds
[2024-08-08T23:38:48.289+0000] {processor.py:161} INFO - Started process (PID=379) to work on /opt/airflow/dags/webscrape_dag.py
[2024-08-08T23:38:48.289+0000] {processor.py:830} INFO - Processing file /opt/airflow/dags/webscrape_dag.py for tasks to queue
[2024-08-08T23:38:48.292+0000] {logging_mixin.py:188} INFO - [2024-08-08T23:38:48.291+0000] {dagbag.py:540} INFO - Filling up the DagBag from /opt/airflow/dags/webscrape_dag.py
[2024-08-08T23:38:48.303+0000] {processor.py:840} INFO - DAG(s) 'Webscraping' retrieved from /opt/airflow/dags/webscrape_dag.py
[2024-08-08T23:38:48.334+0000] {logging_mixin.py:188} INFO - [2024-08-08T23:38:48.334+0000] {dag.py:3047} INFO - Sync 1 DAGs
[2024-08-08T23:38:48.346+0000] {logging_mixin.py:188} INFO - [2024-08-08T23:38:48.346+0000] {dag.py:3834} INFO - Setting next_dagrun for Webscraping to None, run_after=None
[2024-08-08T23:38:48.367+0000] {processor.py:183} INFO - Processing /opt/airflow/dags/webscrape_dag.py took 0.081 seconds
[2024-08-08T23:39:18.498+0000] {processor.py:161} INFO - Started process (PID=386) to work on /opt/airflow/dags/webscrape_dag.py
[2024-08-08T23:39:18.500+0000] {processor.py:830} INFO - Processing file /opt/airflow/dags/webscrape_dag.py for tasks to queue
[2024-08-08T23:39:18.501+0000] {logging_mixin.py:188} INFO - [2024-08-08T23:39:18.501+0000] {dagbag.py:540} INFO - Filling up the DagBag from /opt/airflow/dags/webscrape_dag.py
[2024-08-08T23:39:18.511+0000] {processor.py:840} INFO - DAG(s) 'Webscraping' retrieved from /opt/airflow/dags/webscrape_dag.py
[2024-08-08T23:39:18.543+0000] {logging_mixin.py:188} INFO - [2024-08-08T23:39:18.543+0000] {dag.py:3047} INFO - Sync 1 DAGs
[2024-08-08T23:39:18.552+0000] {logging_mixin.py:188} INFO - [2024-08-08T23:39:18.552+0000] {dag.py:3834} INFO - Setting next_dagrun for Webscraping to None, run_after=None
[2024-08-08T23:39:18.577+0000] {processor.py:183} INFO - Processing /opt/airflow/dags/webscrape_dag.py took 0.081 seconds
[2024-08-08T23:39:48.649+0000] {processor.py:161} INFO - Started process (PID=393) to work on /opt/airflow/dags/webscrape_dag.py
[2024-08-08T23:39:48.649+0000] {processor.py:830} INFO - Processing file /opt/airflow/dags/webscrape_dag.py for tasks to queue
[2024-08-08T23:39:48.650+0000] {logging_mixin.py:188} INFO - [2024-08-08T23:39:48.650+0000] {dagbag.py:540} INFO - Filling up the DagBag from /opt/airflow/dags/webscrape_dag.py
[2024-08-08T23:39:48.662+0000] {processor.py:840} INFO - DAG(s) 'Webscraping' retrieved from /opt/airflow/dags/webscrape_dag.py
[2024-08-08T23:39:48.693+0000] {logging_mixin.py:188} INFO - [2024-08-08T23:39:48.693+0000] {dag.py:3047} INFO - Sync 1 DAGs
[2024-08-08T23:39:48.704+0000] {logging_mixin.py:188} INFO - [2024-08-08T23:39:48.704+0000] {dag.py:3834} INFO - Setting next_dagrun for Webscraping to None, run_after=None
[2024-08-08T23:39:48.726+0000] {processor.py:183} INFO - Processing /opt/airflow/dags/webscrape_dag.py took 0.080 seconds
[2024-08-08T23:40:18.862+0000] {processor.py:161} INFO - Started process (PID=400) to work on /opt/airflow/dags/webscrape_dag.py
[2024-08-08T23:40:18.863+0000] {processor.py:830} INFO - Processing file /opt/airflow/dags/webscrape_dag.py for tasks to queue
[2024-08-08T23:40:18.864+0000] {logging_mixin.py:188} INFO - [2024-08-08T23:40:18.864+0000] {dagbag.py:540} INFO - Filling up the DagBag from /opt/airflow/dags/webscrape_dag.py
[2024-08-08T23:40:18.875+0000] {processor.py:840} INFO - DAG(s) 'Webscraping' retrieved from /opt/airflow/dags/webscrape_dag.py
[2024-08-08T23:40:18.905+0000] {logging_mixin.py:188} INFO - [2024-08-08T23:40:18.905+0000] {dag.py:3047} INFO - Sync 1 DAGs
[2024-08-08T23:40:18.915+0000] {logging_mixin.py:188} INFO - [2024-08-08T23:40:18.915+0000] {dag.py:3834} INFO - Setting next_dagrun for Webscraping to None, run_after=None
[2024-08-08T23:40:18.936+0000] {processor.py:183} INFO - Processing /opt/airflow/dags/webscrape_dag.py took 0.076 seconds
[2024-08-08T23:40:49.012+0000] {processor.py:161} INFO - Started process (PID=407) to work on /opt/airflow/dags/webscrape_dag.py
[2024-08-08T23:40:49.014+0000] {processor.py:830} INFO - Processing file /opt/airflow/dags/webscrape_dag.py for tasks to queue
[2024-08-08T23:40:49.015+0000] {logging_mixin.py:188} INFO - [2024-08-08T23:40:49.015+0000] {dagbag.py:540} INFO - Filling up the DagBag from /opt/airflow/dags/webscrape_dag.py
[2024-08-08T23:40:49.025+0000] {processor.py:840} INFO - DAG(s) 'Webscraping' retrieved from /opt/airflow/dags/webscrape_dag.py
[2024-08-08T23:40:49.055+0000] {logging_mixin.py:188} INFO - [2024-08-08T23:40:49.055+0000] {dag.py:3047} INFO - Sync 1 DAGs
[2024-08-08T23:40:49.067+0000] {logging_mixin.py:188} INFO - [2024-08-08T23:40:49.067+0000] {dag.py:3834} INFO - Setting next_dagrun for Webscraping to None, run_after=None
[2024-08-08T23:40:49.091+0000] {processor.py:183} INFO - Processing /opt/airflow/dags/webscrape_dag.py took 0.081 seconds
[2024-08-08T23:41:19.222+0000] {processor.py:161} INFO - Started process (PID=414) to work on /opt/airflow/dags/webscrape_dag.py
[2024-08-08T23:41:19.223+0000] {processor.py:830} INFO - Processing file /opt/airflow/dags/webscrape_dag.py for tasks to queue
[2024-08-08T23:41:19.224+0000] {logging_mixin.py:188} INFO - [2024-08-08T23:41:19.224+0000] {dagbag.py:540} INFO - Filling up the DagBag from /opt/airflow/dags/webscrape_dag.py
[2024-08-08T23:41:19.235+0000] {processor.py:840} INFO - DAG(s) 'Webscraping' retrieved from /opt/airflow/dags/webscrape_dag.py
[2024-08-08T23:41:19.263+0000] {logging_mixin.py:188} INFO - [2024-08-08T23:41:19.262+0000] {dag.py:3047} INFO - Sync 1 DAGs
[2024-08-08T23:41:19.275+0000] {logging_mixin.py:188} INFO - [2024-08-08T23:41:19.275+0000] {dag.py:3834} INFO - Setting next_dagrun for Webscraping to None, run_after=None
[2024-08-08T23:41:19.298+0000] {processor.py:183} INFO - Processing /opt/airflow/dags/webscrape_dag.py took 0.079 seconds
[2024-08-08T23:41:49.375+0000] {processor.py:161} INFO - Started process (PID=420) to work on /opt/airflow/dags/webscrape_dag.py
[2024-08-08T23:41:49.377+0000] {processor.py:830} INFO - Processing file /opt/airflow/dags/webscrape_dag.py for tasks to queue
[2024-08-08T23:41:49.378+0000] {logging_mixin.py:188} INFO - [2024-08-08T23:41:49.378+0000] {dagbag.py:540} INFO - Filling up the DagBag from /opt/airflow/dags/webscrape_dag.py
[2024-08-08T23:41:49.388+0000] {processor.py:840} INFO - DAG(s) 'Webscraping' retrieved from /opt/airflow/dags/webscrape_dag.py
[2024-08-08T23:41:49.418+0000] {logging_mixin.py:188} INFO - [2024-08-08T23:41:49.418+0000] {dag.py:3047} INFO - Sync 1 DAGs
[2024-08-08T23:41:49.429+0000] {logging_mixin.py:188} INFO - [2024-08-08T23:41:49.428+0000] {dag.py:3834} INFO - Setting next_dagrun for Webscraping to None, run_after=None
[2024-08-08T23:41:49.451+0000] {processor.py:183} INFO - Processing /opt/airflow/dags/webscrape_dag.py took 0.078 seconds
[2024-08-08T23:42:19.589+0000] {processor.py:161} INFO - Started process (PID=427) to work on /opt/airflow/dags/webscrape_dag.py
[2024-08-08T23:42:19.589+0000] {processor.py:830} INFO - Processing file /opt/airflow/dags/webscrape_dag.py for tasks to queue
[2024-08-08T23:42:19.590+0000] {logging_mixin.py:188} INFO - [2024-08-08T23:42:19.590+0000] {dagbag.py:540} INFO - Filling up the DagBag from /opt/airflow/dags/webscrape_dag.py
[2024-08-08T23:42:19.601+0000] {processor.py:840} INFO - DAG(s) 'Webscraping' retrieved from /opt/airflow/dags/webscrape_dag.py
[2024-08-08T23:42:19.634+0000] {logging_mixin.py:188} INFO - [2024-08-08T23:42:19.633+0000] {dag.py:3047} INFO - Sync 1 DAGs
[2024-08-08T23:42:19.644+0000] {logging_mixin.py:188} INFO - [2024-08-08T23:42:19.644+0000] {dag.py:3834} INFO - Setting next_dagrun for Webscraping to None, run_after=None
[2024-08-08T23:42:19.664+0000] {processor.py:183} INFO - Processing /opt/airflow/dags/webscrape_dag.py took 0.078 seconds
[2024-08-08T23:42:49.737+0000] {processor.py:161} INFO - Started process (PID=434) to work on /opt/airflow/dags/webscrape_dag.py
[2024-08-08T23:42:49.739+0000] {processor.py:830} INFO - Processing file /opt/airflow/dags/webscrape_dag.py for tasks to queue
[2024-08-08T23:42:49.740+0000] {logging_mixin.py:188} INFO - [2024-08-08T23:42:49.740+0000] {dagbag.py:540} INFO - Filling up the DagBag from /opt/airflow/dags/webscrape_dag.py
[2024-08-08T23:42:49.750+0000] {processor.py:840} INFO - DAG(s) 'Webscraping' retrieved from /opt/airflow/dags/webscrape_dag.py
[2024-08-08T23:42:49.783+0000] {logging_mixin.py:188} INFO - [2024-08-08T23:42:49.782+0000] {dag.py:3047} INFO - Sync 1 DAGs
[2024-08-08T23:42:49.794+0000] {logging_mixin.py:188} INFO - [2024-08-08T23:42:49.794+0000] {dag.py:3834} INFO - Setting next_dagrun for Webscraping to None, run_after=None
[2024-08-08T23:42:49.813+0000] {processor.py:183} INFO - Processing /opt/airflow/dags/webscrape_dag.py took 0.078 seconds
[2024-08-08T23:43:19.956+0000] {processor.py:161} INFO - Started process (PID=441) to work on /opt/airflow/dags/webscrape_dag.py
[2024-08-08T23:43:19.956+0000] {processor.py:830} INFO - Processing file /opt/airflow/dags/webscrape_dag.py for tasks to queue
[2024-08-08T23:43:19.957+0000] {logging_mixin.py:188} INFO - [2024-08-08T23:43:19.957+0000] {dagbag.py:540} INFO - Filling up the DagBag from /opt/airflow/dags/webscrape_dag.py
[2024-08-08T23:43:19.968+0000] {processor.py:840} INFO - DAG(s) 'Webscraping' retrieved from /opt/airflow/dags/webscrape_dag.py
[2024-08-08T23:43:19.997+0000] {logging_mixin.py:188} INFO - [2024-08-08T23:43:19.997+0000] {dag.py:3047} INFO - Sync 1 DAGs
[2024-08-08T23:43:20.009+0000] {logging_mixin.py:188} INFO - [2024-08-08T23:43:20.009+0000] {dag.py:3834} INFO - Setting next_dagrun for Webscraping to None, run_after=None
[2024-08-08T23:43:20.029+0000] {processor.py:183} INFO - Processing /opt/airflow/dags/webscrape_dag.py took 0.077 seconds
[2024-08-08T23:43:50.114+0000] {processor.py:161} INFO - Started process (PID=448) to work on /opt/airflow/dags/webscrape_dag.py
[2024-08-08T23:43:50.116+0000] {processor.py:830} INFO - Processing file /opt/airflow/dags/webscrape_dag.py for tasks to queue
[2024-08-08T23:43:50.118+0000] {logging_mixin.py:188} INFO - [2024-08-08T23:43:50.117+0000] {dagbag.py:540} INFO - Filling up the DagBag from /opt/airflow/dags/webscrape_dag.py
[2024-08-08T23:43:50.129+0000] {processor.py:840} INFO - DAG(s) 'Webscraping' retrieved from /opt/airflow/dags/webscrape_dag.py
[2024-08-08T23:43:50.158+0000] {logging_mixin.py:188} INFO - [2024-08-08T23:43:50.157+0000] {dag.py:3047} INFO - Sync 1 DAGs
[2024-08-08T23:43:50.170+0000] {logging_mixin.py:188} INFO - [2024-08-08T23:43:50.170+0000] {dag.py:3834} INFO - Setting next_dagrun for Webscraping to None, run_after=None
[2024-08-08T23:43:50.191+0000] {processor.py:183} INFO - Processing /opt/airflow/dags/webscrape_dag.py took 0.079 seconds
[2024-08-08T23:44:20.316+0000] {processor.py:161} INFO - Started process (PID=455) to work on /opt/airflow/dags/webscrape_dag.py
[2024-08-08T23:44:20.317+0000] {processor.py:830} INFO - Processing file /opt/airflow/dags/webscrape_dag.py for tasks to queue
[2024-08-08T23:44:20.318+0000] {logging_mixin.py:188} INFO - [2024-08-08T23:44:20.318+0000] {dagbag.py:540} INFO - Filling up the DagBag from /opt/airflow/dags/webscrape_dag.py
[2024-08-08T23:44:20.331+0000] {processor.py:840} INFO - DAG(s) 'Webscraping' retrieved from /opt/airflow/dags/webscrape_dag.py
[2024-08-08T23:44:20.359+0000] {logging_mixin.py:188} INFO - [2024-08-08T23:44:20.358+0000] {dag.py:3047} INFO - Sync 1 DAGs
[2024-08-08T23:44:20.371+0000] {logging_mixin.py:188} INFO - [2024-08-08T23:44:20.371+0000] {dag.py:3834} INFO - Setting next_dagrun for Webscraping to None, run_after=None
[2024-08-08T23:44:20.393+0000] {processor.py:183} INFO - Processing /opt/airflow/dags/webscrape_dag.py took 0.079 seconds
[2024-08-08T23:44:50.468+0000] {processor.py:161} INFO - Started process (PID=462) to work on /opt/airflow/dags/webscrape_dag.py
[2024-08-08T23:44:50.469+0000] {processor.py:830} INFO - Processing file /opt/airflow/dags/webscrape_dag.py for tasks to queue
[2024-08-08T23:44:50.471+0000] {logging_mixin.py:188} INFO - [2024-08-08T23:44:50.471+0000] {dagbag.py:540} INFO - Filling up the DagBag from /opt/airflow/dags/webscrape_dag.py
[2024-08-08T23:44:50.483+0000] {processor.py:840} INFO - DAG(s) 'Webscraping' retrieved from /opt/airflow/dags/webscrape_dag.py
[2024-08-08T23:44:50.509+0000] {logging_mixin.py:188} INFO - [2024-08-08T23:44:50.509+0000] {dag.py:3047} INFO - Sync 1 DAGs
[2024-08-08T23:44:50.522+0000] {logging_mixin.py:188} INFO - [2024-08-08T23:44:50.522+0000] {dag.py:3834} INFO - Setting next_dagrun for Webscraping to None, run_after=None
[2024-08-08T23:44:50.543+0000] {processor.py:183} INFO - Processing /opt/airflow/dags/webscrape_dag.py took 0.078 seconds
[2024-08-08T23:45:20.672+0000] {processor.py:161} INFO - Started process (PID=469) to work on /opt/airflow/dags/webscrape_dag.py
[2024-08-08T23:45:20.672+0000] {processor.py:830} INFO - Processing file /opt/airflow/dags/webscrape_dag.py for tasks to queue
[2024-08-08T23:45:20.676+0000] {logging_mixin.py:188} INFO - [2024-08-08T23:45:20.676+0000] {dagbag.py:540} INFO - Filling up the DagBag from /opt/airflow/dags/webscrape_dag.py
[2024-08-08T23:45:20.686+0000] {processor.py:840} INFO - DAG(s) 'Webscraping' retrieved from /opt/airflow/dags/webscrape_dag.py
[2024-08-08T23:45:20.715+0000] {logging_mixin.py:188} INFO - [2024-08-08T23:45:20.714+0000] {dag.py:3047} INFO - Sync 1 DAGs
[2024-08-08T23:45:20.725+0000] {logging_mixin.py:188} INFO - [2024-08-08T23:45:20.725+0000] {dag.py:3834} INFO - Setting next_dagrun for Webscraping to None, run_after=None
[2024-08-08T23:45:20.748+0000] {processor.py:183} INFO - Processing /opt/airflow/dags/webscrape_dag.py took 0.079 seconds
[2024-08-08T23:45:50.836+0000] {processor.py:161} INFO - Started process (PID=475) to work on /opt/airflow/dags/webscrape_dag.py
[2024-08-08T23:45:50.838+0000] {processor.py:830} INFO - Processing file /opt/airflow/dags/webscrape_dag.py for tasks to queue
[2024-08-08T23:45:50.839+0000] {logging_mixin.py:188} INFO - [2024-08-08T23:45:50.839+0000] {dagbag.py:540} INFO - Filling up the DagBag from /opt/airflow/dags/webscrape_dag.py
[2024-08-08T23:45:50.850+0000] {processor.py:840} INFO - DAG(s) 'Webscraping' retrieved from /opt/airflow/dags/webscrape_dag.py
[2024-08-08T23:45:50.882+0000] {logging_mixin.py:188} INFO - [2024-08-08T23:45:50.881+0000] {dag.py:3047} INFO - Sync 1 DAGs
[2024-08-08T23:45:50.892+0000] {logging_mixin.py:188} INFO - [2024-08-08T23:45:50.891+0000] {dag.py:3834} INFO - Setting next_dagrun for Webscraping to None, run_after=None
[2024-08-08T23:45:50.914+0000] {processor.py:183} INFO - Processing /opt/airflow/dags/webscrape_dag.py took 0.080 seconds
[2024-08-08T23:46:21.036+0000] {processor.py:161} INFO - Started process (PID=482) to work on /opt/airflow/dags/webscrape_dag.py
[2024-08-08T23:46:21.036+0000] {processor.py:830} INFO - Processing file /opt/airflow/dags/webscrape_dag.py for tasks to queue
[2024-08-08T23:46:21.039+0000] {logging_mixin.py:188} INFO - [2024-08-08T23:46:21.038+0000] {dagbag.py:540} INFO - Filling up the DagBag from /opt/airflow/dags/webscrape_dag.py
[2024-08-08T23:46:21.049+0000] {processor.py:840} INFO - DAG(s) 'Webscraping' retrieved from /opt/airflow/dags/webscrape_dag.py
[2024-08-08T23:46:21.077+0000] {logging_mixin.py:188} INFO - [2024-08-08T23:46:21.077+0000] {dag.py:3047} INFO - Sync 1 DAGs
[2024-08-08T23:46:21.088+0000] {logging_mixin.py:188} INFO - [2024-08-08T23:46:21.088+0000] {dag.py:3834} INFO - Setting next_dagrun for Webscraping to None, run_after=None
[2024-08-08T23:46:21.111+0000] {processor.py:183} INFO - Processing /opt/airflow/dags/webscrape_dag.py took 0.078 seconds
[2024-08-08T23:46:51.188+0000] {processor.py:161} INFO - Started process (PID=488) to work on /opt/airflow/dags/webscrape_dag.py
[2024-08-08T23:46:51.190+0000] {processor.py:830} INFO - Processing file /opt/airflow/dags/webscrape_dag.py for tasks to queue
[2024-08-08T23:46:51.191+0000] {logging_mixin.py:188} INFO - [2024-08-08T23:46:51.191+0000] {dagbag.py:540} INFO - Filling up the DagBag from /opt/airflow/dags/webscrape_dag.py
[2024-08-08T23:46:51.201+0000] {processor.py:840} INFO - DAG(s) 'Webscraping' retrieved from /opt/airflow/dags/webscrape_dag.py
[2024-08-08T23:46:51.228+0000] {logging_mixin.py:188} INFO - [2024-08-08T23:46:51.227+0000] {dag.py:3047} INFO - Sync 1 DAGs
[2024-08-08T23:46:51.239+0000] {logging_mixin.py:188} INFO - [2024-08-08T23:46:51.239+0000] {dag.py:3834} INFO - Setting next_dagrun for Webscraping to None, run_after=None
[2024-08-08T23:46:51.261+0000] {processor.py:183} INFO - Processing /opt/airflow/dags/webscrape_dag.py took 0.076 seconds
[2024-08-08T23:47:21.401+0000] {processor.py:161} INFO - Started process (PID=495) to work on /opt/airflow/dags/webscrape_dag.py
[2024-08-08T23:47:21.402+0000] {processor.py:830} INFO - Processing file /opt/airflow/dags/webscrape_dag.py for tasks to queue
[2024-08-08T23:47:21.403+0000] {logging_mixin.py:188} INFO - [2024-08-08T23:47:21.403+0000] {dagbag.py:540} INFO - Filling up the DagBag from /opt/airflow/dags/webscrape_dag.py
[2024-08-08T23:47:21.413+0000] {processor.py:840} INFO - DAG(s) 'Webscraping' retrieved from /opt/airflow/dags/webscrape_dag.py
[2024-08-08T23:47:21.443+0000] {logging_mixin.py:188} INFO - [2024-08-08T23:47:21.442+0000] {dag.py:3047} INFO - Sync 1 DAGs
[2024-08-08T23:47:21.454+0000] {logging_mixin.py:188} INFO - [2024-08-08T23:47:21.454+0000] {dag.py:3834} INFO - Setting next_dagrun for Webscraping to None, run_after=None
[2024-08-08T23:47:21.477+0000] {processor.py:183} INFO - Processing /opt/airflow/dags/webscrape_dag.py took 0.080 seconds
[2024-08-08T23:47:51.564+0000] {processor.py:161} INFO - Started process (PID=502) to work on /opt/airflow/dags/webscrape_dag.py
[2024-08-08T23:47:51.567+0000] {processor.py:830} INFO - Processing file /opt/airflow/dags/webscrape_dag.py for tasks to queue
[2024-08-08T23:47:51.568+0000] {logging_mixin.py:188} INFO - [2024-08-08T23:47:51.568+0000] {dagbag.py:540} INFO - Filling up the DagBag from /opt/airflow/dags/webscrape_dag.py
[2024-08-08T23:47:51.578+0000] {processor.py:840} INFO - DAG(s) 'Webscraping' retrieved from /opt/airflow/dags/webscrape_dag.py
[2024-08-08T23:47:51.607+0000] {logging_mixin.py:188} INFO - [2024-08-08T23:47:51.607+0000] {dag.py:3047} INFO - Sync 1 DAGs
[2024-08-08T23:47:51.621+0000] {logging_mixin.py:188} INFO - [2024-08-08T23:47:51.621+0000] {dag.py:3834} INFO - Setting next_dagrun for Webscraping to None, run_after=None
[2024-08-08T23:47:51.641+0000] {processor.py:183} INFO - Processing /opt/airflow/dags/webscrape_dag.py took 0.079 seconds
[2024-08-08T23:48:21.781+0000] {processor.py:161} INFO - Started process (PID=509) to work on /opt/airflow/dags/webscrape_dag.py
[2024-08-08T23:48:21.781+0000] {processor.py:830} INFO - Processing file /opt/airflow/dags/webscrape_dag.py for tasks to queue
[2024-08-08T23:48:21.782+0000] {logging_mixin.py:188} INFO - [2024-08-08T23:48:21.782+0000] {dagbag.py:540} INFO - Filling up the DagBag from /opt/airflow/dags/webscrape_dag.py
[2024-08-08T23:48:21.794+0000] {processor.py:840} INFO - DAG(s) 'Webscraping' retrieved from /opt/airflow/dags/webscrape_dag.py
[2024-08-08T23:48:21.822+0000] {logging_mixin.py:188} INFO - [2024-08-08T23:48:21.822+0000] {dag.py:3047} INFO - Sync 1 DAGs
[2024-08-08T23:48:21.832+0000] {logging_mixin.py:188} INFO - [2024-08-08T23:48:21.832+0000] {dag.py:3834} INFO - Setting next_dagrun for Webscraping to None, run_after=None
[2024-08-08T23:48:21.856+0000] {processor.py:183} INFO - Processing /opt/airflow/dags/webscrape_dag.py took 0.078 seconds
[2024-08-08T23:48:51.936+0000] {processor.py:161} INFO - Started process (PID=516) to work on /opt/airflow/dags/webscrape_dag.py
[2024-08-08T23:48:51.938+0000] {processor.py:830} INFO - Processing file /opt/airflow/dags/webscrape_dag.py for tasks to queue
[2024-08-08T23:48:51.939+0000] {logging_mixin.py:188} INFO - [2024-08-08T23:48:51.939+0000] {dagbag.py:540} INFO - Filling up the DagBag from /opt/airflow/dags/webscrape_dag.py
[2024-08-08T23:48:51.948+0000] {processor.py:840} INFO - DAG(s) 'Webscraping' retrieved from /opt/airflow/dags/webscrape_dag.py
[2024-08-08T23:48:51.980+0000] {logging_mixin.py:188} INFO - [2024-08-08T23:48:51.980+0000] {dag.py:3047} INFO - Sync 1 DAGs
[2024-08-08T23:48:51.992+0000] {logging_mixin.py:188} INFO - [2024-08-08T23:48:51.992+0000] {dag.py:3834} INFO - Setting next_dagrun for Webscraping to None, run_after=None
[2024-08-08T23:48:52.013+0000] {processor.py:183} INFO - Processing /opt/airflow/dags/webscrape_dag.py took 0.078 seconds
[2024-08-08T23:49:22.136+0000] {processor.py:161} INFO - Started process (PID=522) to work on /opt/airflow/dags/webscrape_dag.py
[2024-08-08T23:49:22.137+0000] {processor.py:830} INFO - Processing file /opt/airflow/dags/webscrape_dag.py for tasks to queue
[2024-08-08T23:49:22.139+0000] {logging_mixin.py:188} INFO - [2024-08-08T23:49:22.138+0000] {dagbag.py:540} INFO - Filling up the DagBag from /opt/airflow/dags/webscrape_dag.py
[2024-08-08T23:49:22.150+0000] {processor.py:840} INFO - DAG(s) 'Webscraping' retrieved from /opt/airflow/dags/webscrape_dag.py
[2024-08-08T23:49:22.175+0000] {logging_mixin.py:188} INFO - [2024-08-08T23:49:22.175+0000] {dag.py:3047} INFO - Sync 1 DAGs
[2024-08-08T23:49:22.186+0000] {logging_mixin.py:188} INFO - [2024-08-08T23:49:22.186+0000] {dag.py:3834} INFO - Setting next_dagrun for Webscraping to None, run_after=None
[2024-08-08T23:49:22.212+0000] {processor.py:183} INFO - Processing /opt/airflow/dags/webscrape_dag.py took 0.079 seconds
[2024-08-08T23:49:52.296+0000] {processor.py:161} INFO - Started process (PID=528) to work on /opt/airflow/dags/webscrape_dag.py
[2024-08-08T23:49:52.297+0000] {processor.py:830} INFO - Processing file /opt/airflow/dags/webscrape_dag.py for tasks to queue
[2024-08-08T23:49:52.298+0000] {logging_mixin.py:188} INFO - [2024-08-08T23:49:52.298+0000] {dagbag.py:540} INFO - Filling up the DagBag from /opt/airflow/dags/webscrape_dag.py
[2024-08-08T23:49:52.309+0000] {processor.py:840} INFO - DAG(s) 'Webscraping' retrieved from /opt/airflow/dags/webscrape_dag.py
[2024-08-08T23:49:52.336+0000] {logging_mixin.py:188} INFO - [2024-08-08T23:49:52.336+0000] {dag.py:3047} INFO - Sync 1 DAGs
[2024-08-08T23:49:52.347+0000] {logging_mixin.py:188} INFO - [2024-08-08T23:49:52.347+0000] {dag.py:3834} INFO - Setting next_dagrun for Webscraping to None, run_after=None
[2024-08-08T23:49:52.368+0000] {processor.py:183} INFO - Processing /opt/airflow/dags/webscrape_dag.py took 0.074 seconds
[2024-08-08T23:50:22.495+0000] {processor.py:161} INFO - Started process (PID=534) to work on /opt/airflow/dags/webscrape_dag.py
[2024-08-08T23:50:22.497+0000] {processor.py:830} INFO - Processing file /opt/airflow/dags/webscrape_dag.py for tasks to queue
[2024-08-08T23:50:22.499+0000] {logging_mixin.py:188} INFO - [2024-08-08T23:50:22.499+0000] {dagbag.py:540} INFO - Filling up the DagBag from /opt/airflow/dags/webscrape_dag.py
[2024-08-08T23:50:22.510+0000] {processor.py:840} INFO - DAG(s) 'Webscraping' retrieved from /opt/airflow/dags/webscrape_dag.py
[2024-08-08T23:50:22.536+0000] {logging_mixin.py:188} INFO - [2024-08-08T23:50:22.536+0000] {dag.py:3047} INFO - Sync 1 DAGs
[2024-08-08T23:50:22.548+0000] {logging_mixin.py:188} INFO - [2024-08-08T23:50:22.547+0000] {dag.py:3834} INFO - Setting next_dagrun for Webscraping to None, run_after=None
[2024-08-08T23:50:22.568+0000] {processor.py:183} INFO - Processing /opt/airflow/dags/webscrape_dag.py took 0.076 seconds
[2024-08-08T23:50:52.648+0000] {processor.py:161} INFO - Started process (PID=541) to work on /opt/airflow/dags/webscrape_dag.py
[2024-08-08T23:50:52.649+0000] {processor.py:830} INFO - Processing file /opt/airflow/dags/webscrape_dag.py for tasks to queue
[2024-08-08T23:50:52.650+0000] {logging_mixin.py:188} INFO - [2024-08-08T23:50:52.650+0000] {dagbag.py:540} INFO - Filling up the DagBag from /opt/airflow/dags/webscrape_dag.py
[2024-08-08T23:50:52.661+0000] {processor.py:840} INFO - DAG(s) 'Webscraping' retrieved from /opt/airflow/dags/webscrape_dag.py
[2024-08-08T23:50:52.690+0000] {logging_mixin.py:188} INFO - [2024-08-08T23:50:52.690+0000] {dag.py:3047} INFO - Sync 1 DAGs
[2024-08-08T23:50:52.702+0000] {logging_mixin.py:188} INFO - [2024-08-08T23:50:52.702+0000] {dag.py:3834} INFO - Setting next_dagrun for Webscraping to None, run_after=None
[2024-08-08T23:50:52.723+0000] {processor.py:183} INFO - Processing /opt/airflow/dags/webscrape_dag.py took 0.077 seconds
[2024-08-08T23:51:22.844+0000] {processor.py:161} INFO - Started process (PID=547) to work on /opt/airflow/dags/webscrape_dag.py
[2024-08-08T23:51:22.845+0000] {processor.py:830} INFO - Processing file /opt/airflow/dags/webscrape_dag.py for tasks to queue
[2024-08-08T23:51:22.846+0000] {logging_mixin.py:188} INFO - [2024-08-08T23:51:22.846+0000] {dagbag.py:540} INFO - Filling up the DagBag from /opt/airflow/dags/webscrape_dag.py
[2024-08-08T23:51:22.856+0000] {processor.py:840} INFO - DAG(s) 'Webscraping' retrieved from /opt/airflow/dags/webscrape_dag.py
[2024-08-08T23:51:22.883+0000] {logging_mixin.py:188} INFO - [2024-08-08T23:51:22.883+0000] {dag.py:3047} INFO - Sync 1 DAGs
[2024-08-08T23:51:22.894+0000] {logging_mixin.py:188} INFO - [2024-08-08T23:51:22.894+0000] {dag.py:3834} INFO - Setting next_dagrun for Webscraping to None, run_after=None
[2024-08-08T23:51:22.920+0000] {processor.py:183} INFO - Processing /opt/airflow/dags/webscrape_dag.py took 0.080 seconds
[2024-08-08T23:51:53.001+0000] {processor.py:161} INFO - Started process (PID=554) to work on /opt/airflow/dags/webscrape_dag.py
[2024-08-08T23:51:53.003+0000] {processor.py:830} INFO - Processing file /opt/airflow/dags/webscrape_dag.py for tasks to queue
[2024-08-08T23:51:53.004+0000] {logging_mixin.py:188} INFO - [2024-08-08T23:51:53.004+0000] {dagbag.py:540} INFO - Filling up the DagBag from /opt/airflow/dags/webscrape_dag.py
[2024-08-08T23:51:53.014+0000] {processor.py:840} INFO - DAG(s) 'Webscraping' retrieved from /opt/airflow/dags/webscrape_dag.py
[2024-08-08T23:51:53.046+0000] {logging_mixin.py:188} INFO - [2024-08-08T23:51:53.046+0000] {dag.py:3047} INFO - Sync 1 DAGs
[2024-08-08T23:51:53.058+0000] {logging_mixin.py:188} INFO - [2024-08-08T23:51:53.058+0000] {dag.py:3834} INFO - Setting next_dagrun for Webscraping to None, run_after=None
[2024-08-08T23:51:53.082+0000] {processor.py:183} INFO - Processing /opt/airflow/dags/webscrape_dag.py took 0.084 seconds
[2024-08-08T23:52:23.208+0000] {processor.py:161} INFO - Started process (PID=561) to work on /opt/airflow/dags/webscrape_dag.py
[2024-08-08T23:52:23.211+0000] {processor.py:830} INFO - Processing file /opt/airflow/dags/webscrape_dag.py for tasks to queue
[2024-08-08T23:52:23.212+0000] {logging_mixin.py:188} INFO - [2024-08-08T23:52:23.212+0000] {dagbag.py:540} INFO - Filling up the DagBag from /opt/airflow/dags/webscrape_dag.py
[2024-08-08T23:52:23.220+0000] {processor.py:840} INFO - DAG(s) 'Webscraping' retrieved from /opt/airflow/dags/webscrape_dag.py
[2024-08-08T23:52:23.252+0000] {logging_mixin.py:188} INFO - [2024-08-08T23:52:23.248+0000] {dag.py:3047} INFO - Sync 1 DAGs
[2024-08-08T23:52:23.262+0000] {logging_mixin.py:188} INFO - [2024-08-08T23:52:23.262+0000] {dag.py:3834} INFO - Setting next_dagrun for Webscraping to None, run_after=None
[2024-08-08T23:52:23.286+0000] {processor.py:183} INFO - Processing /opt/airflow/dags/webscrape_dag.py took 0.081 seconds
[2024-08-08T23:52:53.366+0000] {processor.py:161} INFO - Started process (PID=568) to work on /opt/airflow/dags/webscrape_dag.py
[2024-08-08T23:52:53.367+0000] {processor.py:830} INFO - Processing file /opt/airflow/dags/webscrape_dag.py for tasks to queue
[2024-08-08T23:52:53.368+0000] {logging_mixin.py:188} INFO - [2024-08-08T23:52:53.368+0000] {dagbag.py:540} INFO - Filling up the DagBag from /opt/airflow/dags/webscrape_dag.py
[2024-08-08T23:52:53.379+0000] {processor.py:840} INFO - DAG(s) 'Webscraping' retrieved from /opt/airflow/dags/webscrape_dag.py
[2024-08-08T23:52:53.407+0000] {logging_mixin.py:188} INFO - [2024-08-08T23:52:53.407+0000] {dag.py:3047} INFO - Sync 1 DAGs
[2024-08-08T23:52:53.417+0000] {logging_mixin.py:188} INFO - [2024-08-08T23:52:53.417+0000] {dag.py:3834} INFO - Setting next_dagrun for Webscraping to None, run_after=None
[2024-08-08T23:52:53.440+0000] {processor.py:183} INFO - Processing /opt/airflow/dags/webscrape_dag.py took 0.078 seconds
[2024-08-08T23:53:23.588+0000] {processor.py:161} INFO - Started process (PID=575) to work on /opt/airflow/dags/webscrape_dag.py
[2024-08-08T23:53:23.590+0000] {processor.py:830} INFO - Processing file /opt/airflow/dags/webscrape_dag.py for tasks to queue
[2024-08-08T23:53:23.591+0000] {logging_mixin.py:188} INFO - [2024-08-08T23:53:23.591+0000] {dagbag.py:540} INFO - Filling up the DagBag from /opt/airflow/dags/webscrape_dag.py
[2024-08-08T23:53:23.600+0000] {processor.py:840} INFO - DAG(s) 'Webscraping' retrieved from /opt/airflow/dags/webscrape_dag.py
[2024-08-08T23:53:23.628+0000] {logging_mixin.py:188} INFO - [2024-08-08T23:53:23.628+0000] {dag.py:3047} INFO - Sync 1 DAGs
[2024-08-08T23:53:23.641+0000] {logging_mixin.py:188} INFO - [2024-08-08T23:53:23.641+0000] {dag.py:3834} INFO - Setting next_dagrun for Webscraping to None, run_after=None
[2024-08-08T23:53:23.662+0000] {processor.py:183} INFO - Processing /opt/airflow/dags/webscrape_dag.py took 0.076 seconds
[2024-08-08T23:53:53.743+0000] {processor.py:161} INFO - Started process (PID=582) to work on /opt/airflow/dags/webscrape_dag.py
[2024-08-08T23:53:53.744+0000] {processor.py:830} INFO - Processing file /opt/airflow/dags/webscrape_dag.py for tasks to queue
[2024-08-08T23:53:53.746+0000] {logging_mixin.py:188} INFO - [2024-08-08T23:53:53.745+0000] {dagbag.py:540} INFO - Filling up the DagBag from /opt/airflow/dags/webscrape_dag.py
[2024-08-08T23:53:53.757+0000] {processor.py:840} INFO - DAG(s) 'Webscraping' retrieved from /opt/airflow/dags/webscrape_dag.py
[2024-08-08T23:53:53.787+0000] {logging_mixin.py:188} INFO - [2024-08-08T23:53:53.787+0000] {dag.py:3047} INFO - Sync 1 DAGs
[2024-08-08T23:53:53.798+0000] {logging_mixin.py:188} INFO - [2024-08-08T23:53:53.797+0000] {dag.py:3834} INFO - Setting next_dagrun for Webscraping to None, run_after=None
[2024-08-08T23:53:53.820+0000] {processor.py:183} INFO - Processing /opt/airflow/dags/webscrape_dag.py took 0.080 seconds
[2024-08-08T23:54:23.938+0000] {processor.py:161} INFO - Started process (PID=589) to work on /opt/airflow/dags/webscrape_dag.py
[2024-08-08T23:54:23.942+0000] {processor.py:830} INFO - Processing file /opt/airflow/dags/webscrape_dag.py for tasks to queue
[2024-08-08T23:54:23.943+0000] {logging_mixin.py:188} INFO - [2024-08-08T23:54:23.943+0000] {dagbag.py:540} INFO - Filling up the DagBag from /opt/airflow/dags/webscrape_dag.py
[2024-08-08T23:54:23.953+0000] {processor.py:840} INFO - DAG(s) 'Webscraping' retrieved from /opt/airflow/dags/webscrape_dag.py
[2024-08-08T23:54:23.981+0000] {logging_mixin.py:188} INFO - [2024-08-08T23:54:23.981+0000] {dag.py:3047} INFO - Sync 1 DAGs
[2024-08-08T23:54:23.992+0000] {logging_mixin.py:188} INFO - [2024-08-08T23:54:23.991+0000] {dag.py:3834} INFO - Setting next_dagrun for Webscraping to None, run_after=None
[2024-08-08T23:54:24.017+0000] {processor.py:183} INFO - Processing /opt/airflow/dags/webscrape_dag.py took 0.081 seconds
[2024-08-08T23:54:54.097+0000] {processor.py:161} INFO - Started process (PID=596) to work on /opt/airflow/dags/webscrape_dag.py
[2024-08-08T23:54:54.097+0000] {processor.py:830} INFO - Processing file /opt/airflow/dags/webscrape_dag.py for tasks to queue
[2024-08-08T23:54:54.100+0000] {logging_mixin.py:188} INFO - [2024-08-08T23:54:54.099+0000] {dagbag.py:540} INFO - Filling up the DagBag from /opt/airflow/dags/webscrape_dag.py
[2024-08-08T23:54:54.110+0000] {processor.py:840} INFO - DAG(s) 'Webscraping' retrieved from /opt/airflow/dags/webscrape_dag.py
[2024-08-08T23:54:54.138+0000] {logging_mixin.py:188} INFO - [2024-08-08T23:54:54.138+0000] {dag.py:3047} INFO - Sync 1 DAGs
[2024-08-08T23:54:54.148+0000] {logging_mixin.py:188} INFO - [2024-08-08T23:54:54.148+0000] {dag.py:3834} INFO - Setting next_dagrun for Webscraping to None, run_after=None
[2024-08-08T23:54:54.169+0000] {processor.py:183} INFO - Processing /opt/airflow/dags/webscrape_dag.py took 0.074 seconds
[2024-08-08T23:55:24.304+0000] {processor.py:161} INFO - Started process (PID=603) to work on /opt/airflow/dags/webscrape_dag.py
[2024-08-08T23:55:24.305+0000] {processor.py:830} INFO - Processing file /opt/airflow/dags/webscrape_dag.py for tasks to queue
[2024-08-08T23:55:24.306+0000] {logging_mixin.py:188} INFO - [2024-08-08T23:55:24.306+0000] {dagbag.py:540} INFO - Filling up the DagBag from /opt/airflow/dags/webscrape_dag.py
[2024-08-08T23:55:24.316+0000] {processor.py:840} INFO - DAG(s) 'Webscraping' retrieved from /opt/airflow/dags/webscrape_dag.py
[2024-08-08T23:55:24.350+0000] {logging_mixin.py:188} INFO - [2024-08-08T23:55:24.350+0000] {dag.py:3047} INFO - Sync 1 DAGs
[2024-08-08T23:55:24.360+0000] {logging_mixin.py:188} INFO - [2024-08-08T23:55:24.360+0000] {dag.py:3834} INFO - Setting next_dagrun for Webscraping to None, run_after=None
[2024-08-08T23:55:24.385+0000] {processor.py:183} INFO - Processing /opt/airflow/dags/webscrape_dag.py took 0.084 seconds
[2024-08-08T23:55:54.459+0000] {processor.py:161} INFO - Started process (PID=609) to work on /opt/airflow/dags/webscrape_dag.py
[2024-08-08T23:55:54.460+0000] {processor.py:830} INFO - Processing file /opt/airflow/dags/webscrape_dag.py for tasks to queue
[2024-08-08T23:55:54.463+0000] {logging_mixin.py:188} INFO - [2024-08-08T23:55:54.462+0000] {dagbag.py:540} INFO - Filling up the DagBag from /opt/airflow/dags/webscrape_dag.py
[2024-08-08T23:55:54.473+0000] {processor.py:840} INFO - DAG(s) 'Webscraping' retrieved from /opt/airflow/dags/webscrape_dag.py
[2024-08-08T23:55:54.503+0000] {logging_mixin.py:188} INFO - [2024-08-08T23:55:54.503+0000] {dag.py:3047} INFO - Sync 1 DAGs
[2024-08-08T23:55:54.514+0000] {logging_mixin.py:188} INFO - [2024-08-08T23:55:54.514+0000] {dag.py:3834} INFO - Setting next_dagrun for Webscraping to None, run_after=None
[2024-08-08T23:55:54.537+0000] {processor.py:183} INFO - Processing /opt/airflow/dags/webscrape_dag.py took 0.080 seconds
[2024-08-08T23:56:24.667+0000] {processor.py:161} INFO - Started process (PID=616) to work on /opt/airflow/dags/webscrape_dag.py
[2024-08-08T23:56:24.669+0000] {processor.py:830} INFO - Processing file /opt/airflow/dags/webscrape_dag.py for tasks to queue
[2024-08-08T23:56:24.671+0000] {logging_mixin.py:188} INFO - [2024-08-08T23:56:24.670+0000] {dagbag.py:540} INFO - Filling up the DagBag from /opt/airflow/dags/webscrape_dag.py
[2024-08-08T23:56:24.680+0000] {processor.py:840} INFO - DAG(s) 'Webscraping' retrieved from /opt/airflow/dags/webscrape_dag.py
[2024-08-08T23:56:24.705+0000] {logging_mixin.py:188} INFO - [2024-08-08T23:56:24.705+0000] {dag.py:3047} INFO - Sync 1 DAGs
[2024-08-08T23:56:24.716+0000] {logging_mixin.py:188} INFO - [2024-08-08T23:56:24.716+0000] {dag.py:3834} INFO - Setting next_dagrun for Webscraping to None, run_after=None
[2024-08-08T23:56:24.740+0000] {processor.py:183} INFO - Processing /opt/airflow/dags/webscrape_dag.py took 0.075 seconds
[2024-08-08T23:56:54.834+0000] {processor.py:161} INFO - Started process (PID=622) to work on /opt/airflow/dags/webscrape_dag.py
[2024-08-08T23:56:54.837+0000] {processor.py:830} INFO - Processing file /opt/airflow/dags/webscrape_dag.py for tasks to queue
[2024-08-08T23:56:54.838+0000] {logging_mixin.py:188} INFO - [2024-08-08T23:56:54.838+0000] {dagbag.py:540} INFO - Filling up the DagBag from /opt/airflow/dags/webscrape_dag.py
[2024-08-08T23:56:54.847+0000] {processor.py:840} INFO - DAG(s) 'Webscraping' retrieved from /opt/airflow/dags/webscrape_dag.py
[2024-08-08T23:56:54.878+0000] {logging_mixin.py:188} INFO - [2024-08-08T23:56:54.878+0000] {dag.py:3047} INFO - Sync 1 DAGs
[2024-08-08T23:56:54.891+0000] {logging_mixin.py:188} INFO - [2024-08-08T23:56:54.891+0000] {dag.py:3834} INFO - Setting next_dagrun for Webscraping to None, run_after=None
[2024-08-08T23:56:54.914+0000] {processor.py:183} INFO - Processing /opt/airflow/dags/webscrape_dag.py took 0.083 seconds
[2024-08-08T23:57:25.028+0000] {processor.py:161} INFO - Started process (PID=628) to work on /opt/airflow/dags/webscrape_dag.py
[2024-08-08T23:57:25.030+0000] {processor.py:830} INFO - Processing file /opt/airflow/dags/webscrape_dag.py for tasks to queue
[2024-08-08T23:57:25.031+0000] {logging_mixin.py:188} INFO - [2024-08-08T23:57:25.031+0000] {dagbag.py:540} INFO - Filling up the DagBag from /opt/airflow/dags/webscrape_dag.py
[2024-08-08T23:57:25.041+0000] {processor.py:840} INFO - DAG(s) 'Webscraping' retrieved from /opt/airflow/dags/webscrape_dag.py
[2024-08-08T23:57:25.069+0000] {logging_mixin.py:188} INFO - [2024-08-08T23:57:25.069+0000] {dag.py:3047} INFO - Sync 1 DAGs
[2024-08-08T23:57:25.081+0000] {logging_mixin.py:188} INFO - [2024-08-08T23:57:25.081+0000] {dag.py:3834} INFO - Setting next_dagrun for Webscraping to None, run_after=None
[2024-08-08T23:57:25.103+0000] {processor.py:183} INFO - Processing /opt/airflow/dags/webscrape_dag.py took 0.078 seconds
[2024-08-08T23:57:55.198+0000] {processor.py:161} INFO - Started process (PID=635) to work on /opt/airflow/dags/webscrape_dag.py
[2024-08-08T23:57:55.199+0000] {processor.py:830} INFO - Processing file /opt/airflow/dags/webscrape_dag.py for tasks to queue
[2024-08-08T23:57:55.200+0000] {logging_mixin.py:188} INFO - [2024-08-08T23:57:55.200+0000] {dagbag.py:540} INFO - Filling up the DagBag from /opt/airflow/dags/webscrape_dag.py
[2024-08-08T23:57:55.211+0000] {processor.py:840} INFO - DAG(s) 'Webscraping' retrieved from /opt/airflow/dags/webscrape_dag.py
[2024-08-08T23:57:55.242+0000] {logging_mixin.py:188} INFO - [2024-08-08T23:57:55.242+0000] {dag.py:3047} INFO - Sync 1 DAGs
[2024-08-08T23:57:55.253+0000] {logging_mixin.py:188} INFO - [2024-08-08T23:57:55.253+0000] {dag.py:3834} INFO - Setting next_dagrun for Webscraping to None, run_after=None
[2024-08-08T23:57:55.277+0000] {processor.py:183} INFO - Processing /opt/airflow/dags/webscrape_dag.py took 0.081 seconds
[2024-08-08T23:58:25.401+0000] {processor.py:161} INFO - Started process (PID=642) to work on /opt/airflow/dags/webscrape_dag.py
[2024-08-08T23:58:25.402+0000] {processor.py:830} INFO - Processing file /opt/airflow/dags/webscrape_dag.py for tasks to queue
[2024-08-08T23:58:25.404+0000] {logging_mixin.py:188} INFO - [2024-08-08T23:58:25.403+0000] {dagbag.py:540} INFO - Filling up the DagBag from /opt/airflow/dags/webscrape_dag.py
[2024-08-08T23:58:25.413+0000] {processor.py:840} INFO - DAG(s) 'Webscraping' retrieved from /opt/airflow/dags/webscrape_dag.py
[2024-08-08T23:58:25.447+0000] {logging_mixin.py:188} INFO - [2024-08-08T23:58:25.447+0000] {dag.py:3047} INFO - Sync 1 DAGs
[2024-08-08T23:58:25.458+0000] {logging_mixin.py:188} INFO - [2024-08-08T23:58:25.457+0000] {dag.py:3834} INFO - Setting next_dagrun for Webscraping to None, run_after=None
[2024-08-08T23:58:25.482+0000] {processor.py:183} INFO - Processing /opt/airflow/dags/webscrape_dag.py took 0.084 seconds
[2024-08-08T23:58:55.567+0000] {processor.py:161} INFO - Started process (PID=649) to work on /opt/airflow/dags/webscrape_dag.py
[2024-08-08T23:58:55.570+0000] {processor.py:830} INFO - Processing file /opt/airflow/dags/webscrape_dag.py for tasks to queue
[2024-08-08T23:58:55.571+0000] {logging_mixin.py:188} INFO - [2024-08-08T23:58:55.571+0000] {dagbag.py:540} INFO - Filling up the DagBag from /opt/airflow/dags/webscrape_dag.py
[2024-08-08T23:58:55.581+0000] {processor.py:840} INFO - DAG(s) 'Webscraping' retrieved from /opt/airflow/dags/webscrape_dag.py
[2024-08-08T23:58:55.617+0000] {logging_mixin.py:188} INFO - [2024-08-08T23:58:55.617+0000] {dag.py:3047} INFO - Sync 1 DAGs
[2024-08-08T23:58:55.627+0000] {logging_mixin.py:188} INFO - [2024-08-08T23:58:55.626+0000] {dag.py:3834} INFO - Setting next_dagrun for Webscraping to None, run_after=None
[2024-08-08T23:58:55.647+0000] {processor.py:183} INFO - Processing /opt/airflow/dags/webscrape_dag.py took 0.082 seconds
[2024-08-08T23:59:25.767+0000] {processor.py:161} INFO - Started process (PID=656) to work on /opt/airflow/dags/webscrape_dag.py
[2024-08-08T23:59:25.768+0000] {processor.py:830} INFO - Processing file /opt/airflow/dags/webscrape_dag.py for tasks to queue
[2024-08-08T23:59:25.769+0000] {logging_mixin.py:188} INFO - [2024-08-08T23:59:25.769+0000] {dagbag.py:540} INFO - Filling up the DagBag from /opt/airflow/dags/webscrape_dag.py
[2024-08-08T23:59:25.779+0000] {processor.py:840} INFO - DAG(s) 'Webscraping' retrieved from /opt/airflow/dags/webscrape_dag.py
[2024-08-08T23:59:25.807+0000] {logging_mixin.py:188} INFO - [2024-08-08T23:59:25.807+0000] {dag.py:3047} INFO - Sync 1 DAGs
[2024-08-08T23:59:25.820+0000] {logging_mixin.py:188} INFO - [2024-08-08T23:59:25.820+0000] {dag.py:3834} INFO - Setting next_dagrun for Webscraping to None, run_after=None
[2024-08-08T23:59:25.840+0000] {processor.py:183} INFO - Processing /opt/airflow/dags/webscrape_dag.py took 0.075 seconds
[2024-08-08T23:59:55.927+0000] {processor.py:161} INFO - Started process (PID=663) to work on /opt/airflow/dags/webscrape_dag.py
[2024-08-08T23:59:55.930+0000] {processor.py:830} INFO - Processing file /opt/airflow/dags/webscrape_dag.py for tasks to queue
[2024-08-08T23:59:55.932+0000] {logging_mixin.py:188} INFO - [2024-08-08T23:59:55.932+0000] {dagbag.py:540} INFO - Filling up the DagBag from /opt/airflow/dags/webscrape_dag.py
[2024-08-08T23:59:55.943+0000] {processor.py:840} INFO - DAG(s) 'Webscraping' retrieved from /opt/airflow/dags/webscrape_dag.py
[2024-08-08T23:59:55.977+0000] {logging_mixin.py:188} INFO - [2024-08-08T23:59:55.977+0000] {dag.py:3047} INFO - Sync 1 DAGs
[2024-08-08T23:59:55.987+0000] {logging_mixin.py:188} INFO - [2024-08-08T23:59:55.987+0000] {dag.py:3834} INFO - Setting next_dagrun for Webscraping to None, run_after=None
[2024-08-08T23:59:56.008+0000] {processor.py:183} INFO - Processing /opt/airflow/dags/webscrape_dag.py took 0.084 seconds
