[2024-08-01T05:17:33.010+0000] {taskinstance.py:1979} INFO - Dependencies all met for dep_context=non-requeueable deps ti=<TaskInstance: Webscraping.Pre-Scrape_script manual__2024-07-18T01:40:54.041901+00:00 [queued]>
[2024-08-01T05:17:33.018+0000] {taskinstance.py:1979} INFO - Dependencies all met for dep_context=requeueable deps ti=<TaskInstance: Webscraping.Pre-Scrape_script manual__2024-07-18T01:40:54.041901+00:00 [queued]>
[2024-08-01T05:17:33.019+0000] {taskinstance.py:2193} INFO - Starting attempt 10 of 11
[2024-08-01T05:17:33.036+0000] {taskinstance.py:2217} INFO - Executing <Task(BashOperator): Pre-Scrape_script> on 2024-07-18 01:40:54.041901+00:00
[2024-08-01T05:17:33.039+0000] {standard_task_runner.py:60} INFO - Started process 1336 to run task
[2024-08-01T05:17:33.041+0000] {standard_task_runner.py:87} INFO - Running: ['***', 'tasks', 'run', 'Webscraping', 'Pre-Scrape_script', 'manual__2024-07-18T01:40:54.041901+00:00', '--job-id', '221', '--raw', '--subdir', 'DAGS_FOLDER/webscrape_dag.py', '--cfg-path', '/tmp/tmpnte0yq5o']
[2024-08-01T05:17:33.042+0000] {standard_task_runner.py:88} INFO - Job 221: Subtask Pre-Scrape_script
[2024-08-01T05:17:33.099+0000] {task_command.py:423} INFO - Running <TaskInstance: Webscraping.Pre-Scrape_script manual__2024-07-18T01:40:54.041901+00:00 [running]> on host 8227a508e5ed
[2024-08-01T05:17:33.181+0000] {taskinstance.py:2513} INFO - Exporting env vars: AIRFLOW_CTX_DAG_OWNER='***' AIRFLOW_CTX_DAG_ID='Webscraping' AIRFLOW_CTX_TASK_ID='Pre-Scrape_script' AIRFLOW_CTX_EXECUTION_DATE='2024-07-18T01:40:54.041901+00:00' AIRFLOW_CTX_TRY_NUMBER='10' AIRFLOW_CTX_DAG_RUN_ID='manual__2024-07-18T01:40:54.041901+00:00'
[2024-08-01T05:17:33.182+0000] {subprocess.py:63} INFO - Tmp dir root location: /tmp
[2024-08-01T05:17:33.183+0000] {subprocess.py:75} INFO - Running command: ['/usr/bin/bash', '-c', 'echo "Running pre-scrape script" && ssh -i /opt/***/dags/id_rsa_*** -o StrictHostKeyChecking=no ec2-user@3.22.55.181 "python3 /home/ec2-user/pre_scrape.py"']
[2024-08-01T05:17:33.192+0000] {subprocess.py:86} INFO - Output:
[2024-08-01T05:17:33.193+0000] {subprocess.py:93} INFO - Running pre-scrape script
[2024-08-01T05:17:33.221+0000] {subprocess.py:93} INFO - Warning: Permanently added '3.22.55.181' (ED25519) to the list of known hosts.
[2024-08-01T05:17:33.803+0000] {subprocess.py:93} INFO - running
[2024-08-01T05:17:33.804+0000] {subprocess.py:93} INFO - Staging Database Cleared
[2024-08-01T05:17:33.854+0000] {subprocess.py:97} INFO - Command exited with return code 0
[2024-08-01T05:17:33.882+0000] {taskinstance.py:1149} INFO - Marking task as SUCCESS. dag_id=Webscraping, task_id=Pre-Scrape_script, execution_date=20240718T014054, start_date=20240801T051733, end_date=20240801T051733
[2024-08-01T05:17:33.902+0000] {local_task_job_runner.py:234} INFO - Task exited with return code 0
[2024-08-01T05:17:33.929+0000] {taskinstance.py:3312} INFO - 1 downstream tasks scheduled from follow-on schedule check
